Traceback (most recent call last):
  File "/home/dhruv/RobotArm/WAMwkspc/src/gencpp/scripts/gen_cpp.py", line 41, in <module>
    import genmsg.template_tools
  File "/home/dhruv/RobotArm/WAMwkspc/src/genmsg/src/genmsg/template_tools.py", line 39, in <module>
    import em
ImportError: No module named em
make[2]: *** [/home/dhruv/RobotArm/WAMwkspc/devel/.private/std_srvs/include/std_srvs/Trigger.h] Error 1
make[2]: *** Waiting for unfinished jobs....
Traceback (most recent call last):
  File "/home/dhruv/RobotArm/WAMwkspc/src/gencpp/scripts/gen_cpp.py", line 41, in <module>
    import genmsg.template_tools
  File "/home/dhruv/RobotArm/WAMwkspc/src/genmsg/src/genmsg/template_tools.py", line 39, in <module>
    import em
ImportError: No module named em
make[2]: *** [/home/dhruv/RobotArm/WAMwkspc/devel/.private/std_srvs/include/std_srvs/Empty.h] Error 1
Traceback (most recent call last):
  File "/home/dhruv/RobotArm/WAMwkspc/src/gencpp/scripts/gen_cpp.py", line 41, in <module>
    import genmsg.template_tools
  File "/home/dhruv/RobotArm/WAMwkspc/src/genmsg/src/genmsg/template_tools.py", line 39, in <module>
    import em
ImportError: No module named em
make[2]: *** [/home/dhruv/RobotArm/WAMwkspc/devel/.private/std_srvs/include/std_srvs/SetBool.h] Error 1
make[1]: *** [CMakeFiles/std_srvs_generate_messages_cpp.dir/all] Error 2
make: *** [all] Error 2
