Symlinking /home/dhruv/gitwkspc/RobotArm/wam_dir/devel/share/common-lisp/ros/wam_msgs/msg/RTJointVel.lisp
Symlinking /home/dhruv/gitwkspc/RobotArm/wam_dir/devel/share/common-lisp/ros/wam_msgs/msg/RTOrtn.lisp
Symlinking /home/dhruv/gitwkspc/RobotArm/wam_dir/devel/share/common-lisp/ros/wam_msgs/msg/_package_RTOrtn.lisp
Symlinking /home/dhruv/gitwkspc/RobotArm/wam_dir/devel/share/common-lisp/ros/wam_msgs/msg/_package_RTJointVel.lisp
Symlinking /home/dhruv/gitwkspc/RobotArm/wam_dir/devel/share/common-lisp/ros/wam_msgs/msg/RTCartPos.lisp
Symlinking /home/dhruv/gitwkspc/RobotArm/wam_dir/devel/share/common-lisp/ros/wam_msgs/msg/RTJointPos.lisp
Symlinking /home/dhruv/gitwkspc/RobotArm/wam_dir/devel/share/common-lisp/ros/wam_msgs/msg/wam_msgs-msg.asd
Symlinking /home/dhruv/gitwkspc/RobotArm/wam_dir/devel/share/common-lisp/ros/wam_msgs/msg/RTToolInfo.lisp
Symlinking /home/dhruv/gitwkspc/RobotArm/wam_dir/devel/share/common-lisp/ros/wam_msgs/msg/_package_RTCartVel.lisp
Symlinking /home/dhruv/gitwkspc/RobotArm/wam_dir/devel/share/common-lisp/ros/wam_msgs/msg/_package_RTVelocity.lisp
Symlinking /home/dhruv/gitwkspc/RobotArm/wam_dir/devel/share/common-lisp/ros/wam_msgs/msg/RTPose.lisp
Symlinking /home/dhruv/gitwkspc/RobotArm/wam_dir/devel/share/common-lisp/ros/wam_msgs/msg/_package_RTOrtnPos.lisp
Symlinking /home/dhruv/gitwkspc/RobotArm/wam_dir/devel/share/common-lisp/ros/wam_msgs/msg/_package_RTOrtnVel.lisp
Symlinking /home/dhruv/gitwkspc/RobotArm/wam_dir/devel/share/common-lisp/ros/wam_msgs/msg/_package_RTPose.lisp
Symlinking /home/dhruv/gitwkspc/RobotArm/wam_dir/devel/share/common-lisp/ros/wam_msgs/msg/_package_MatrixMN.lisp
Symlinking /home/dhruv/gitwkspc/RobotArm/wam_dir/devel/share/common-lisp/ros/wam_msgs/msg/RTVelocity.lisp
Symlinking /home/dhruv/gitwkspc/RobotArm/wam_dir/devel/share/common-lisp/ros/wam_msgs/msg/MatrixMN.lisp
Symlinking /home/dhruv/gitwkspc/RobotArm/wam_dir/devel/share/common-lisp/ros/wam_msgs/msg/_package_RTCartPos.lisp
Symlinking /home/dhruv/gitwkspc/RobotArm/wam_dir/devel/share/common-lisp/ros/wam_msgs/msg/_package_RTJointPos.lisp
Symlinking /home/dhruv/gitwkspc/RobotArm/wam_dir/devel/share/common-lisp/ros/wam_msgs/msg/_package.lisp
Symlinking /home/dhruv/gitwkspc/RobotArm/wam_dir/devel/share/common-lisp/ros/wam_msgs/msg/RTCartVel.lisp
Symlinking /home/dhruv/gitwkspc/RobotArm/wam_dir/devel/share/common-lisp/ros/wam_msgs/msg/RTOrtnPos.lisp
Symlinking /home/dhruv/gitwkspc/RobotArm/wam_dir/devel/share/common-lisp/ros/wam_msgs/msg/RTOrtnVel.lisp
Symlinking /home/dhruv/gitwkspc/RobotArm/wam_dir/devel/share/common-lisp/ros/wam_msgs/msg/_package_RTToolInfo.lisp
Symlinking /home/dhruv/gitwkspc/RobotArm/wam_dir/devel/share/wam_msgs/cmake/wam_msgs-msg-extras.cmake
Symlinking /home/dhruv/gitwkspc/RobotArm/wam_dir/devel/share/wam_msgs/cmake/wam_msgs-msg-paths.cmake
Symlinking /home/dhruv/gitwkspc/RobotArm/wam_dir/devel/share/wam_msgs/cmake/wam_msgsConfig-version.cmake
Symlinking /home/dhruv/gitwkspc/RobotArm/wam_dir/devel/share/wam_msgs/cmake/wam_msgsConfig.cmake
Symlinking /home/dhruv/gitwkspc/RobotArm/wam_dir/devel/share/gennodejs/ros/wam_msgs/_index.js
Symlinking /home/dhruv/gitwkspc/RobotArm/wam_dir/devel/share/gennodejs/ros/wam_msgs/msg/RTCartPos.js
Symlinking /home/dhruv/gitwkspc/RobotArm/wam_dir/devel/share/gennodejs/ros/wam_msgs/msg/RTJointPos.js
Symlinking /home/dhruv/gitwkspc/RobotArm/wam_dir/devel/share/gennodejs/ros/wam_msgs/msg/RTCartVel.js
Symlinking /home/dhruv/gitwkspc/RobotArm/wam_dir/devel/share/gennodejs/ros/wam_msgs/msg/RTVelocity.js
Symlinking /home/dhruv/gitwkspc/RobotArm/wam_dir/devel/share/gennodejs/ros/wam_msgs/msg/MatrixMN.js
Symlinking /home/dhruv/gitwkspc/RobotArm/wam_dir/devel/share/gennodejs/ros/wam_msgs/msg/RTToolInfo.js
Symlinking /home/dhruv/gitwkspc/RobotArm/wam_dir/devel/share/gennodejs/ros/wam_msgs/msg/RTOrtnPos.js
Symlinking /home/dhruv/gitwkspc/RobotArm/wam_dir/devel/share/gennodejs/ros/wam_msgs/msg/RTOrtn.js
Symlinking /home/dhruv/gitwkspc/RobotArm/wam_dir/devel/share/gennodejs/ros/wam_msgs/msg/RTPose.js
Symlinking /home/dhruv/gitwkspc/RobotArm/wam_dir/devel/share/gennodejs/ros/wam_msgs/msg/RTOrtnVel.js
Symlinking /home/dhruv/gitwkspc/RobotArm/wam_dir/devel/share/gennodejs/ros/wam_msgs/msg/_index.js
Symlinking /home/dhruv/gitwkspc/RobotArm/wam_dir/devel/share/gennodejs/ros/wam_msgs/msg/RTJointVel.js
Symlinking /home/dhruv/gitwkspc/RobotArm/wam_dir/devel/share/roseus/ros/wam_msgs/manifest.l
Symlinking /home/dhruv/gitwkspc/RobotArm/wam_dir/devel/share/roseus/ros/wam_msgs/msg/RTJointVel.l
Symlinking /home/dhruv/gitwkspc/RobotArm/wam_dir/devel/share/roseus/ros/wam_msgs/msg/RTToolInfo.l
Symlinking /home/dhruv/gitwkspc/RobotArm/wam_dir/devel/share/roseus/ros/wam_msgs/msg/RTCartPos.l
Symlinking /home/dhruv/gitwkspc/RobotArm/wam_dir/devel/share/roseus/ros/wam_msgs/msg/RTPose.l
Symlinking /home/dhruv/gitwkspc/RobotArm/wam_dir/devel/share/roseus/ros/wam_msgs/msg/RTVelocity.l
Symlinking /home/dhruv/gitwkspc/RobotArm/wam_dir/devel/share/roseus/ros/wam_msgs/msg/MatrixMN.l
Symlinking /home/dhruv/gitwkspc/RobotArm/wam_dir/devel/share/roseus/ros/wam_msgs/msg/RTOrtnPos.l
Symlinking /home/dhruv/gitwkspc/RobotArm/wam_dir/devel/share/roseus/ros/wam_msgs/msg/RTOrtnVel.l
Symlinking /home/dhruv/gitwkspc/RobotArm/wam_dir/devel/share/roseus/ros/wam_msgs/msg/RTOrtn.l
Symlinking /home/dhruv/gitwkspc/RobotArm/wam_dir/devel/share/roseus/ros/wam_msgs/msg/RTCartVel.l
Symlinking /home/dhruv/gitwkspc/RobotArm/wam_dir/devel/share/roseus/ros/wam_msgs/msg/RTJointPos.l
Symlinking /home/dhruv/gitwkspc/RobotArm/wam_dir/devel/lib/pkgconfig/wam_msgs.pc
Symlinking /home/dhruv/gitwkspc/RobotArm/wam_dir/devel/lib/python2.7/dist-packages/wam_msgs/__init__.py
Symlinking /home/dhruv/gitwkspc/RobotArm/wam_dir/devel/lib/python2.7/dist-packages/wam_msgs/msg/_MatrixMN.py
Symlinking /home/dhruv/gitwkspc/RobotArm/wam_dir/devel/lib/python2.7/dist-packages/wam_msgs/msg/_RTCartPos.py
Symlinking /home/dhruv/gitwkspc/RobotArm/wam_dir/devel/lib/python2.7/dist-packages/wam_msgs/msg/_RTToolInfo.py
Symlinking /home/dhruv/gitwkspc/RobotArm/wam_dir/devel/lib/python2.7/dist-packages/wam_msgs/msg/_RTVelocity.py
Symlinking /home/dhruv/gitwkspc/RobotArm/wam_dir/devel/lib/python2.7/dist-packages/wam_msgs/msg/_RTOrtnVel.py
Symlinking /home/dhruv/gitwkspc/RobotArm/wam_dir/devel/lib/python2.7/dist-packages/wam_msgs/msg/_RTPose.py
Symlinking /home/dhruv/gitwkspc/RobotArm/wam_dir/devel/lib/python2.7/dist-packages/wam_msgs/msg/_RTOrtnPos.py
Symlinking /home/dhruv/gitwkspc/RobotArm/wam_dir/devel/lib/python2.7/dist-packages/wam_msgs/msg/_RTCartVel.py
Symlinking /home/dhruv/gitwkspc/RobotArm/wam_dir/devel/lib/python2.7/dist-packages/wam_msgs/msg/_RTJointVel.py
Symlinking /home/dhruv/gitwkspc/RobotArm/wam_dir/devel/lib/python2.7/dist-packages/wam_msgs/msg/__init__.py
Symlinking /home/dhruv/gitwkspc/RobotArm/wam_dir/devel/lib/python2.7/dist-packages/wam_msgs/msg/_RTJointPos.py
Symlinking /home/dhruv/gitwkspc/RobotArm/wam_dir/devel/lib/python2.7/dist-packages/wam_msgs/msg/_RTOrtn.py
Symlinking /home/dhruv/gitwkspc/RobotArm/wam_dir/devel/include/wam_msgs/RTJointPos.h
Symlinking /home/dhruv/gitwkspc/RobotArm/wam_dir/devel/include/wam_msgs/RTToolInfo.h
Symlinking /home/dhruv/gitwkspc/RobotArm/wam_dir/devel/include/wam_msgs/RTCartPos.h
Symlinking /home/dhruv/gitwkspc/RobotArm/wam_dir/devel/include/wam_msgs/RTVelocity.h
Symlinking /home/dhruv/gitwkspc/RobotArm/wam_dir/devel/include/wam_msgs/RTOrtnPos.h
Symlinking /home/dhruv/gitwkspc/RobotArm/wam_dir/devel/include/wam_msgs/RTCartVel.h
Symlinking /home/dhruv/gitwkspc/RobotArm/wam_dir/devel/include/wam_msgs/RTPose.h
Symlinking /home/dhruv/gitwkspc/RobotArm/wam_dir/devel/include/wam_msgs/RTOrtn.h
Symlinking /home/dhruv/gitwkspc/RobotArm/wam_dir/devel/include/wam_msgs/MatrixMN.h
Symlinking /home/dhruv/gitwkspc/RobotArm/wam_dir/devel/include/wam_msgs/RTJointVel.h
Symlinking /home/dhruv/gitwkspc/RobotArm/wam_dir/devel/include/wam_msgs/RTOrtnVel.h
