Linked: (/home/dhruv/gitwkspc/RobotArm/wam_dir/devel/.private/wam_msgs/share/common-lisp/ros/wam_msgs/msg/RTJointVel.lisp, /home/dhruv/gitwkspc/RobotArm/wam_dir/devel/share/common-lisp/ros/wam_msgs/msg/RTJointVel.lisp)
Linked: (/home/dhruv/gitwkspc/RobotArm/wam_dir/devel/.private/wam_msgs/share/common-lisp/ros/wam_msgs/msg/RTOrtn.lisp, /home/dhruv/gitwkspc/RobotArm/wam_dir/devel/share/common-lisp/ros/wam_msgs/msg/RTOrtn.lisp)
Linked: (/home/dhruv/gitwkspc/RobotArm/wam_dir/devel/.private/wam_msgs/share/common-lisp/ros/wam_msgs/msg/_package_RTOrtn.lisp, /home/dhruv/gitwkspc/RobotArm/wam_dir/devel/share/common-lisp/ros/wam_msgs/msg/_package_RTOrtn.lisp)
Linked: (/home/dhruv/gitwkspc/RobotArm/wam_dir/devel/.private/wam_msgs/share/common-lisp/ros/wam_msgs/msg/_package_RTJointVel.lisp, /home/dhruv/gitwkspc/RobotArm/wam_dir/devel/share/common-lisp/ros/wam_msgs/msg/_package_RTJointVel.lisp)
Linked: (/home/dhruv/gitwkspc/RobotArm/wam_dir/devel/.private/wam_msgs/share/common-lisp/ros/wam_msgs/msg/RTCartPos.lisp, /home/dhruv/gitwkspc/RobotArm/wam_dir/devel/share/common-lisp/ros/wam_msgs/msg/RTCartPos.lisp)
Linked: (/home/dhruv/gitwkspc/RobotArm/wam_dir/devel/.private/wam_msgs/share/common-lisp/ros/wam_msgs/msg/RTJointPos.lisp, /home/dhruv/gitwkspc/RobotArm/wam_dir/devel/share/common-lisp/ros/wam_msgs/msg/RTJointPos.lisp)
Linked: (/home/dhruv/gitwkspc/RobotArm/wam_dir/devel/.private/wam_msgs/share/common-lisp/ros/wam_msgs/msg/wam_msgs-msg.asd, /home/dhruv/gitwkspc/RobotArm/wam_dir/devel/share/common-lisp/ros/wam_msgs/msg/wam_msgs-msg.asd)
Linked: (/home/dhruv/gitwkspc/RobotArm/wam_dir/devel/.private/wam_msgs/share/common-lisp/ros/wam_msgs/msg/RTToolInfo.lisp, /home/dhruv/gitwkspc/RobotArm/wam_dir/devel/share/common-lisp/ros/wam_msgs/msg/RTToolInfo.lisp)
Linked: (/home/dhruv/gitwkspc/RobotArm/wam_dir/devel/.private/wam_msgs/share/common-lisp/ros/wam_msgs/msg/_package_RTCartVel.lisp, /home/dhruv/gitwkspc/RobotArm/wam_dir/devel/share/common-lisp/ros/wam_msgs/msg/_package_RTCartVel.lisp)
Linked: (/home/dhruv/gitwkspc/RobotArm/wam_dir/devel/.private/wam_msgs/share/common-lisp/ros/wam_msgs/msg/_package_RTVelocity.lisp, /home/dhruv/gitwkspc/RobotArm/wam_dir/devel/share/common-lisp/ros/wam_msgs/msg/_package_RTVelocity.lisp)
Linked: (/home/dhruv/gitwkspc/RobotArm/wam_dir/devel/.private/wam_msgs/share/common-lisp/ros/wam_msgs/msg/RTPose.lisp, /home/dhruv/gitwkspc/RobotArm/wam_dir/devel/share/common-lisp/ros/wam_msgs/msg/RTPose.lisp)
Linked: (/home/dhruv/gitwkspc/RobotArm/wam_dir/devel/.private/wam_msgs/share/common-lisp/ros/wam_msgs/msg/_package_RTOrtnPos.lisp, /home/dhruv/gitwkspc/RobotArm/wam_dir/devel/share/common-lisp/ros/wam_msgs/msg/_package_RTOrtnPos.lisp)
Linked: (/home/dhruv/gitwkspc/RobotArm/wam_dir/devel/.private/wam_msgs/share/common-lisp/ros/wam_msgs/msg/_package_RTOrtnVel.lisp, /home/dhruv/gitwkspc/RobotArm/wam_dir/devel/share/common-lisp/ros/wam_msgs/msg/_package_RTOrtnVel.lisp)
Linked: (/home/dhruv/gitwkspc/RobotArm/wam_dir/devel/.private/wam_msgs/share/common-lisp/ros/wam_msgs/msg/_package_RTPose.lisp, /home/dhruv/gitwkspc/RobotArm/wam_dir/devel/share/common-lisp/ros/wam_msgs/msg/_package_RTPose.lisp)
Linked: (/home/dhruv/gitwkspc/RobotArm/wam_dir/devel/.private/wam_msgs/share/common-lisp/ros/wam_msgs/msg/_package_MatrixMN.lisp, /home/dhruv/gitwkspc/RobotArm/wam_dir/devel/share/common-lisp/ros/wam_msgs/msg/_package_MatrixMN.lisp)
Linked: (/home/dhruv/gitwkspc/RobotArm/wam_dir/devel/.private/wam_msgs/share/common-lisp/ros/wam_msgs/msg/RTVelocity.lisp, /home/dhruv/gitwkspc/RobotArm/wam_dir/devel/share/common-lisp/ros/wam_msgs/msg/RTVelocity.lisp)
Linked: (/home/dhruv/gitwkspc/RobotArm/wam_dir/devel/.private/wam_msgs/share/common-lisp/ros/wam_msgs/msg/MatrixMN.lisp, /home/dhruv/gitwkspc/RobotArm/wam_dir/devel/share/common-lisp/ros/wam_msgs/msg/MatrixMN.lisp)
Linked: (/home/dhruv/gitwkspc/RobotArm/wam_dir/devel/.private/wam_msgs/share/common-lisp/ros/wam_msgs/msg/_package_RTCartPos.lisp, /home/dhruv/gitwkspc/RobotArm/wam_dir/devel/share/common-lisp/ros/wam_msgs/msg/_package_RTCartPos.lisp)
Linked: (/home/dhruv/gitwkspc/RobotArm/wam_dir/devel/.private/wam_msgs/share/common-lisp/ros/wam_msgs/msg/_package_RTJointPos.lisp, /home/dhruv/gitwkspc/RobotArm/wam_dir/devel/share/common-lisp/ros/wam_msgs/msg/_package_RTJointPos.lisp)
Linked: (/home/dhruv/gitwkspc/RobotArm/wam_dir/devel/.private/wam_msgs/share/common-lisp/ros/wam_msgs/msg/_package.lisp, /home/dhruv/gitwkspc/RobotArm/wam_dir/devel/share/common-lisp/ros/wam_msgs/msg/_package.lisp)
Linked: (/home/dhruv/gitwkspc/RobotArm/wam_dir/devel/.private/wam_msgs/share/common-lisp/ros/wam_msgs/msg/RTCartVel.lisp, /home/dhruv/gitwkspc/RobotArm/wam_dir/devel/share/common-lisp/ros/wam_msgs/msg/RTCartVel.lisp)
Linked: (/home/dhruv/gitwkspc/RobotArm/wam_dir/devel/.private/wam_msgs/share/common-lisp/ros/wam_msgs/msg/RTOrtnPos.lisp, /home/dhruv/gitwkspc/RobotArm/wam_dir/devel/share/common-lisp/ros/wam_msgs/msg/RTOrtnPos.lisp)
Linked: (/home/dhruv/gitwkspc/RobotArm/wam_dir/devel/.private/wam_msgs/share/common-lisp/ros/wam_msgs/msg/RTOrtnVel.lisp, /home/dhruv/gitwkspc/RobotArm/wam_dir/devel/share/common-lisp/ros/wam_msgs/msg/RTOrtnVel.lisp)
Linked: (/home/dhruv/gitwkspc/RobotArm/wam_dir/devel/.private/wam_msgs/share/common-lisp/ros/wam_msgs/msg/_package_RTToolInfo.lisp, /home/dhruv/gitwkspc/RobotArm/wam_dir/devel/share/common-lisp/ros/wam_msgs/msg/_package_RTToolInfo.lisp)
Linked: (/home/dhruv/gitwkspc/RobotArm/wam_dir/devel/.private/wam_msgs/share/wam_msgs/cmake/wam_msgs-msg-extras.cmake, /home/dhruv/gitwkspc/RobotArm/wam_dir/devel/share/wam_msgs/cmake/wam_msgs-msg-extras.cmake)
Linked: (/home/dhruv/gitwkspc/RobotArm/wam_dir/devel/.private/wam_msgs/share/wam_msgs/cmake/wam_msgs-msg-paths.cmake, /home/dhruv/gitwkspc/RobotArm/wam_dir/devel/share/wam_msgs/cmake/wam_msgs-msg-paths.cmake)
Linked: (/home/dhruv/gitwkspc/RobotArm/wam_dir/devel/.private/wam_msgs/share/wam_msgs/cmake/wam_msgsConfig-version.cmake, /home/dhruv/gitwkspc/RobotArm/wam_dir/devel/share/wam_msgs/cmake/wam_msgsConfig-version.cmake)
Linked: (/home/dhruv/gitwkspc/RobotArm/wam_dir/devel/.private/wam_msgs/share/wam_msgs/cmake/wam_msgsConfig.cmake, /home/dhruv/gitwkspc/RobotArm/wam_dir/devel/share/wam_msgs/cmake/wam_msgsConfig.cmake)
Linked: (/home/dhruv/gitwkspc/RobotArm/wam_dir/devel/.private/wam_msgs/share/gennodejs/ros/wam_msgs/_index.js, /home/dhruv/gitwkspc/RobotArm/wam_dir/devel/share/gennodejs/ros/wam_msgs/_index.js)
Linked: (/home/dhruv/gitwkspc/RobotArm/wam_dir/devel/.private/wam_msgs/share/gennodejs/ros/wam_msgs/msg/RTCartPos.js, /home/dhruv/gitwkspc/RobotArm/wam_dir/devel/share/gennodejs/ros/wam_msgs/msg/RTCartPos.js)
Linked: (/home/dhruv/gitwkspc/RobotArm/wam_dir/devel/.private/wam_msgs/share/gennodejs/ros/wam_msgs/msg/RTJointPos.js, /home/dhruv/gitwkspc/RobotArm/wam_dir/devel/share/gennodejs/ros/wam_msgs/msg/RTJointPos.js)
Linked: (/home/dhruv/gitwkspc/RobotArm/wam_dir/devel/.private/wam_msgs/share/gennodejs/ros/wam_msgs/msg/RTCartVel.js, /home/dhruv/gitwkspc/RobotArm/wam_dir/devel/share/gennodejs/ros/wam_msgs/msg/RTCartVel.js)
Linked: (/home/dhruv/gitwkspc/RobotArm/wam_dir/devel/.private/wam_msgs/share/gennodejs/ros/wam_msgs/msg/RTVelocity.js, /home/dhruv/gitwkspc/RobotArm/wam_dir/devel/share/gennodejs/ros/wam_msgs/msg/RTVelocity.js)
Linked: (/home/dhruv/gitwkspc/RobotArm/wam_dir/devel/.private/wam_msgs/share/gennodejs/ros/wam_msgs/msg/MatrixMN.js, /home/dhruv/gitwkspc/RobotArm/wam_dir/devel/share/gennodejs/ros/wam_msgs/msg/MatrixMN.js)
Linked: (/home/dhruv/gitwkspc/RobotArm/wam_dir/devel/.private/wam_msgs/share/gennodejs/ros/wam_msgs/msg/RTToolInfo.js, /home/dhruv/gitwkspc/RobotArm/wam_dir/devel/share/gennodejs/ros/wam_msgs/msg/RTToolInfo.js)
Linked: (/home/dhruv/gitwkspc/RobotArm/wam_dir/devel/.private/wam_msgs/share/gennodejs/ros/wam_msgs/msg/RTOrtnPos.js, /home/dhruv/gitwkspc/RobotArm/wam_dir/devel/share/gennodejs/ros/wam_msgs/msg/RTOrtnPos.js)
Linked: (/home/dhruv/gitwkspc/RobotArm/wam_dir/devel/.private/wam_msgs/share/gennodejs/ros/wam_msgs/msg/RTOrtn.js, /home/dhruv/gitwkspc/RobotArm/wam_dir/devel/share/gennodejs/ros/wam_msgs/msg/RTOrtn.js)
Linked: (/home/dhruv/gitwkspc/RobotArm/wam_dir/devel/.private/wam_msgs/share/gennodejs/ros/wam_msgs/msg/RTPose.js, /home/dhruv/gitwkspc/RobotArm/wam_dir/devel/share/gennodejs/ros/wam_msgs/msg/RTPose.js)
Linked: (/home/dhruv/gitwkspc/RobotArm/wam_dir/devel/.private/wam_msgs/share/gennodejs/ros/wam_msgs/msg/RTOrtnVel.js, /home/dhruv/gitwkspc/RobotArm/wam_dir/devel/share/gennodejs/ros/wam_msgs/msg/RTOrtnVel.js)
Linked: (/home/dhruv/gitwkspc/RobotArm/wam_dir/devel/.private/wam_msgs/share/gennodejs/ros/wam_msgs/msg/_index.js, /home/dhruv/gitwkspc/RobotArm/wam_dir/devel/share/gennodejs/ros/wam_msgs/msg/_index.js)
Linked: (/home/dhruv/gitwkspc/RobotArm/wam_dir/devel/.private/wam_msgs/share/gennodejs/ros/wam_msgs/msg/RTJointVel.js, /home/dhruv/gitwkspc/RobotArm/wam_dir/devel/share/gennodejs/ros/wam_msgs/msg/RTJointVel.js)
Linked: (/home/dhruv/gitwkspc/RobotArm/wam_dir/devel/.private/wam_msgs/share/roseus/ros/wam_msgs/manifest.l, /home/dhruv/gitwkspc/RobotArm/wam_dir/devel/share/roseus/ros/wam_msgs/manifest.l)
Linked: (/home/dhruv/gitwkspc/RobotArm/wam_dir/devel/.private/wam_msgs/share/roseus/ros/wam_msgs/msg/RTJointVel.l, /home/dhruv/gitwkspc/RobotArm/wam_dir/devel/share/roseus/ros/wam_msgs/msg/RTJointVel.l)
Linked: (/home/dhruv/gitwkspc/RobotArm/wam_dir/devel/.private/wam_msgs/share/roseus/ros/wam_msgs/msg/RTToolInfo.l, /home/dhruv/gitwkspc/RobotArm/wam_dir/devel/share/roseus/ros/wam_msgs/msg/RTToolInfo.l)
Linked: (/home/dhruv/gitwkspc/RobotArm/wam_dir/devel/.private/wam_msgs/share/roseus/ros/wam_msgs/msg/RTCartPos.l, /home/dhruv/gitwkspc/RobotArm/wam_dir/devel/share/roseus/ros/wam_msgs/msg/RTCartPos.l)
Linked: (/home/dhruv/gitwkspc/RobotArm/wam_dir/devel/.private/wam_msgs/share/roseus/ros/wam_msgs/msg/RTPose.l, /home/dhruv/gitwkspc/RobotArm/wam_dir/devel/share/roseus/ros/wam_msgs/msg/RTPose.l)
Linked: (/home/dhruv/gitwkspc/RobotArm/wam_dir/devel/.private/wam_msgs/share/roseus/ros/wam_msgs/msg/RTVelocity.l, /home/dhruv/gitwkspc/RobotArm/wam_dir/devel/share/roseus/ros/wam_msgs/msg/RTVelocity.l)
Linked: (/home/dhruv/gitwkspc/RobotArm/wam_dir/devel/.private/wam_msgs/share/roseus/ros/wam_msgs/msg/MatrixMN.l, /home/dhruv/gitwkspc/RobotArm/wam_dir/devel/share/roseus/ros/wam_msgs/msg/MatrixMN.l)
Linked: (/home/dhruv/gitwkspc/RobotArm/wam_dir/devel/.private/wam_msgs/share/roseus/ros/wam_msgs/msg/RTOrtnPos.l, /home/dhruv/gitwkspc/RobotArm/wam_dir/devel/share/roseus/ros/wam_msgs/msg/RTOrtnPos.l)
Linked: (/home/dhruv/gitwkspc/RobotArm/wam_dir/devel/.private/wam_msgs/share/roseus/ros/wam_msgs/msg/RTOrtnVel.l, /home/dhruv/gitwkspc/RobotArm/wam_dir/devel/share/roseus/ros/wam_msgs/msg/RTOrtnVel.l)
Linked: (/home/dhruv/gitwkspc/RobotArm/wam_dir/devel/.private/wam_msgs/share/roseus/ros/wam_msgs/msg/RTOrtn.l, /home/dhruv/gitwkspc/RobotArm/wam_dir/devel/share/roseus/ros/wam_msgs/msg/RTOrtn.l)
Linked: (/home/dhruv/gitwkspc/RobotArm/wam_dir/devel/.private/wam_msgs/share/roseus/ros/wam_msgs/msg/RTCartVel.l, /home/dhruv/gitwkspc/RobotArm/wam_dir/devel/share/roseus/ros/wam_msgs/msg/RTCartVel.l)
Linked: (/home/dhruv/gitwkspc/RobotArm/wam_dir/devel/.private/wam_msgs/share/roseus/ros/wam_msgs/msg/RTJointPos.l, /home/dhruv/gitwkspc/RobotArm/wam_dir/devel/share/roseus/ros/wam_msgs/msg/RTJointPos.l)
Linked: (/home/dhruv/gitwkspc/RobotArm/wam_dir/devel/.private/wam_msgs/lib/pkgconfig/wam_msgs.pc, /home/dhruv/gitwkspc/RobotArm/wam_dir/devel/lib/pkgconfig/wam_msgs.pc)
Linked: (/home/dhruv/gitwkspc/RobotArm/wam_dir/devel/.private/wam_msgs/lib/python2.7/dist-packages/wam_msgs/__init__.py, /home/dhruv/gitwkspc/RobotArm/wam_dir/devel/lib/python2.7/dist-packages/wam_msgs/__init__.py)
Linked: (/home/dhruv/gitwkspc/RobotArm/wam_dir/devel/.private/wam_msgs/lib/python2.7/dist-packages/wam_msgs/msg/_MatrixMN.py, /home/dhruv/gitwkspc/RobotArm/wam_dir/devel/lib/python2.7/dist-packages/wam_msgs/msg/_MatrixMN.py)
Linked: (/home/dhruv/gitwkspc/RobotArm/wam_dir/devel/.private/wam_msgs/lib/python2.7/dist-packages/wam_msgs/msg/_RTCartPos.py, /home/dhruv/gitwkspc/RobotArm/wam_dir/devel/lib/python2.7/dist-packages/wam_msgs/msg/_RTCartPos.py)
Linked: (/home/dhruv/gitwkspc/RobotArm/wam_dir/devel/.private/wam_msgs/lib/python2.7/dist-packages/wam_msgs/msg/_RTToolInfo.py, /home/dhruv/gitwkspc/RobotArm/wam_dir/devel/lib/python2.7/dist-packages/wam_msgs/msg/_RTToolInfo.py)
Linked: (/home/dhruv/gitwkspc/RobotArm/wam_dir/devel/.private/wam_msgs/lib/python2.7/dist-packages/wam_msgs/msg/_RTVelocity.py, /home/dhruv/gitwkspc/RobotArm/wam_dir/devel/lib/python2.7/dist-packages/wam_msgs/msg/_RTVelocity.py)
Linked: (/home/dhruv/gitwkspc/RobotArm/wam_dir/devel/.private/wam_msgs/lib/python2.7/dist-packages/wam_msgs/msg/_RTOrtnVel.py, /home/dhruv/gitwkspc/RobotArm/wam_dir/devel/lib/python2.7/dist-packages/wam_msgs/msg/_RTOrtnVel.py)
Linked: (/home/dhruv/gitwkspc/RobotArm/wam_dir/devel/.private/wam_msgs/lib/python2.7/dist-packages/wam_msgs/msg/_RTPose.py, /home/dhruv/gitwkspc/RobotArm/wam_dir/devel/lib/python2.7/dist-packages/wam_msgs/msg/_RTPose.py)
Linked: (/home/dhruv/gitwkspc/RobotArm/wam_dir/devel/.private/wam_msgs/lib/python2.7/dist-packages/wam_msgs/msg/_RTOrtnPos.py, /home/dhruv/gitwkspc/RobotArm/wam_dir/devel/lib/python2.7/dist-packages/wam_msgs/msg/_RTOrtnPos.py)
Linked: (/home/dhruv/gitwkspc/RobotArm/wam_dir/devel/.private/wam_msgs/lib/python2.7/dist-packages/wam_msgs/msg/_RTCartVel.py, /home/dhruv/gitwkspc/RobotArm/wam_dir/devel/lib/python2.7/dist-packages/wam_msgs/msg/_RTCartVel.py)
Linked: (/home/dhruv/gitwkspc/RobotArm/wam_dir/devel/.private/wam_msgs/lib/python2.7/dist-packages/wam_msgs/msg/_RTJointVel.py, /home/dhruv/gitwkspc/RobotArm/wam_dir/devel/lib/python2.7/dist-packages/wam_msgs/msg/_RTJointVel.py)
Linked: (/home/dhruv/gitwkspc/RobotArm/wam_dir/devel/.private/wam_msgs/lib/python2.7/dist-packages/wam_msgs/msg/__init__.py, /home/dhruv/gitwkspc/RobotArm/wam_dir/devel/lib/python2.7/dist-packages/wam_msgs/msg/__init__.py)
Linked: (/home/dhruv/gitwkspc/RobotArm/wam_dir/devel/.private/wam_msgs/lib/python2.7/dist-packages/wam_msgs/msg/_RTJointPos.py, /home/dhruv/gitwkspc/RobotArm/wam_dir/devel/lib/python2.7/dist-packages/wam_msgs/msg/_RTJointPos.py)
Linked: (/home/dhruv/gitwkspc/RobotArm/wam_dir/devel/.private/wam_msgs/lib/python2.7/dist-packages/wam_msgs/msg/_RTOrtn.py, /home/dhruv/gitwkspc/RobotArm/wam_dir/devel/lib/python2.7/dist-packages/wam_msgs/msg/_RTOrtn.py)
Linked: (/home/dhruv/gitwkspc/RobotArm/wam_dir/devel/.private/wam_msgs/include/wam_msgs/RTJointPos.h, /home/dhruv/gitwkspc/RobotArm/wam_dir/devel/include/wam_msgs/RTJointPos.h)
Linked: (/home/dhruv/gitwkspc/RobotArm/wam_dir/devel/.private/wam_msgs/include/wam_msgs/RTToolInfo.h, /home/dhruv/gitwkspc/RobotArm/wam_dir/devel/include/wam_msgs/RTToolInfo.h)
Linked: (/home/dhruv/gitwkspc/RobotArm/wam_dir/devel/.private/wam_msgs/include/wam_msgs/RTCartPos.h, /home/dhruv/gitwkspc/RobotArm/wam_dir/devel/include/wam_msgs/RTCartPos.h)
Linked: (/home/dhruv/gitwkspc/RobotArm/wam_dir/devel/.private/wam_msgs/include/wam_msgs/RTVelocity.h, /home/dhruv/gitwkspc/RobotArm/wam_dir/devel/include/wam_msgs/RTVelocity.h)
Linked: (/home/dhruv/gitwkspc/RobotArm/wam_dir/devel/.private/wam_msgs/include/wam_msgs/RTOrtnPos.h, /home/dhruv/gitwkspc/RobotArm/wam_dir/devel/include/wam_msgs/RTOrtnPos.h)
Linked: (/home/dhruv/gitwkspc/RobotArm/wam_dir/devel/.private/wam_msgs/include/wam_msgs/RTCartVel.h, /home/dhruv/gitwkspc/RobotArm/wam_dir/devel/include/wam_msgs/RTCartVel.h)
Linked: (/home/dhruv/gitwkspc/RobotArm/wam_dir/devel/.private/wam_msgs/include/wam_msgs/RTPose.h, /home/dhruv/gitwkspc/RobotArm/wam_dir/devel/include/wam_msgs/RTPose.h)
Linked: (/home/dhruv/gitwkspc/RobotArm/wam_dir/devel/.private/wam_msgs/include/wam_msgs/RTOrtn.h, /home/dhruv/gitwkspc/RobotArm/wam_dir/devel/include/wam_msgs/RTOrtn.h)
Linked: (/home/dhruv/gitwkspc/RobotArm/wam_dir/devel/.private/wam_msgs/include/wam_msgs/MatrixMN.h, /home/dhruv/gitwkspc/RobotArm/wam_dir/devel/include/wam_msgs/MatrixMN.h)
Linked: (/home/dhruv/gitwkspc/RobotArm/wam_dir/devel/.private/wam_msgs/include/wam_msgs/RTJointVel.h, /home/dhruv/gitwkspc/RobotArm/wam_dir/devel/include/wam_msgs/RTJointVel.h)
Linked: (/home/dhruv/gitwkspc/RobotArm/wam_dir/devel/.private/wam_msgs/include/wam_msgs/RTOrtnVel.h, /home/dhruv/gitwkspc/RobotArm/wam_dir/devel/include/wam_msgs/RTOrtnVel.h)
