[35m[1mScanning dependencies of target _wam_msgs_generate_messages_check_deps_RTOrtn[0m
[35m[1mScanning dependencies of target _wam_msgs_generate_messages_check_deps_RTPose[0m
[35m[1mScanning dependencies of target _wam_msgs_generate_messages_check_deps_MatrixMN[0m
[  0%] Built target _wam_msgs_generate_messages_check_deps_RTOrtn
[  0%] Built target _wam_msgs_generate_messages_check_deps_MatrixMN
[35m[1mScanning dependencies of target _wam_msgs_generate_messages_check_deps_RTOrtnPos[0m
[  0%] Built target _wam_msgs_generate_messages_check_deps_RTPose
[35m[1mScanning dependencies of target _wam_msgs_generate_messages_check_deps_RTCartVel[0m
[35m[1mScanning dependencies of target _wam_msgs_generate_messages_check_deps_RTToolInfo[0m
[  0%] Built target _wam_msgs_generate_messages_check_deps_RTOrtnPos
[  0%] Built target _wam_msgs_generate_messages_check_deps_RTCartVel
[  0%] Built target _wam_msgs_generate_messages_check_deps_RTToolInfo
[35m[1mScanning dependencies of target _wam_msgs_generate_messages_check_deps_RTCartPos[0m
[35m[1mScanning dependencies of target _wam_msgs_generate_messages_check_deps_RTJointPos[0m
[35m[1mScanning dependencies of target _wam_msgs_generate_messages_check_deps_RTOrtnVel[0m
[  0%] Built target _wam_msgs_generate_messages_check_deps_RTCartPos
[  0%] Built target _wam_msgs_generate_messages_check_deps_RTOrtnVel
[  0%] Built target _wam_msgs_generate_messages_check_deps_RTJointPos
[35m[1mScanning dependencies of target _wam_msgs_generate_messages_check_deps_RTJointVel[0m
[35m[1mScanning dependencies of target _wam_msgs_generate_messages_check_deps_RTVelocity[0m
[  0%] Built target _wam_msgs_generate_messages_check_deps_RTJointVel
[  0%] Built target _wam_msgs_generate_messages_check_deps_RTVelocity
[35m[1mScanning dependencies of target wam_msgs_generate_messages_cpp[0m
[35m[1mScanning dependencies of target wam_msgs_generate_messages_py[0m
[35m[1mScanning dependencies of target wam_msgs_generate_messages_nodejs[0m
[  1%] [34m[1mGenerating Javascript code from wam_msgs/RTCartVel.msg[0m
[  3%] [34m[1mGenerating C++ code from wam_msgs/RTCartVel.msg[0m
[  5%] [34m[1mGenerating Python from MSG wam_msgs/RTCartVel[0m
[  7%] [34m[1mGenerating Javascript code from wam_msgs/RTToolInfo.msg[0m
[  8%] [34m[1mGenerating Javascript code from wam_msgs/RTCartPos.msg[0m
[ 10%] [34m[1mGenerating Python from MSG wam_msgs/RTToolInfo[0m
[ 12%] [34m[1mGenerating Javascript code from wam_msgs/RTJointPos.msg[0m
[ 14%] [34m[1mGenerating C++ code from wam_msgs/RTToolInfo.msg[0m
[ 15%] [34m[1mGenerating Javascript code from wam_msgs/RTOrtnVel.msg[0m
[ 17%] [34m[1mGenerating Python from MSG wam_msgs/RTCartPos[0m
[ 19%] [34m[1mGenerating Javascript code from wam_msgs/RTJointVel.msg[0m
[ 21%] [34m[1mGenerating Javascript code from wam_msgs/RTOrtnPos.msg[0m
[ 22%] [34m[1mGenerating C++ code from wam_msgs/RTCartPos.msg[0m
[ 24%] [34m[1mGenerating Javascript code from wam_msgs/RTVelocity.msg[0m
[ 26%] [34m[1mGenerating Python from MSG wam_msgs/RTJointPos[0m
[ 28%] [34m[1mGenerating Javascript code from wam_msgs/MatrixMN.msg[0m
[ 29%] [34m[1mGenerating Javascript code from wam_msgs/RTOrtn.msg[0m
[ 31%] [34m[1mGenerating Python from MSG wam_msgs/RTOrtnVel[0m
[ 33%] [34m[1mGenerating C++ code from wam_msgs/RTJointPos.msg[0m
[ 35%] [34m[1mGenerating Javascript code from wam_msgs/RTPose.msg[0m
[ 35%] Built target wam_msgs_generate_messages_nodejs
[35m[1mScanning dependencies of target wam_msgs_generate_messages_lisp[0m
[ 36%] [34m[1mGenerating Python from MSG wam_msgs/RTJointVel[0m
[ 38%] [34m[1mGenerating Lisp code from wam_msgs/RTCartVel.msg[0m
[ 40%] [34m[1mGenerating Lisp code from wam_msgs/RTToolInfo.msg[0m
[ 42%] [34m[1mGenerating C++ code from wam_msgs/RTOrtnVel.msg[0m
[ 43%] [34m[1mGenerating Lisp code from wam_msgs/RTCartPos.msg[0m
[ 45%] [34m[1mGenerating Python from MSG wam_msgs/RTOrtnPos[0m
[ 47%] [34m[1mGenerating Lisp code from wam_msgs/RTJointPos.msg[0m
[ 49%] [34m[1mGenerating Lisp code from wam_msgs/RTOrtnVel.msg[0m
[ 50%] [34m[1mGenerating C++ code from wam_msgs/RTJointVel.msg[0m
[ 52%] [34m[1mGenerating Python from MSG wam_msgs/RTVelocity[0m
[ 54%] [34m[1mGenerating Lisp code from wam_msgs/RTJointVel.msg[0m
[ 56%] [34m[1mGenerating Lisp code from wam_msgs/RTOrtnPos.msg[0m
[ 57%] [34m[1mGenerating Lisp code from wam_msgs/RTVelocity.msg[0m
[ 59%] [34m[1mGenerating Python from MSG wam_msgs/MatrixMN[0m
[ 61%] [34m[1mGenerating C++ code from wam_msgs/RTOrtnPos.msg[0m
[ 63%] [34m[1mGenerating Lisp code from wam_msgs/MatrixMN.msg[0m
[ 64%] [34m[1mGenerating Lisp code from wam_msgs/RTOrtn.msg[0m
[ 66%] [34m[1mGenerating Python from MSG wam_msgs/RTOrtn[0m
[ 68%] [34m[1mGenerating Lisp code from wam_msgs/RTPose.msg[0m
[ 68%] Built target wam_msgs_generate_messages_lisp
[35m[1mScanning dependencies of target wam_msgs_generate_messages_eus[0m
[ 70%] [34m[1mGenerating C++ code from wam_msgs/RTVelocity.msg[0m
[ 71%] [34m[1mGenerating EusLisp code from wam_msgs/RTCartVel.msg[0m
[ 73%] [34m[1mGenerating Python from MSG wam_msgs/RTPose[0m
[ 75%] [34m[1mGenerating EusLisp code from wam_msgs/RTToolInfo.msg[0m
[ 77%] [34m[1mGenerating Python msg __init__.py for wam_msgs[0m
[ 78%] [34m[1mGenerating EusLisp code from wam_msgs/RTCartPos.msg[0m
[ 80%] [34m[1mGenerating C++ code from wam_msgs/MatrixMN.msg[0m
[ 82%] [34m[1mGenerating EusLisp code from wam_msgs/RTJointPos.msg[0m
[ 82%] Built target wam_msgs_generate_messages_py
[ 84%] [34m[1mGenerating EusLisp code from wam_msgs/RTOrtnVel.msg[0m
[ 85%] [34m[1mGenerating C++ code from wam_msgs/RTOrtn.msg[0m
[ 87%] [34m[1mGenerating EusLisp code from wam_msgs/RTJointVel.msg[0m
[ 89%] [34m[1mGenerating C++ code from wam_msgs/RTPose.msg[0m
[ 91%] [34m[1mGenerating EusLisp code from wam_msgs/RTOrtnPos.msg[0m
[ 92%] [34m[1mGenerating EusLisp code from wam_msgs/RTVelocity.msg[0m
[ 94%] [34m[1mGenerating EusLisp code from wam_msgs/MatrixMN.msg[0m
[ 94%] Built target wam_msgs_generate_messages_cpp
[ 96%] [34m[1mGenerating EusLisp code from wam_msgs/RTOrtn.msg[0m
[ 98%] [34m[1mGenerating EusLisp code from wam_msgs/RTPose.msg[0m
[100%] [34m[1mGenerating EusLisp manifest code for wam_msgs[0m
[100%] Built target wam_msgs_generate_messages_eus
[35m[1mScanning dependencies of target wam_msgs_generate_messages[0m
[100%] Built target wam_msgs_generate_messages
