Linked: (/home/dhruv/gitwkspc/RobotArm/wam_dir/devel/.private/wam_srvs/share/wam_srvs/cmake/wam_srvs-msg-paths.cmake, /home/dhruv/gitwkspc/RobotArm/wam_dir/devel/share/wam_srvs/cmake/wam_srvs-msg-paths.cmake)
Linked: (/home/dhruv/gitwkspc/RobotArm/wam_dir/devel/.private/wam_srvs/share/wam_srvs/cmake/wam_srvs-msg-extras.cmake, /home/dhruv/gitwkspc/RobotArm/wam_dir/devel/share/wam_srvs/cmake/wam_srvs-msg-extras.cmake)
Linked: (/home/dhruv/gitwkspc/RobotArm/wam_dir/devel/.private/wam_srvs/share/wam_srvs/cmake/wam_srvsConfig.cmake, /home/dhruv/gitwkspc/RobotArm/wam_dir/devel/share/wam_srvs/cmake/wam_srvsConfig.cmake)
Linked: (/home/dhruv/gitwkspc/RobotArm/wam_dir/devel/.private/wam_srvs/share/wam_srvs/cmake/wam_srvsConfig-version.cmake, /home/dhruv/gitwkspc/RobotArm/wam_dir/devel/share/wam_srvs/cmake/wam_srvsConfig-version.cmake)
Linked: (/home/dhruv/gitwkspc/RobotArm/wam_dir/devel/.private/wam_srvs/share/common-lisp/ros/wam_srvs/srv/_package_ForceTorque.lisp, /home/dhruv/gitwkspc/RobotArm/wam_dir/devel/share/common-lisp/ros/wam_srvs/srv/_package_ForceTorque.lisp)
Linked: (/home/dhruv/gitwkspc/RobotArm/wam_dir/devel/.private/wam_srvs/share/common-lisp/ros/wam_srvs/srv/HoldGains.lisp, /home/dhruv/gitwkspc/RobotArm/wam_dir/devel/share/common-lisp/ros/wam_srvs/srv/HoldGains.lisp)
Linked: (/home/dhruv/gitwkspc/RobotArm/wam_dir/devel/.private/wam_srvs/share/common-lisp/ros/wam_srvs/srv/_package_OrtnMove.lisp, /home/dhruv/gitwkspc/RobotArm/wam_dir/devel/share/common-lisp/ros/wam_srvs/srv/_package_OrtnMove.lisp)
Linked: (/home/dhruv/gitwkspc/RobotArm/wam_dir/devel/.private/wam_srvs/share/common-lisp/ros/wam_srvs/srv/_package_Play.lisp, /home/dhruv/gitwkspc/RobotArm/wam_dir/devel/share/common-lisp/ros/wam_srvs/srv/_package_Play.lisp)
Linked: (/home/dhruv/gitwkspc/RobotArm/wam_dir/devel/.private/wam_srvs/share/common-lisp/ros/wam_srvs/srv/Link.lisp, /home/dhruv/gitwkspc/RobotArm/wam_dir/devel/share/common-lisp/ros/wam_srvs/srv/Link.lisp)
Linked: (/home/dhruv/gitwkspc/RobotArm/wam_dir/devel/.private/wam_srvs/share/common-lisp/ros/wam_srvs/srv/_package_JointMove.lisp, /home/dhruv/gitwkspc/RobotArm/wam_dir/devel/share/common-lisp/ros/wam_srvs/srv/_package_JointMove.lisp)
Linked: (/home/dhruv/gitwkspc/RobotArm/wam_dir/devel/.private/wam_srvs/share/common-lisp/ros/wam_srvs/srv/_package_BHandFingerVel.lisp, /home/dhruv/gitwkspc/RobotArm/wam_dir/devel/share/common-lisp/ros/wam_srvs/srv/_package_BHandFingerVel.lisp)
Linked: (/home/dhruv/gitwkspc/RobotArm/wam_dir/devel/.private/wam_srvs/share/common-lisp/ros/wam_srvs/srv/_package_BHandFingerPos.lisp, /home/dhruv/gitwkspc/RobotArm/wam_dir/devel/share/common-lisp/ros/wam_srvs/srv/_package_BHandFingerPos.lisp)
Linked: (/home/dhruv/gitwkspc/RobotArm/wam_dir/devel/.private/wam_srvs/share/common-lisp/ros/wam_srvs/srv/BHandGraspPos.lisp, /home/dhruv/gitwkspc/RobotArm/wam_dir/devel/share/common-lisp/ros/wam_srvs/srv/BHandGraspPos.lisp)
Linked: (/home/dhruv/gitwkspc/RobotArm/wam_dir/devel/.private/wam_srvs/share/common-lisp/ros/wam_srvs/srv/BHandSpreadVel.lisp, /home/dhruv/gitwkspc/RobotArm/wam_dir/devel/share/common-lisp/ros/wam_srvs/srv/BHandSpreadVel.lisp)
Linked: (/home/dhruv/gitwkspc/RobotArm/wam_dir/devel/.private/wam_srvs/share/common-lisp/ros/wam_srvs/srv/CartVel.lisp, /home/dhruv/gitwkspc/RobotArm/wam_dir/devel/share/common-lisp/ros/wam_srvs/srv/CartVel.lisp)
Linked: (/home/dhruv/gitwkspc/RobotArm/wam_dir/devel/.private/wam_srvs/share/common-lisp/ros/wam_srvs/srv/_package_JointMoveBlock.lisp, /home/dhruv/gitwkspc/RobotArm/wam_dir/devel/share/common-lisp/ros/wam_srvs/srv/_package_JointMoveBlock.lisp)
Linked: (/home/dhruv/gitwkspc/RobotArm/wam_dir/devel/.private/wam_srvs/share/common-lisp/ros/wam_srvs/srv/JP_PID.lisp, /home/dhruv/gitwkspc/RobotArm/wam_dir/devel/share/common-lisp/ros/wam_srvs/srv/JP_PID.lisp)
Linked: (/home/dhruv/gitwkspc/RobotArm/wam_dir/devel/.private/wam_srvs/share/common-lisp/ros/wam_srvs/srv/ForceTorqueBase.lisp, /home/dhruv/gitwkspc/RobotArm/wam_dir/devel/share/common-lisp/ros/wam_srvs/srv/ForceTorqueBase.lisp)
Linked: (/home/dhruv/gitwkspc/RobotArm/wam_dir/devel/.private/wam_srvs/share/common-lisp/ros/wam_srvs/srv/_package_BHandGraspPos.lisp, /home/dhruv/gitwkspc/RobotArm/wam_dir/devel/share/common-lisp/ros/wam_srvs/srv/_package_BHandGraspPos.lisp)
Linked: (/home/dhruv/gitwkspc/RobotArm/wam_dir/devel/.private/wam_srvs/share/common-lisp/ros/wam_srvs/srv/GravityComp.lisp, /home/dhruv/gitwkspc/RobotArm/wam_dir/devel/share/common-lisp/ros/wam_srvs/srv/GravityComp.lisp)
Linked: (/home/dhruv/gitwkspc/RobotArm/wam_dir/devel/.private/wam_srvs/share/common-lisp/ros/wam_srvs/srv/_package_Hold.lisp, /home/dhruv/gitwkspc/RobotArm/wam_dir/devel/share/common-lisp/ros/wam_srvs/srv/_package_Hold.lisp)
Linked: (/home/dhruv/gitwkspc/RobotArm/wam_dir/devel/.private/wam_srvs/share/common-lisp/ros/wam_srvs/srv/_package_HoldGains.lisp, /home/dhruv/gitwkspc/RobotArm/wam_dir/devel/share/common-lisp/ros/wam_srvs/srv/_package_HoldGains.lisp)
Linked: (/home/dhruv/gitwkspc/RobotArm/wam_dir/devel/.private/wam_srvs/share/common-lisp/ros/wam_srvs/srv/Teach.lisp, /home/dhruv/gitwkspc/RobotArm/wam_dir/devel/share/common-lisp/ros/wam_srvs/srv/Teach.lisp)
Linked: (/home/dhruv/gitwkspc/RobotArm/wam_dir/devel/.private/wam_srvs/share/common-lisp/ros/wam_srvs/srv/_package_PoseMove.lisp, /home/dhruv/gitwkspc/RobotArm/wam_dir/devel/share/common-lisp/ros/wam_srvs/srv/_package_PoseMove.lisp)
Linked: (/home/dhruv/gitwkspc/RobotArm/wam_dir/devel/.private/wam_srvs/share/common-lisp/ros/wam_srvs/srv/ForceTorqueToolTime.lisp, /home/dhruv/gitwkspc/RobotArm/wam_dir/devel/share/common-lisp/ros/wam_srvs/srv/ForceTorqueToolTime.lisp)
Linked: (/home/dhruv/gitwkspc/RobotArm/wam_dir/devel/.private/wam_srvs/share/common-lisp/ros/wam_srvs/srv/ForceTorque.lisp, /home/dhruv/gitwkspc/RobotArm/wam_dir/devel/share/common-lisp/ros/wam_srvs/srv/ForceTorque.lisp)
Linked: (/home/dhruv/gitwkspc/RobotArm/wam_dir/devel/.private/wam_srvs/share/common-lisp/ros/wam_srvs/srv/_package_BHandGraspVel.lisp, /home/dhruv/gitwkspc/RobotArm/wam_dir/devel/share/common-lisp/ros/wam_srvs/srv/_package_BHandGraspVel.lisp)
Linked: (/home/dhruv/gitwkspc/RobotArm/wam_dir/devel/.private/wam_srvs/share/common-lisp/ros/wam_srvs/srv/_package_Link.lisp, /home/dhruv/gitwkspc/RobotArm/wam_dir/devel/share/common-lisp/ros/wam_srvs/srv/_package_Link.lisp)
Linked: (/home/dhruv/gitwkspc/RobotArm/wam_dir/devel/.private/wam_srvs/share/common-lisp/ros/wam_srvs/srv/wam_srvs-srv.asd, /home/dhruv/gitwkspc/RobotArm/wam_dir/devel/share/common-lisp/ros/wam_srvs/srv/wam_srvs-srv.asd)
Linked: (/home/dhruv/gitwkspc/RobotArm/wam_dir/devel/.private/wam_srvs/share/common-lisp/ros/wam_srvs/srv/BHandFingerVel.lisp, /home/dhruv/gitwkspc/RobotArm/wam_dir/devel/share/common-lisp/ros/wam_srvs/srv/BHandFingerVel.lisp)
Linked: (/home/dhruv/gitwkspc/RobotArm/wam_dir/devel/.private/wam_srvs/share/common-lisp/ros/wam_srvs/srv/_package_ForceTorqueBase.lisp, /home/dhruv/gitwkspc/RobotArm/wam_dir/devel/share/common-lisp/ros/wam_srvs/srv/_package_ForceTorqueBase.lisp)
Linked: (/home/dhruv/gitwkspc/RobotArm/wam_dir/devel/.private/wam_srvs/share/common-lisp/ros/wam_srvs/srv/OrtnGains.lisp, /home/dhruv/gitwkspc/RobotArm/wam_dir/devel/share/common-lisp/ros/wam_srvs/srv/OrtnGains.lisp)
Linked: (/home/dhruv/gitwkspc/RobotArm/wam_dir/devel/.private/wam_srvs/share/common-lisp/ros/wam_srvs/srv/PoseMove.lisp, /home/dhruv/gitwkspc/RobotArm/wam_dir/devel/share/common-lisp/ros/wam_srvs/srv/PoseMove.lisp)
Linked: (/home/dhruv/gitwkspc/RobotArm/wam_dir/devel/.private/wam_srvs/share/common-lisp/ros/wam_srvs/srv/_package_Teach.lisp, /home/dhruv/gitwkspc/RobotArm/wam_dir/devel/share/common-lisp/ros/wam_srvs/srv/_package_Teach.lisp)
Linked: (/home/dhruv/gitwkspc/RobotArm/wam_dir/devel/.private/wam_srvs/share/common-lisp/ros/wam_srvs/srv/OrtnSplitMove.lisp, /home/dhruv/gitwkspc/RobotArm/wam_dir/devel/share/common-lisp/ros/wam_srvs/srv/OrtnSplitMove.lisp)
Linked: (/home/dhruv/gitwkspc/RobotArm/wam_dir/devel/.private/wam_srvs/share/common-lisp/ros/wam_srvs/srv/_package_HapticSphere.lisp, /home/dhruv/gitwkspc/RobotArm/wam_dir/devel/share/common-lisp/ros/wam_srvs/srv/_package_HapticSphere.lisp)
Linked: (/home/dhruv/gitwkspc/RobotArm/wam_dir/devel/.private/wam_srvs/share/common-lisp/ros/wam_srvs/srv/_package_OrtnSplitMove.lisp, /home/dhruv/gitwkspc/RobotArm/wam_dir/devel/share/common-lisp/ros/wam_srvs/srv/_package_OrtnSplitMove.lisp)
Linked: (/home/dhruv/gitwkspc/RobotArm/wam_dir/devel/.private/wam_srvs/share/common-lisp/ros/wam_srvs/srv/_package_BHandSpreadVel.lisp, /home/dhruv/gitwkspc/RobotArm/wam_dir/devel/share/common-lisp/ros/wam_srvs/srv/_package_BHandSpreadVel.lisp)
Linked: (/home/dhruv/gitwkspc/RobotArm/wam_dir/devel/.private/wam_srvs/share/common-lisp/ros/wam_srvs/srv/Hold.lisp, /home/dhruv/gitwkspc/RobotArm/wam_dir/devel/share/common-lisp/ros/wam_srvs/srv/Hold.lisp)
Linked: (/home/dhruv/gitwkspc/RobotArm/wam_dir/devel/.private/wam_srvs/share/common-lisp/ros/wam_srvs/srv/BHandGraspVel.lisp, /home/dhruv/gitwkspc/RobotArm/wam_dir/devel/share/common-lisp/ros/wam_srvs/srv/BHandGraspVel.lisp)
Linked: (/home/dhruv/gitwkspc/RobotArm/wam_dir/devel/.private/wam_srvs/share/common-lisp/ros/wam_srvs/srv/_package_JV_PID.lisp, /home/dhruv/gitwkspc/RobotArm/wam_dir/devel/share/common-lisp/ros/wam_srvs/srv/_package_JV_PID.lisp)
Linked: (/home/dhruv/gitwkspc/RobotArm/wam_dir/devel/.private/wam_srvs/share/common-lisp/ros/wam_srvs/srv/JV_PID.lisp, /home/dhruv/gitwkspc/RobotArm/wam_dir/devel/share/common-lisp/ros/wam_srvs/srv/JV_PID.lisp)
Linked: (/home/dhruv/gitwkspc/RobotArm/wam_dir/devel/.private/wam_srvs/share/common-lisp/ros/wam_srvs/srv/_package_BHandSpreadPos.lisp, /home/dhruv/gitwkspc/RobotArm/wam_dir/devel/share/common-lisp/ros/wam_srvs/srv/_package_BHandSpreadPos.lisp)
Linked: (/home/dhruv/gitwkspc/RobotArm/wam_dir/devel/.private/wam_srvs/share/common-lisp/ros/wam_srvs/srv/JointMove.lisp, /home/dhruv/gitwkspc/RobotArm/wam_dir/devel/share/common-lisp/ros/wam_srvs/srv/JointMove.lisp)
Linked: (/home/dhruv/gitwkspc/RobotArm/wam_dir/devel/.private/wam_srvs/share/common-lisp/ros/wam_srvs/srv/_package_OrtnGains.lisp, /home/dhruv/gitwkspc/RobotArm/wam_dir/devel/share/common-lisp/ros/wam_srvs/srv/_package_OrtnGains.lisp)
Linked: (/home/dhruv/gitwkspc/RobotArm/wam_dir/devel/.private/wam_srvs/share/common-lisp/ros/wam_srvs/srv/_package_FollowPath.lisp, /home/dhruv/gitwkspc/RobotArm/wam_dir/devel/share/common-lisp/ros/wam_srvs/srv/_package_FollowPath.lisp)
Linked: (/home/dhruv/gitwkspc/RobotArm/wam_dir/devel/.private/wam_srvs/share/common-lisp/ros/wam_srvs/srv/_package_CartPosMove.lisp, /home/dhruv/gitwkspc/RobotArm/wam_dir/devel/share/common-lisp/ros/wam_srvs/srv/_package_CartPosMove.lisp)
Linked: (/home/dhruv/gitwkspc/RobotArm/wam_dir/devel/.private/wam_srvs/share/common-lisp/ros/wam_srvs/srv/BHandSpreadPos.lisp, /home/dhruv/gitwkspc/RobotArm/wam_dir/devel/share/common-lisp/ros/wam_srvs/srv/BHandSpreadPos.lisp)
Linked: (/home/dhruv/gitwkspc/RobotArm/wam_dir/devel/.private/wam_srvs/share/common-lisp/ros/wam_srvs/srv/JointMoveBlock.lisp, /home/dhruv/gitwkspc/RobotArm/wam_dir/devel/share/common-lisp/ros/wam_srvs/srv/JointMoveBlock.lisp)
Linked: (/home/dhruv/gitwkspc/RobotArm/wam_dir/devel/.private/wam_srvs/share/common-lisp/ros/wam_srvs/srv/_package_ForceTorqueTool.lisp, /home/dhruv/gitwkspc/RobotArm/wam_dir/devel/share/common-lisp/ros/wam_srvs/srv/_package_ForceTorqueTool.lisp)
Linked: (/home/dhruv/gitwkspc/RobotArm/wam_dir/devel/.private/wam_srvs/share/common-lisp/ros/wam_srvs/srv/CartPosMove.lisp, /home/dhruv/gitwkspc/RobotArm/wam_dir/devel/share/common-lisp/ros/wam_srvs/srv/CartPosMove.lisp)
Linked: (/home/dhruv/gitwkspc/RobotArm/wam_dir/devel/.private/wam_srvs/share/common-lisp/ros/wam_srvs/srv/_package_BHandPinchPos.lisp, /home/dhruv/gitwkspc/RobotArm/wam_dir/devel/share/common-lisp/ros/wam_srvs/srv/_package_BHandPinchPos.lisp)
Linked: (/home/dhruv/gitwkspc/RobotArm/wam_dir/devel/.private/wam_srvs/share/common-lisp/ros/wam_srvs/srv/OrtnMove.lisp, /home/dhruv/gitwkspc/RobotArm/wam_dir/devel/share/common-lisp/ros/wam_srvs/srv/OrtnMove.lisp)
Linked: (/home/dhruv/gitwkspc/RobotArm/wam_dir/devel/.private/wam_srvs/share/common-lisp/ros/wam_srvs/srv/HapticSphere.lisp, /home/dhruv/gitwkspc/RobotArm/wam_dir/devel/share/common-lisp/ros/wam_srvs/srv/HapticSphere.lisp)
Linked: (/home/dhruv/gitwkspc/RobotArm/wam_dir/devel/.private/wam_srvs/share/common-lisp/ros/wam_srvs/srv/Connect.lisp, /home/dhruv/gitwkspc/RobotArm/wam_dir/devel/share/common-lisp/ros/wam_srvs/srv/Connect.lisp)
Linked: (/home/dhruv/gitwkspc/RobotArm/wam_dir/devel/.private/wam_srvs/share/common-lisp/ros/wam_srvs/srv/_package_CartVel.lisp, /home/dhruv/gitwkspc/RobotArm/wam_dir/devel/share/common-lisp/ros/wam_srvs/srv/_package_CartVel.lisp)
Linked: (/home/dhruv/gitwkspc/RobotArm/wam_dir/devel/.private/wam_srvs/share/common-lisp/ros/wam_srvs/srv/_package_JP_PID.lisp, /home/dhruv/gitwkspc/RobotArm/wam_dir/devel/share/common-lisp/ros/wam_srvs/srv/_package_JP_PID.lisp)
Linked: (/home/dhruv/gitwkspc/RobotArm/wam_dir/devel/.private/wam_srvs/share/common-lisp/ros/wam_srvs/srv/_package_Connect.lisp, /home/dhruv/gitwkspc/RobotArm/wam_dir/devel/share/common-lisp/ros/wam_srvs/srv/_package_Connect.lisp)
Linked: (/home/dhruv/gitwkspc/RobotArm/wam_dir/devel/.private/wam_srvs/share/common-lisp/ros/wam_srvs/srv/TP_PID.lisp, /home/dhruv/gitwkspc/RobotArm/wam_dir/devel/share/common-lisp/ros/wam_srvs/srv/TP_PID.lisp)
Linked: (/home/dhruv/gitwkspc/RobotArm/wam_dir/devel/.private/wam_srvs/share/common-lisp/ros/wam_srvs/srv/_package.lisp, /home/dhruv/gitwkspc/RobotArm/wam_dir/devel/share/common-lisp/ros/wam_srvs/srv/_package.lisp)
Linked: (/home/dhruv/gitwkspc/RobotArm/wam_dir/devel/.private/wam_srvs/share/common-lisp/ros/wam_srvs/srv/_package_GravityComp.lisp, /home/dhruv/gitwkspc/RobotArm/wam_dir/devel/share/common-lisp/ros/wam_srvs/srv/_package_GravityComp.lisp)
Linked: (/home/dhruv/gitwkspc/RobotArm/wam_dir/devel/.private/wam_srvs/share/common-lisp/ros/wam_srvs/srv/ForceTorqueTool.lisp, /home/dhruv/gitwkspc/RobotArm/wam_dir/devel/share/common-lisp/ros/wam_srvs/srv/ForceTorqueTool.lisp)
Linked: (/home/dhruv/gitwkspc/RobotArm/wam_dir/devel/.private/wam_srvs/share/common-lisp/ros/wam_srvs/srv/Play.lisp, /home/dhruv/gitwkspc/RobotArm/wam_dir/devel/share/common-lisp/ros/wam_srvs/srv/Play.lisp)
Linked: (/home/dhruv/gitwkspc/RobotArm/wam_dir/devel/.private/wam_srvs/share/common-lisp/ros/wam_srvs/srv/BHandPinchPos.lisp, /home/dhruv/gitwkspc/RobotArm/wam_dir/devel/share/common-lisp/ros/wam_srvs/srv/BHandPinchPos.lisp)
Linked: (/home/dhruv/gitwkspc/RobotArm/wam_dir/devel/.private/wam_srvs/share/common-lisp/ros/wam_srvs/srv/_package_TP_PID.lisp, /home/dhruv/gitwkspc/RobotArm/wam_dir/devel/share/common-lisp/ros/wam_srvs/srv/_package_TP_PID.lisp)
Linked: (/home/dhruv/gitwkspc/RobotArm/wam_dir/devel/.private/wam_srvs/share/common-lisp/ros/wam_srvs/srv/FollowPath.lisp, /home/dhruv/gitwkspc/RobotArm/wam_dir/devel/share/common-lisp/ros/wam_srvs/srv/FollowPath.lisp)
Linked: (/home/dhruv/gitwkspc/RobotArm/wam_dir/devel/.private/wam_srvs/share/common-lisp/ros/wam_srvs/srv/_package_ForceTorqueToolTime.lisp, /home/dhruv/gitwkspc/RobotArm/wam_dir/devel/share/common-lisp/ros/wam_srvs/srv/_package_ForceTorqueToolTime.lisp)
Linked: (/home/dhruv/gitwkspc/RobotArm/wam_dir/devel/.private/wam_srvs/share/common-lisp/ros/wam_srvs/srv/BHandFingerPos.lisp, /home/dhruv/gitwkspc/RobotArm/wam_dir/devel/share/common-lisp/ros/wam_srvs/srv/BHandFingerPos.lisp)
Linked: (/home/dhruv/gitwkspc/RobotArm/wam_dir/devel/.private/wam_srvs/share/gennodejs/ros/wam_srvs/_index.js, /home/dhruv/gitwkspc/RobotArm/wam_dir/devel/share/gennodejs/ros/wam_srvs/_index.js)
Linked: (/home/dhruv/gitwkspc/RobotArm/wam_dir/devel/.private/wam_srvs/share/gennodejs/ros/wam_srvs/srv/JointMoveBlock.js, /home/dhruv/gitwkspc/RobotArm/wam_dir/devel/share/gennodejs/ros/wam_srvs/srv/JointMoveBlock.js)
Linked: (/home/dhruv/gitwkspc/RobotArm/wam_dir/devel/.private/wam_srvs/share/gennodejs/ros/wam_srvs/srv/BHandSpreadVel.js, /home/dhruv/gitwkspc/RobotArm/wam_dir/devel/share/gennodejs/ros/wam_srvs/srv/BHandSpreadVel.js)
Linked: (/home/dhruv/gitwkspc/RobotArm/wam_dir/devel/.private/wam_srvs/share/gennodejs/ros/wam_srvs/srv/JV_PID.js, /home/dhruv/gitwkspc/RobotArm/wam_dir/devel/share/gennodejs/ros/wam_srvs/srv/JV_PID.js)
Linked: (/home/dhruv/gitwkspc/RobotArm/wam_dir/devel/.private/wam_srvs/share/gennodejs/ros/wam_srvs/srv/CartVel.js, /home/dhruv/gitwkspc/RobotArm/wam_dir/devel/share/gennodejs/ros/wam_srvs/srv/CartVel.js)
Linked: (/home/dhruv/gitwkspc/RobotArm/wam_dir/devel/.private/wam_srvs/share/gennodejs/ros/wam_srvs/srv/BHandPinchPos.js, /home/dhruv/gitwkspc/RobotArm/wam_dir/devel/share/gennodejs/ros/wam_srvs/srv/BHandPinchPos.js)
Linked: (/home/dhruv/gitwkspc/RobotArm/wam_dir/devel/.private/wam_srvs/share/gennodejs/ros/wam_srvs/srv/OrtnSplitMove.js, /home/dhruv/gitwkspc/RobotArm/wam_dir/devel/share/gennodejs/ros/wam_srvs/srv/OrtnSplitMove.js)
Linked: (/home/dhruv/gitwkspc/RobotArm/wam_dir/devel/.private/wam_srvs/share/gennodejs/ros/wam_srvs/srv/JointMove.js, /home/dhruv/gitwkspc/RobotArm/wam_dir/devel/share/gennodejs/ros/wam_srvs/srv/JointMove.js)
Linked: (/home/dhruv/gitwkspc/RobotArm/wam_dir/devel/.private/wam_srvs/share/gennodejs/ros/wam_srvs/srv/ForceTorqueBase.js, /home/dhruv/gitwkspc/RobotArm/wam_dir/devel/share/gennodejs/ros/wam_srvs/srv/ForceTorqueBase.js)
Linked: (/home/dhruv/gitwkspc/RobotArm/wam_dir/devel/.private/wam_srvs/share/gennodejs/ros/wam_srvs/srv/BHandSpreadPos.js, /home/dhruv/gitwkspc/RobotArm/wam_dir/devel/share/gennodejs/ros/wam_srvs/srv/BHandSpreadPos.js)
Linked: (/home/dhruv/gitwkspc/RobotArm/wam_dir/devel/.private/wam_srvs/share/gennodejs/ros/wam_srvs/srv/BHandGraspPos.js, /home/dhruv/gitwkspc/RobotArm/wam_dir/devel/share/gennodejs/ros/wam_srvs/srv/BHandGraspPos.js)
Linked: (/home/dhruv/gitwkspc/RobotArm/wam_dir/devel/.private/wam_srvs/share/gennodejs/ros/wam_srvs/srv/BHandFingerVel.js, /home/dhruv/gitwkspc/RobotArm/wam_dir/devel/share/gennodejs/ros/wam_srvs/srv/BHandFingerVel.js)
Linked: (/home/dhruv/gitwkspc/RobotArm/wam_dir/devel/.private/wam_srvs/share/gennodejs/ros/wam_srvs/srv/CartPosMove.js, /home/dhruv/gitwkspc/RobotArm/wam_dir/devel/share/gennodejs/ros/wam_srvs/srv/CartPosMove.js)
Linked: (/home/dhruv/gitwkspc/RobotArm/wam_dir/devel/.private/wam_srvs/share/gennodejs/ros/wam_srvs/srv/Connect.js, /home/dhruv/gitwkspc/RobotArm/wam_dir/devel/share/gennodejs/ros/wam_srvs/srv/Connect.js)
Linked: (/home/dhruv/gitwkspc/RobotArm/wam_dir/devel/.private/wam_srvs/share/gennodejs/ros/wam_srvs/srv/TP_PID.js, /home/dhruv/gitwkspc/RobotArm/wam_dir/devel/share/gennodejs/ros/wam_srvs/srv/TP_PID.js)
Linked: (/home/dhruv/gitwkspc/RobotArm/wam_dir/devel/.private/wam_srvs/share/gennodejs/ros/wam_srvs/srv/HapticSphere.js, /home/dhruv/gitwkspc/RobotArm/wam_dir/devel/share/gennodejs/ros/wam_srvs/srv/HapticSphere.js)
Linked: (/home/dhruv/gitwkspc/RobotArm/wam_dir/devel/.private/wam_srvs/share/gennodejs/ros/wam_srvs/srv/BHandFingerPos.js, /home/dhruv/gitwkspc/RobotArm/wam_dir/devel/share/gennodejs/ros/wam_srvs/srv/BHandFingerPos.js)
Linked: (/home/dhruv/gitwkspc/RobotArm/wam_dir/devel/.private/wam_srvs/share/gennodejs/ros/wam_srvs/srv/GravityComp.js, /home/dhruv/gitwkspc/RobotArm/wam_dir/devel/share/gennodejs/ros/wam_srvs/srv/GravityComp.js)
Linked: (/home/dhruv/gitwkspc/RobotArm/wam_dir/devel/.private/wam_srvs/share/gennodejs/ros/wam_srvs/srv/Hold.js, /home/dhruv/gitwkspc/RobotArm/wam_dir/devel/share/gennodejs/ros/wam_srvs/srv/Hold.js)
Linked: (/home/dhruv/gitwkspc/RobotArm/wam_dir/devel/.private/wam_srvs/share/gennodejs/ros/wam_srvs/srv/Link.js, /home/dhruv/gitwkspc/RobotArm/wam_dir/devel/share/gennodejs/ros/wam_srvs/srv/Link.js)
Linked: (/home/dhruv/gitwkspc/RobotArm/wam_dir/devel/.private/wam_srvs/share/gennodejs/ros/wam_srvs/srv/OrtnMove.js, /home/dhruv/gitwkspc/RobotArm/wam_dir/devel/share/gennodejs/ros/wam_srvs/srv/OrtnMove.js)
Linked: (/home/dhruv/gitwkspc/RobotArm/wam_dir/devel/.private/wam_srvs/share/gennodejs/ros/wam_srvs/srv/_index.js, /home/dhruv/gitwkspc/RobotArm/wam_dir/devel/share/gennodejs/ros/wam_srvs/srv/_index.js)
Linked: (/home/dhruv/gitwkspc/RobotArm/wam_dir/devel/.private/wam_srvs/share/gennodejs/ros/wam_srvs/srv/PoseMove.js, /home/dhruv/gitwkspc/RobotArm/wam_dir/devel/share/gennodejs/ros/wam_srvs/srv/PoseMove.js)
Linked: (/home/dhruv/gitwkspc/RobotArm/wam_dir/devel/.private/wam_srvs/share/gennodejs/ros/wam_srvs/srv/ForceTorqueTool.js, /home/dhruv/gitwkspc/RobotArm/wam_dir/devel/share/gennodejs/ros/wam_srvs/srv/ForceTorqueTool.js)
Linked: (/home/dhruv/gitwkspc/RobotArm/wam_dir/devel/.private/wam_srvs/share/gennodejs/ros/wam_srvs/srv/OrtnGains.js, /home/dhruv/gitwkspc/RobotArm/wam_dir/devel/share/gennodejs/ros/wam_srvs/srv/OrtnGains.js)
Linked: (/home/dhruv/gitwkspc/RobotArm/wam_dir/devel/.private/wam_srvs/share/gennodejs/ros/wam_srvs/srv/BHandGraspVel.js, /home/dhruv/gitwkspc/RobotArm/wam_dir/devel/share/gennodejs/ros/wam_srvs/srv/BHandGraspVel.js)
Linked: (/home/dhruv/gitwkspc/RobotArm/wam_dir/devel/.private/wam_srvs/share/gennodejs/ros/wam_srvs/srv/ForceTorque.js, /home/dhruv/gitwkspc/RobotArm/wam_dir/devel/share/gennodejs/ros/wam_srvs/srv/ForceTorque.js)
Linked: (/home/dhruv/gitwkspc/RobotArm/wam_dir/devel/.private/wam_srvs/share/gennodejs/ros/wam_srvs/srv/ForceTorqueToolTime.js, /home/dhruv/gitwkspc/RobotArm/wam_dir/devel/share/gennodejs/ros/wam_srvs/srv/ForceTorqueToolTime.js)
Linked: (/home/dhruv/gitwkspc/RobotArm/wam_dir/devel/.private/wam_srvs/share/gennodejs/ros/wam_srvs/srv/FollowPath.js, /home/dhruv/gitwkspc/RobotArm/wam_dir/devel/share/gennodejs/ros/wam_srvs/srv/FollowPath.js)
Linked: (/home/dhruv/gitwkspc/RobotArm/wam_dir/devel/.private/wam_srvs/share/gennodejs/ros/wam_srvs/srv/HoldGains.js, /home/dhruv/gitwkspc/RobotArm/wam_dir/devel/share/gennodejs/ros/wam_srvs/srv/HoldGains.js)
Linked: (/home/dhruv/gitwkspc/RobotArm/wam_dir/devel/.private/wam_srvs/share/gennodejs/ros/wam_srvs/srv/JP_PID.js, /home/dhruv/gitwkspc/RobotArm/wam_dir/devel/share/gennodejs/ros/wam_srvs/srv/JP_PID.js)
Linked: (/home/dhruv/gitwkspc/RobotArm/wam_dir/devel/.private/wam_srvs/share/gennodejs/ros/wam_srvs/srv/Teach.js, /home/dhruv/gitwkspc/RobotArm/wam_dir/devel/share/gennodejs/ros/wam_srvs/srv/Teach.js)
Linked: (/home/dhruv/gitwkspc/RobotArm/wam_dir/devel/.private/wam_srvs/share/gennodejs/ros/wam_srvs/srv/Play.js, /home/dhruv/gitwkspc/RobotArm/wam_dir/devel/share/gennodejs/ros/wam_srvs/srv/Play.js)
Linked: (/home/dhruv/gitwkspc/RobotArm/wam_dir/devel/.private/wam_srvs/share/roseus/ros/wam_srvs/manifest.l, /home/dhruv/gitwkspc/RobotArm/wam_dir/devel/share/roseus/ros/wam_srvs/manifest.l)
Linked: (/home/dhruv/gitwkspc/RobotArm/wam_dir/devel/.private/wam_srvs/share/roseus/ros/wam_srvs/srv/HoldGains.l, /home/dhruv/gitwkspc/RobotArm/wam_dir/devel/share/roseus/ros/wam_srvs/srv/HoldGains.l)
Linked: (/home/dhruv/gitwkspc/RobotArm/wam_dir/devel/.private/wam_srvs/share/roseus/ros/wam_srvs/srv/BHandFingerVel.l, /home/dhruv/gitwkspc/RobotArm/wam_dir/devel/share/roseus/ros/wam_srvs/srv/BHandFingerVel.l)
Linked: (/home/dhruv/gitwkspc/RobotArm/wam_dir/devel/.private/wam_srvs/share/roseus/ros/wam_srvs/srv/OrtnMove.l, /home/dhruv/gitwkspc/RobotArm/wam_dir/devel/share/roseus/ros/wam_srvs/srv/OrtnMove.l)
Linked: (/home/dhruv/gitwkspc/RobotArm/wam_dir/devel/.private/wam_srvs/share/roseus/ros/wam_srvs/srv/BHandSpreadVel.l, /home/dhruv/gitwkspc/RobotArm/wam_dir/devel/share/roseus/ros/wam_srvs/srv/BHandSpreadVel.l)
Linked: (/home/dhruv/gitwkspc/RobotArm/wam_dir/devel/.private/wam_srvs/share/roseus/ros/wam_srvs/srv/JP_PID.l, /home/dhruv/gitwkspc/RobotArm/wam_dir/devel/share/roseus/ros/wam_srvs/srv/JP_PID.l)
Linked: (/home/dhruv/gitwkspc/RobotArm/wam_dir/devel/.private/wam_srvs/share/roseus/ros/wam_srvs/srv/HapticSphere.l, /home/dhruv/gitwkspc/RobotArm/wam_dir/devel/share/roseus/ros/wam_srvs/srv/HapticSphere.l)
Linked: (/home/dhruv/gitwkspc/RobotArm/wam_dir/devel/.private/wam_srvs/share/roseus/ros/wam_srvs/srv/JointMove.l, /home/dhruv/gitwkspc/RobotArm/wam_dir/devel/share/roseus/ros/wam_srvs/srv/JointMove.l)
Linked: (/home/dhruv/gitwkspc/RobotArm/wam_dir/devel/.private/wam_srvs/share/roseus/ros/wam_srvs/srv/OrtnSplitMove.l, /home/dhruv/gitwkspc/RobotArm/wam_dir/devel/share/roseus/ros/wam_srvs/srv/OrtnSplitMove.l)
Linked: (/home/dhruv/gitwkspc/RobotArm/wam_dir/devel/.private/wam_srvs/share/roseus/ros/wam_srvs/srv/BHandPinchPos.l, /home/dhruv/gitwkspc/RobotArm/wam_dir/devel/share/roseus/ros/wam_srvs/srv/BHandPinchPos.l)
Linked: (/home/dhruv/gitwkspc/RobotArm/wam_dir/devel/.private/wam_srvs/share/roseus/ros/wam_srvs/srv/FollowPath.l, /home/dhruv/gitwkspc/RobotArm/wam_dir/devel/share/roseus/ros/wam_srvs/srv/FollowPath.l)
Linked: (/home/dhruv/gitwkspc/RobotArm/wam_dir/devel/.private/wam_srvs/share/roseus/ros/wam_srvs/srv/ForceTorqueTool.l, /home/dhruv/gitwkspc/RobotArm/wam_dir/devel/share/roseus/ros/wam_srvs/srv/ForceTorqueTool.l)
Linked: (/home/dhruv/gitwkspc/RobotArm/wam_dir/devel/.private/wam_srvs/share/roseus/ros/wam_srvs/srv/TP_PID.l, /home/dhruv/gitwkspc/RobotArm/wam_dir/devel/share/roseus/ros/wam_srvs/srv/TP_PID.l)
Linked: (/home/dhruv/gitwkspc/RobotArm/wam_dir/devel/.private/wam_srvs/share/roseus/ros/wam_srvs/srv/BHandSpreadPos.l, /home/dhruv/gitwkspc/RobotArm/wam_dir/devel/share/roseus/ros/wam_srvs/srv/BHandSpreadPos.l)
Linked: (/home/dhruv/gitwkspc/RobotArm/wam_dir/devel/.private/wam_srvs/share/roseus/ros/wam_srvs/srv/BHandGraspPos.l, /home/dhruv/gitwkspc/RobotArm/wam_dir/devel/share/roseus/ros/wam_srvs/srv/BHandGraspPos.l)
Linked: (/home/dhruv/gitwkspc/RobotArm/wam_dir/devel/.private/wam_srvs/share/roseus/ros/wam_srvs/srv/PoseMove.l, /home/dhruv/gitwkspc/RobotArm/wam_dir/devel/share/roseus/ros/wam_srvs/srv/PoseMove.l)
Linked: (/home/dhruv/gitwkspc/RobotArm/wam_dir/devel/.private/wam_srvs/share/roseus/ros/wam_srvs/srv/Connect.l, /home/dhruv/gitwkspc/RobotArm/wam_dir/devel/share/roseus/ros/wam_srvs/srv/Connect.l)
Linked: (/home/dhruv/gitwkspc/RobotArm/wam_dir/devel/.private/wam_srvs/share/roseus/ros/wam_srvs/srv/Play.l, /home/dhruv/gitwkspc/RobotArm/wam_dir/devel/share/roseus/ros/wam_srvs/srv/Play.l)
Linked: (/home/dhruv/gitwkspc/RobotArm/wam_dir/devel/.private/wam_srvs/share/roseus/ros/wam_srvs/srv/ForceTorqueToolTime.l, /home/dhruv/gitwkspc/RobotArm/wam_dir/devel/share/roseus/ros/wam_srvs/srv/ForceTorqueToolTime.l)
Linked: (/home/dhruv/gitwkspc/RobotArm/wam_dir/devel/.private/wam_srvs/share/roseus/ros/wam_srvs/srv/BHandGraspVel.l, /home/dhruv/gitwkspc/RobotArm/wam_dir/devel/share/roseus/ros/wam_srvs/srv/BHandGraspVel.l)
Linked: (/home/dhruv/gitwkspc/RobotArm/wam_dir/devel/.private/wam_srvs/share/roseus/ros/wam_srvs/srv/OrtnGains.l, /home/dhruv/gitwkspc/RobotArm/wam_dir/devel/share/roseus/ros/wam_srvs/srv/OrtnGains.l)
Linked: (/home/dhruv/gitwkspc/RobotArm/wam_dir/devel/.private/wam_srvs/share/roseus/ros/wam_srvs/srv/Hold.l, /home/dhruv/gitwkspc/RobotArm/wam_dir/devel/share/roseus/ros/wam_srvs/srv/Hold.l)
Linked: (/home/dhruv/gitwkspc/RobotArm/wam_dir/devel/.private/wam_srvs/share/roseus/ros/wam_srvs/srv/JV_PID.l, /home/dhruv/gitwkspc/RobotArm/wam_dir/devel/share/roseus/ros/wam_srvs/srv/JV_PID.l)
Linked: (/home/dhruv/gitwkspc/RobotArm/wam_dir/devel/.private/wam_srvs/share/roseus/ros/wam_srvs/srv/CartVel.l, /home/dhruv/gitwkspc/RobotArm/wam_dir/devel/share/roseus/ros/wam_srvs/srv/CartVel.l)
Linked: (/home/dhruv/gitwkspc/RobotArm/wam_dir/devel/.private/wam_srvs/share/roseus/ros/wam_srvs/srv/Link.l, /home/dhruv/gitwkspc/RobotArm/wam_dir/devel/share/roseus/ros/wam_srvs/srv/Link.l)
Linked: (/home/dhruv/gitwkspc/RobotArm/wam_dir/devel/.private/wam_srvs/share/roseus/ros/wam_srvs/srv/ForceTorqueBase.l, /home/dhruv/gitwkspc/RobotArm/wam_dir/devel/share/roseus/ros/wam_srvs/srv/ForceTorqueBase.l)
Linked: (/home/dhruv/gitwkspc/RobotArm/wam_dir/devel/.private/wam_srvs/share/roseus/ros/wam_srvs/srv/ForceTorque.l, /home/dhruv/gitwkspc/RobotArm/wam_dir/devel/share/roseus/ros/wam_srvs/srv/ForceTorque.l)
Linked: (/home/dhruv/gitwkspc/RobotArm/wam_dir/devel/.private/wam_srvs/share/roseus/ros/wam_srvs/srv/JointMoveBlock.l, /home/dhruv/gitwkspc/RobotArm/wam_dir/devel/share/roseus/ros/wam_srvs/srv/JointMoveBlock.l)
Linked: (/home/dhruv/gitwkspc/RobotArm/wam_dir/devel/.private/wam_srvs/share/roseus/ros/wam_srvs/srv/Teach.l, /home/dhruv/gitwkspc/RobotArm/wam_dir/devel/share/roseus/ros/wam_srvs/srv/Teach.l)
Linked: (/home/dhruv/gitwkspc/RobotArm/wam_dir/devel/.private/wam_srvs/share/roseus/ros/wam_srvs/srv/GravityComp.l, /home/dhruv/gitwkspc/RobotArm/wam_dir/devel/share/roseus/ros/wam_srvs/srv/GravityComp.l)
Linked: (/home/dhruv/gitwkspc/RobotArm/wam_dir/devel/.private/wam_srvs/share/roseus/ros/wam_srvs/srv/BHandFingerPos.l, /home/dhruv/gitwkspc/RobotArm/wam_dir/devel/share/roseus/ros/wam_srvs/srv/BHandFingerPos.l)
Linked: (/home/dhruv/gitwkspc/RobotArm/wam_dir/devel/.private/wam_srvs/share/roseus/ros/wam_srvs/srv/CartPosMove.l, /home/dhruv/gitwkspc/RobotArm/wam_dir/devel/share/roseus/ros/wam_srvs/srv/CartPosMove.l)
Linked: (/home/dhruv/gitwkspc/RobotArm/wam_dir/devel/.private/wam_srvs/lib/pkgconfig/wam_srvs.pc, /home/dhruv/gitwkspc/RobotArm/wam_dir/devel/lib/pkgconfig/wam_srvs.pc)
Linked: (/home/dhruv/gitwkspc/RobotArm/wam_dir/devel/.private/wam_srvs/lib/python2.7/dist-packages/wam_srvs/__init__.py, /home/dhruv/gitwkspc/RobotArm/wam_dir/devel/lib/python2.7/dist-packages/wam_srvs/__init__.py)
Linked: (/home/dhruv/gitwkspc/RobotArm/wam_dir/devel/.private/wam_srvs/lib/python2.7/dist-packages/wam_srvs/srv/_ForceTorqueTool.py, /home/dhruv/gitwkspc/RobotArm/wam_dir/devel/lib/python2.7/dist-packages/wam_srvs/srv/_ForceTorqueTool.py)
Linked: (/home/dhruv/gitwkspc/RobotArm/wam_dir/devel/.private/wam_srvs/lib/python2.7/dist-packages/wam_srvs/srv/_CartVel.py, /home/dhruv/gitwkspc/RobotArm/wam_dir/devel/lib/python2.7/dist-packages/wam_srvs/srv/_CartVel.py)
Linked: (/home/dhruv/gitwkspc/RobotArm/wam_dir/devel/.private/wam_srvs/lib/python2.7/dist-packages/wam_srvs/srv/_ForceTorque.py, /home/dhruv/gitwkspc/RobotArm/wam_dir/devel/lib/python2.7/dist-packages/wam_srvs/srv/_ForceTorque.py)
Linked: (/home/dhruv/gitwkspc/RobotArm/wam_dir/devel/.private/wam_srvs/lib/python2.7/dist-packages/wam_srvs/srv/_PoseMove.py, /home/dhruv/gitwkspc/RobotArm/wam_dir/devel/lib/python2.7/dist-packages/wam_srvs/srv/_PoseMove.py)
Linked: (/home/dhruv/gitwkspc/RobotArm/wam_dir/devel/.private/wam_srvs/lib/python2.7/dist-packages/wam_srvs/srv/_BHandFingerPos.py, /home/dhruv/gitwkspc/RobotArm/wam_dir/devel/lib/python2.7/dist-packages/wam_srvs/srv/_BHandFingerPos.py)
Linked: (/home/dhruv/gitwkspc/RobotArm/wam_dir/devel/.private/wam_srvs/lib/python2.7/dist-packages/wam_srvs/srv/_ForceTorqueToolTime.py, /home/dhruv/gitwkspc/RobotArm/wam_dir/devel/lib/python2.7/dist-packages/wam_srvs/srv/_ForceTorqueToolTime.py)
Linked: (/home/dhruv/gitwkspc/RobotArm/wam_dir/devel/.private/wam_srvs/lib/python2.7/dist-packages/wam_srvs/srv/_Play.py, /home/dhruv/gitwkspc/RobotArm/wam_dir/devel/lib/python2.7/dist-packages/wam_srvs/srv/_Play.py)
Linked: (/home/dhruv/gitwkspc/RobotArm/wam_dir/devel/.private/wam_srvs/lib/python2.7/dist-packages/wam_srvs/srv/_HapticSphere.py, /home/dhruv/gitwkspc/RobotArm/wam_dir/devel/lib/python2.7/dist-packages/wam_srvs/srv/_HapticSphere.py)
Linked: (/home/dhruv/gitwkspc/RobotArm/wam_dir/devel/.private/wam_srvs/lib/python2.7/dist-packages/wam_srvs/srv/_CartPosMove.py, /home/dhruv/gitwkspc/RobotArm/wam_dir/devel/lib/python2.7/dist-packages/wam_srvs/srv/_CartPosMove.py)
Linked: (/home/dhruv/gitwkspc/RobotArm/wam_dir/devel/.private/wam_srvs/lib/python2.7/dist-packages/wam_srvs/srv/_OrtnGains.py, /home/dhruv/gitwkspc/RobotArm/wam_dir/devel/lib/python2.7/dist-packages/wam_srvs/srv/_OrtnGains.py)
Linked: (/home/dhruv/gitwkspc/RobotArm/wam_dir/devel/.private/wam_srvs/lib/python2.7/dist-packages/wam_srvs/srv/_BHandSpreadVel.py, /home/dhruv/gitwkspc/RobotArm/wam_dir/devel/lib/python2.7/dist-packages/wam_srvs/srv/_BHandSpreadVel.py)
Linked: (/home/dhruv/gitwkspc/RobotArm/wam_dir/devel/.private/wam_srvs/lib/python2.7/dist-packages/wam_srvs/srv/_FollowPath.py, /home/dhruv/gitwkspc/RobotArm/wam_dir/devel/lib/python2.7/dist-packages/wam_srvs/srv/_FollowPath.py)
Linked: (/home/dhruv/gitwkspc/RobotArm/wam_dir/devel/.private/wam_srvs/lib/python2.7/dist-packages/wam_srvs/srv/_OrtnMove.py, /home/dhruv/gitwkspc/RobotArm/wam_dir/devel/lib/python2.7/dist-packages/wam_srvs/srv/_OrtnMove.py)
Linked: (/home/dhruv/gitwkspc/RobotArm/wam_dir/devel/.private/wam_srvs/lib/python2.7/dist-packages/wam_srvs/srv/_HoldGains.py, /home/dhruv/gitwkspc/RobotArm/wam_dir/devel/lib/python2.7/dist-packages/wam_srvs/srv/_HoldGains.py)
Linked: (/home/dhruv/gitwkspc/RobotArm/wam_dir/devel/.private/wam_srvs/lib/python2.7/dist-packages/wam_srvs/srv/_JV_PID.py, /home/dhruv/gitwkspc/RobotArm/wam_dir/devel/lib/python2.7/dist-packages/wam_srvs/srv/_JV_PID.py)
Linked: (/home/dhruv/gitwkspc/RobotArm/wam_dir/devel/.private/wam_srvs/lib/python2.7/dist-packages/wam_srvs/srv/_Hold.py, /home/dhruv/gitwkspc/RobotArm/wam_dir/devel/lib/python2.7/dist-packages/wam_srvs/srv/_Hold.py)
Linked: (/home/dhruv/gitwkspc/RobotArm/wam_dir/devel/.private/wam_srvs/lib/python2.7/dist-packages/wam_srvs/srv/_JointMove.py, /home/dhruv/gitwkspc/RobotArm/wam_dir/devel/lib/python2.7/dist-packages/wam_srvs/srv/_JointMove.py)
Linked: (/home/dhruv/gitwkspc/RobotArm/wam_dir/devel/.private/wam_srvs/lib/python2.7/dist-packages/wam_srvs/srv/_BHandFingerVel.py, /home/dhruv/gitwkspc/RobotArm/wam_dir/devel/lib/python2.7/dist-packages/wam_srvs/srv/_BHandFingerVel.py)
Linked: (/home/dhruv/gitwkspc/RobotArm/wam_dir/devel/.private/wam_srvs/lib/python2.7/dist-packages/wam_srvs/srv/_BHandPinchPos.py, /home/dhruv/gitwkspc/RobotArm/wam_dir/devel/lib/python2.7/dist-packages/wam_srvs/srv/_BHandPinchPos.py)
Linked: (/home/dhruv/gitwkspc/RobotArm/wam_dir/devel/.private/wam_srvs/lib/python2.7/dist-packages/wam_srvs/srv/_TP_PID.py, /home/dhruv/gitwkspc/RobotArm/wam_dir/devel/lib/python2.7/dist-packages/wam_srvs/srv/_TP_PID.py)
Linked: (/home/dhruv/gitwkspc/RobotArm/wam_dir/devel/.private/wam_srvs/lib/python2.7/dist-packages/wam_srvs/srv/_BHandSpreadPos.py, /home/dhruv/gitwkspc/RobotArm/wam_dir/devel/lib/python2.7/dist-packages/wam_srvs/srv/_BHandSpreadPos.py)
Linked: (/home/dhruv/gitwkspc/RobotArm/wam_dir/devel/.private/wam_srvs/lib/python2.7/dist-packages/wam_srvs/srv/_GravityComp.py, /home/dhruv/gitwkspc/RobotArm/wam_dir/devel/lib/python2.7/dist-packages/wam_srvs/srv/_GravityComp.py)
Linked: (/home/dhruv/gitwkspc/RobotArm/wam_dir/devel/.private/wam_srvs/lib/python2.7/dist-packages/wam_srvs/srv/_Teach.py, /home/dhruv/gitwkspc/RobotArm/wam_dir/devel/lib/python2.7/dist-packages/wam_srvs/srv/_Teach.py)
Linked: (/home/dhruv/gitwkspc/RobotArm/wam_dir/devel/.private/wam_srvs/lib/python2.7/dist-packages/wam_srvs/srv/_BHandGraspPos.py, /home/dhruv/gitwkspc/RobotArm/wam_dir/devel/lib/python2.7/dist-packages/wam_srvs/srv/_BHandGraspPos.py)
Linked: (/home/dhruv/gitwkspc/RobotArm/wam_dir/devel/.private/wam_srvs/lib/python2.7/dist-packages/wam_srvs/srv/_JointMoveBlock.py, /home/dhruv/gitwkspc/RobotArm/wam_dir/devel/lib/python2.7/dist-packages/wam_srvs/srv/_JointMoveBlock.py)
Linked: (/home/dhruv/gitwkspc/RobotArm/wam_dir/devel/.private/wam_srvs/lib/python2.7/dist-packages/wam_srvs/srv/_JP_PID.py, /home/dhruv/gitwkspc/RobotArm/wam_dir/devel/lib/python2.7/dist-packages/wam_srvs/srv/_JP_PID.py)
Linked: (/home/dhruv/gitwkspc/RobotArm/wam_dir/devel/.private/wam_srvs/lib/python2.7/dist-packages/wam_srvs/srv/_OrtnSplitMove.py, /home/dhruv/gitwkspc/RobotArm/wam_dir/devel/lib/python2.7/dist-packages/wam_srvs/srv/_OrtnSplitMove.py)
Linked: (/home/dhruv/gitwkspc/RobotArm/wam_dir/devel/.private/wam_srvs/lib/python2.7/dist-packages/wam_srvs/srv/_Link.py, /home/dhruv/gitwkspc/RobotArm/wam_dir/devel/lib/python2.7/dist-packages/wam_srvs/srv/_Link.py)
Linked: (/home/dhruv/gitwkspc/RobotArm/wam_dir/devel/.private/wam_srvs/lib/python2.7/dist-packages/wam_srvs/srv/_ForceTorqueBase.py, /home/dhruv/gitwkspc/RobotArm/wam_dir/devel/lib/python2.7/dist-packages/wam_srvs/srv/_ForceTorqueBase.py)
Linked: (/home/dhruv/gitwkspc/RobotArm/wam_dir/devel/.private/wam_srvs/lib/python2.7/dist-packages/wam_srvs/srv/_BHandGraspVel.py, /home/dhruv/gitwkspc/RobotArm/wam_dir/devel/lib/python2.7/dist-packages/wam_srvs/srv/_BHandGraspVel.py)
Linked: (/home/dhruv/gitwkspc/RobotArm/wam_dir/devel/.private/wam_srvs/lib/python2.7/dist-packages/wam_srvs/srv/_Connect.py, /home/dhruv/gitwkspc/RobotArm/wam_dir/devel/lib/python2.7/dist-packages/wam_srvs/srv/_Connect.py)
Linked: (/home/dhruv/gitwkspc/RobotArm/wam_dir/devel/.private/wam_srvs/lib/python2.7/dist-packages/wam_srvs/srv/__init__.py, /home/dhruv/gitwkspc/RobotArm/wam_dir/devel/lib/python2.7/dist-packages/wam_srvs/srv/__init__.py)
Linked: (/home/dhruv/gitwkspc/RobotArm/wam_dir/devel/.private/wam_srvs/include/wam_srvs/PoseMoveResponse.h, /home/dhruv/gitwkspc/RobotArm/wam_dir/devel/include/wam_srvs/PoseMoveResponse.h)
Linked: (/home/dhruv/gitwkspc/RobotArm/wam_dir/devel/.private/wam_srvs/include/wam_srvs/CartVelResponse.h, /home/dhruv/gitwkspc/RobotArm/wam_dir/devel/include/wam_srvs/CartVelResponse.h)
Linked: (/home/dhruv/gitwkspc/RobotArm/wam_dir/devel/.private/wam_srvs/include/wam_srvs/JP_PIDResponse.h, /home/dhruv/gitwkspc/RobotArm/wam_dir/devel/include/wam_srvs/JP_PIDResponse.h)
Linked: (/home/dhruv/gitwkspc/RobotArm/wam_dir/devel/.private/wam_srvs/include/wam_srvs/TeachRequest.h, /home/dhruv/gitwkspc/RobotArm/wam_dir/devel/include/wam_srvs/TeachRequest.h)
Linked: (/home/dhruv/gitwkspc/RobotArm/wam_dir/devel/.private/wam_srvs/include/wam_srvs/HapticSphereResponse.h, /home/dhruv/gitwkspc/RobotArm/wam_dir/devel/include/wam_srvs/HapticSphereResponse.h)
Linked: (/home/dhruv/gitwkspc/RobotArm/wam_dir/devel/.private/wam_srvs/include/wam_srvs/BHandSpreadVelResponse.h, /home/dhruv/gitwkspc/RobotArm/wam_dir/devel/include/wam_srvs/BHandSpreadVelResponse.h)
Linked: (/home/dhruv/gitwkspc/RobotArm/wam_dir/devel/.private/wam_srvs/include/wam_srvs/CartPosMove.h, /home/dhruv/gitwkspc/RobotArm/wam_dir/devel/include/wam_srvs/CartPosMove.h)
Linked: (/home/dhruv/gitwkspc/RobotArm/wam_dir/devel/.private/wam_srvs/include/wam_srvs/ForceTorqueToolTime.h, /home/dhruv/gitwkspc/RobotArm/wam_dir/devel/include/wam_srvs/ForceTorqueToolTime.h)
Linked: (/home/dhruv/gitwkspc/RobotArm/wam_dir/devel/.private/wam_srvs/include/wam_srvs/OrtnGainsResponse.h, /home/dhruv/gitwkspc/RobotArm/wam_dir/devel/include/wam_srvs/OrtnGainsResponse.h)
Linked: (/home/dhruv/gitwkspc/RobotArm/wam_dir/devel/.private/wam_srvs/include/wam_srvs/PoseMoveRequest.h, /home/dhruv/gitwkspc/RobotArm/wam_dir/devel/include/wam_srvs/PoseMoveRequest.h)
Linked: (/home/dhruv/gitwkspc/RobotArm/wam_dir/devel/.private/wam_srvs/include/wam_srvs/BHandFingerVel.h, /home/dhruv/gitwkspc/RobotArm/wam_dir/devel/include/wam_srvs/BHandFingerVel.h)
Linked: (/home/dhruv/gitwkspc/RobotArm/wam_dir/devel/.private/wam_srvs/include/wam_srvs/Connect.h, /home/dhruv/gitwkspc/RobotArm/wam_dir/devel/include/wam_srvs/Connect.h)
Linked: (/home/dhruv/gitwkspc/RobotArm/wam_dir/devel/.private/wam_srvs/include/wam_srvs/ForceTorqueBaseResponse.h, /home/dhruv/gitwkspc/RobotArm/wam_dir/devel/include/wam_srvs/ForceTorqueBaseResponse.h)
Linked: (/home/dhruv/gitwkspc/RobotArm/wam_dir/devel/.private/wam_srvs/include/wam_srvs/PlayRequest.h, /home/dhruv/gitwkspc/RobotArm/wam_dir/devel/include/wam_srvs/PlayRequest.h)
Linked: (/home/dhruv/gitwkspc/RobotArm/wam_dir/devel/.private/wam_srvs/include/wam_srvs/CartPosMoveResponse.h, /home/dhruv/gitwkspc/RobotArm/wam_dir/devel/include/wam_srvs/CartPosMoveResponse.h)
Linked: (/home/dhruv/gitwkspc/RobotArm/wam_dir/devel/.private/wam_srvs/include/wam_srvs/BHandGraspVelRequest.h, /home/dhruv/gitwkspc/RobotArm/wam_dir/devel/include/wam_srvs/BHandGraspVelRequest.h)
Linked: (/home/dhruv/gitwkspc/RobotArm/wam_dir/devel/.private/wam_srvs/include/wam_srvs/PoseMove.h, /home/dhruv/gitwkspc/RobotArm/wam_dir/devel/include/wam_srvs/PoseMove.h)
Linked: (/home/dhruv/gitwkspc/RobotArm/wam_dir/devel/.private/wam_srvs/include/wam_srvs/OrtnSplitMoveRequest.h, /home/dhruv/gitwkspc/RobotArm/wam_dir/devel/include/wam_srvs/OrtnSplitMoveRequest.h)
Linked: (/home/dhruv/gitwkspc/RobotArm/wam_dir/devel/.private/wam_srvs/include/wam_srvs/BHandPinchPosRequest.h, /home/dhruv/gitwkspc/RobotArm/wam_dir/devel/include/wam_srvs/BHandPinchPosRequest.h)
Linked: (/home/dhruv/gitwkspc/RobotArm/wam_dir/devel/.private/wam_srvs/include/wam_srvs/Teach.h, /home/dhruv/gitwkspc/RobotArm/wam_dir/devel/include/wam_srvs/Teach.h)
Linked: (/home/dhruv/gitwkspc/RobotArm/wam_dir/devel/.private/wam_srvs/include/wam_srvs/JV_PIDResponse.h, /home/dhruv/gitwkspc/RobotArm/wam_dir/devel/include/wam_srvs/JV_PIDResponse.h)
Linked: (/home/dhruv/gitwkspc/RobotArm/wam_dir/devel/.private/wam_srvs/include/wam_srvs/JP_PIDRequest.h, /home/dhruv/gitwkspc/RobotArm/wam_dir/devel/include/wam_srvs/JP_PIDRequest.h)
Linked: (/home/dhruv/gitwkspc/RobotArm/wam_dir/devel/.private/wam_srvs/include/wam_srvs/ConnectRequest.h, /home/dhruv/gitwkspc/RobotArm/wam_dir/devel/include/wam_srvs/ConnectRequest.h)
Linked: (/home/dhruv/gitwkspc/RobotArm/wam_dir/devel/.private/wam_srvs/include/wam_srvs/BHandSpreadPos.h, /home/dhruv/gitwkspc/RobotArm/wam_dir/devel/include/wam_srvs/BHandSpreadPos.h)
Linked: (/home/dhruv/gitwkspc/RobotArm/wam_dir/devel/.private/wam_srvs/include/wam_srvs/BHandFingerPos.h, /home/dhruv/gitwkspc/RobotArm/wam_dir/devel/include/wam_srvs/BHandFingerPos.h)
Linked: (/home/dhruv/gitwkspc/RobotArm/wam_dir/devel/.private/wam_srvs/include/wam_srvs/BHandPinchPosResponse.h, /home/dhruv/gitwkspc/RobotArm/wam_dir/devel/include/wam_srvs/BHandPinchPosResponse.h)
Linked: (/home/dhruv/gitwkspc/RobotArm/wam_dir/devel/.private/wam_srvs/include/wam_srvs/BHandGraspVel.h, /home/dhruv/gitwkspc/RobotArm/wam_dir/devel/include/wam_srvs/BHandGraspVel.h)
Linked: (/home/dhruv/gitwkspc/RobotArm/wam_dir/devel/.private/wam_srvs/include/wam_srvs/HoldResponse.h, /home/dhruv/gitwkspc/RobotArm/wam_dir/devel/include/wam_srvs/HoldResponse.h)
Linked: (/home/dhruv/gitwkspc/RobotArm/wam_dir/devel/.private/wam_srvs/include/wam_srvs/ForceTorqueToolRequest.h, /home/dhruv/gitwkspc/RobotArm/wam_dir/devel/include/wam_srvs/ForceTorqueToolRequest.h)
Linked: (/home/dhruv/gitwkspc/RobotArm/wam_dir/devel/.private/wam_srvs/include/wam_srvs/ConnectResponse.h, /home/dhruv/gitwkspc/RobotArm/wam_dir/devel/include/wam_srvs/ConnectResponse.h)
Linked: (/home/dhruv/gitwkspc/RobotArm/wam_dir/devel/.private/wam_srvs/include/wam_srvs/OrtnSplitMoveResponse.h, /home/dhruv/gitwkspc/RobotArm/wam_dir/devel/include/wam_srvs/OrtnSplitMoveResponse.h)
Linked: (/home/dhruv/gitwkspc/RobotArm/wam_dir/devel/.private/wam_srvs/include/wam_srvs/BHandSpreadVel.h, /home/dhruv/gitwkspc/RobotArm/wam_dir/devel/include/wam_srvs/BHandSpreadVel.h)
Linked: (/home/dhruv/gitwkspc/RobotArm/wam_dir/devel/.private/wam_srvs/include/wam_srvs/ForceTorqueBase.h, /home/dhruv/gitwkspc/RobotArm/wam_dir/devel/include/wam_srvs/ForceTorqueBase.h)
Linked: (/home/dhruv/gitwkspc/RobotArm/wam_dir/devel/.private/wam_srvs/include/wam_srvs/BHandFingerVelRequest.h, /home/dhruv/gitwkspc/RobotArm/wam_dir/devel/include/wam_srvs/BHandFingerVelRequest.h)
Linked: (/home/dhruv/gitwkspc/RobotArm/wam_dir/devel/.private/wam_srvs/include/wam_srvs/CartVelRequest.h, /home/dhruv/gitwkspc/RobotArm/wam_dir/devel/include/wam_srvs/CartVelRequest.h)
Linked: (/home/dhruv/gitwkspc/RobotArm/wam_dir/devel/.private/wam_srvs/include/wam_srvs/ForceTorque.h, /home/dhruv/gitwkspc/RobotArm/wam_dir/devel/include/wam_srvs/ForceTorque.h)
Linked: (/home/dhruv/gitwkspc/RobotArm/wam_dir/devel/.private/wam_srvs/include/wam_srvs/TP_PID.h, /home/dhruv/gitwkspc/RobotArm/wam_dir/devel/include/wam_srvs/TP_PID.h)
Linked: (/home/dhruv/gitwkspc/RobotArm/wam_dir/devel/.private/wam_srvs/include/wam_srvs/OrtnGainsRequest.h, /home/dhruv/gitwkspc/RobotArm/wam_dir/devel/include/wam_srvs/OrtnGainsRequest.h)
Linked: (/home/dhruv/gitwkspc/RobotArm/wam_dir/devel/.private/wam_srvs/include/wam_srvs/JointMoveRequest.h, /home/dhruv/gitwkspc/RobotArm/wam_dir/devel/include/wam_srvs/JointMoveRequest.h)
Linked: (/home/dhruv/gitwkspc/RobotArm/wam_dir/devel/.private/wam_srvs/include/wam_srvs/BHandFingerPosResponse.h, /home/dhruv/gitwkspc/RobotArm/wam_dir/devel/include/wam_srvs/BHandFingerPosResponse.h)
Linked: (/home/dhruv/gitwkspc/RobotArm/wam_dir/devel/.private/wam_srvs/include/wam_srvs/GravityCompResponse.h, /home/dhruv/gitwkspc/RobotArm/wam_dir/devel/include/wam_srvs/GravityCompResponse.h)
Linked: (/home/dhruv/gitwkspc/RobotArm/wam_dir/devel/.private/wam_srvs/include/wam_srvs/BHandSpreadPosRequest.h, /home/dhruv/gitwkspc/RobotArm/wam_dir/devel/include/wam_srvs/BHandSpreadPosRequest.h)
Linked: (/home/dhruv/gitwkspc/RobotArm/wam_dir/devel/.private/wam_srvs/include/wam_srvs/ForceTorqueToolTimeRequest.h, /home/dhruv/gitwkspc/RobotArm/wam_dir/devel/include/wam_srvs/ForceTorqueToolTimeRequest.h)
Linked: (/home/dhruv/gitwkspc/RobotArm/wam_dir/devel/.private/wam_srvs/include/wam_srvs/JointMoveBlock.h, /home/dhruv/gitwkspc/RobotArm/wam_dir/devel/include/wam_srvs/JointMoveBlock.h)
Linked: (/home/dhruv/gitwkspc/RobotArm/wam_dir/devel/.private/wam_srvs/include/wam_srvs/CartPosMoveRequest.h, /home/dhruv/gitwkspc/RobotArm/wam_dir/devel/include/wam_srvs/CartPosMoveRequest.h)
Linked: (/home/dhruv/gitwkspc/RobotArm/wam_dir/devel/.private/wam_srvs/include/wam_srvs/OrtnMoveRequest.h, /home/dhruv/gitwkspc/RobotArm/wam_dir/devel/include/wam_srvs/OrtnMoveRequest.h)
Linked: (/home/dhruv/gitwkspc/RobotArm/wam_dir/devel/.private/wam_srvs/include/wam_srvs/HoldRequest.h, /home/dhruv/gitwkspc/RobotArm/wam_dir/devel/include/wam_srvs/HoldRequest.h)
Linked: (/home/dhruv/gitwkspc/RobotArm/wam_dir/devel/.private/wam_srvs/include/wam_srvs/CartVel.h, /home/dhruv/gitwkspc/RobotArm/wam_dir/devel/include/wam_srvs/CartVel.h)
Linked: (/home/dhruv/gitwkspc/RobotArm/wam_dir/devel/.private/wam_srvs/include/wam_srvs/JointMoveBlockRequest.h, /home/dhruv/gitwkspc/RobotArm/wam_dir/devel/include/wam_srvs/JointMoveBlockRequest.h)
Linked: (/home/dhruv/gitwkspc/RobotArm/wam_dir/devel/.private/wam_srvs/include/wam_srvs/Link.h, /home/dhruv/gitwkspc/RobotArm/wam_dir/devel/include/wam_srvs/Link.h)
Linked: (/home/dhruv/gitwkspc/RobotArm/wam_dir/devel/.private/wam_srvs/include/wam_srvs/GravityCompRequest.h, /home/dhruv/gitwkspc/RobotArm/wam_dir/devel/include/wam_srvs/GravityCompRequest.h)
Linked: (/home/dhruv/gitwkspc/RobotArm/wam_dir/devel/.private/wam_srvs/include/wam_srvs/JP_PID.h, /home/dhruv/gitwkspc/RobotArm/wam_dir/devel/include/wam_srvs/JP_PID.h)
Linked: (/home/dhruv/gitwkspc/RobotArm/wam_dir/devel/.private/wam_srvs/include/wam_srvs/PlayResponse.h, /home/dhruv/gitwkspc/RobotArm/wam_dir/devel/include/wam_srvs/PlayResponse.h)
Linked: (/home/dhruv/gitwkspc/RobotArm/wam_dir/devel/.private/wam_srvs/include/wam_srvs/BHandGraspPos.h, /home/dhruv/gitwkspc/RobotArm/wam_dir/devel/include/wam_srvs/BHandGraspPos.h)
Linked: (/home/dhruv/gitwkspc/RobotArm/wam_dir/devel/.private/wam_srvs/include/wam_srvs/BHandPinchPos.h, /home/dhruv/gitwkspc/RobotArm/wam_dir/devel/include/wam_srvs/BHandPinchPos.h)
Linked: (/home/dhruv/gitwkspc/RobotArm/wam_dir/devel/.private/wam_srvs/include/wam_srvs/JointMoveBlockResponse.h, /home/dhruv/gitwkspc/RobotArm/wam_dir/devel/include/wam_srvs/JointMoveBlockResponse.h)
Linked: (/home/dhruv/gitwkspc/RobotArm/wam_dir/devel/.private/wam_srvs/include/wam_srvs/JV_PIDRequest.h, /home/dhruv/gitwkspc/RobotArm/wam_dir/devel/include/wam_srvs/JV_PIDRequest.h)
Linked: (/home/dhruv/gitwkspc/RobotArm/wam_dir/devel/.private/wam_srvs/include/wam_srvs/ForceTorqueToolTimeResponse.h, /home/dhruv/gitwkspc/RobotArm/wam_dir/devel/include/wam_srvs/ForceTorqueToolTimeResponse.h)
Linked: (/home/dhruv/gitwkspc/RobotArm/wam_dir/devel/.private/wam_srvs/include/wam_srvs/ForceTorqueResponse.h, /home/dhruv/gitwkspc/RobotArm/wam_dir/devel/include/wam_srvs/ForceTorqueResponse.h)
Linked: (/home/dhruv/gitwkspc/RobotArm/wam_dir/devel/.private/wam_srvs/include/wam_srvs/BHandFingerVelResponse.h, /home/dhruv/gitwkspc/RobotArm/wam_dir/devel/include/wam_srvs/BHandFingerVelResponse.h)
Linked: (/home/dhruv/gitwkspc/RobotArm/wam_dir/devel/.private/wam_srvs/include/wam_srvs/GravityComp.h, /home/dhruv/gitwkspc/RobotArm/wam_dir/devel/include/wam_srvs/GravityComp.h)
Linked: (/home/dhruv/gitwkspc/RobotArm/wam_dir/devel/.private/wam_srvs/include/wam_srvs/LinkResponse.h, /home/dhruv/gitwkspc/RobotArm/wam_dir/devel/include/wam_srvs/LinkResponse.h)
Linked: (/home/dhruv/gitwkspc/RobotArm/wam_dir/devel/.private/wam_srvs/include/wam_srvs/BHandGraspPosResponse.h, /home/dhruv/gitwkspc/RobotArm/wam_dir/devel/include/wam_srvs/BHandGraspPosResponse.h)
Linked: (/home/dhruv/gitwkspc/RobotArm/wam_dir/devel/.private/wam_srvs/include/wam_srvs/Play.h, /home/dhruv/gitwkspc/RobotArm/wam_dir/devel/include/wam_srvs/Play.h)
Linked: (/home/dhruv/gitwkspc/RobotArm/wam_dir/devel/.private/wam_srvs/include/wam_srvs/OrtnSplitMove.h, /home/dhruv/gitwkspc/RobotArm/wam_dir/devel/include/wam_srvs/OrtnSplitMove.h)
Linked: (/home/dhruv/gitwkspc/RobotArm/wam_dir/devel/.private/wam_srvs/include/wam_srvs/FollowPath.h, /home/dhruv/gitwkspc/RobotArm/wam_dir/devel/include/wam_srvs/FollowPath.h)
Linked: (/home/dhruv/gitwkspc/RobotArm/wam_dir/devel/.private/wam_srvs/include/wam_srvs/TP_PIDResponse.h, /home/dhruv/gitwkspc/RobotArm/wam_dir/devel/include/wam_srvs/TP_PIDResponse.h)
Linked: (/home/dhruv/gitwkspc/RobotArm/wam_dir/devel/.private/wam_srvs/include/wam_srvs/Hold.h, /home/dhruv/gitwkspc/RobotArm/wam_dir/devel/include/wam_srvs/Hold.h)
Linked: (/home/dhruv/gitwkspc/RobotArm/wam_dir/devel/.private/wam_srvs/include/wam_srvs/FollowPathRequest.h, /home/dhruv/gitwkspc/RobotArm/wam_dir/devel/include/wam_srvs/FollowPathRequest.h)
Linked: (/home/dhruv/gitwkspc/RobotArm/wam_dir/devel/.private/wam_srvs/include/wam_srvs/HoldGains.h, /home/dhruv/gitwkspc/RobotArm/wam_dir/devel/include/wam_srvs/HoldGains.h)
Linked: (/home/dhruv/gitwkspc/RobotArm/wam_dir/devel/.private/wam_srvs/include/wam_srvs/LinkRequest.h, /home/dhruv/gitwkspc/RobotArm/wam_dir/devel/include/wam_srvs/LinkRequest.h)
Linked: (/home/dhruv/gitwkspc/RobotArm/wam_dir/devel/.private/wam_srvs/include/wam_srvs/ForceTorqueToolResponse.h, /home/dhruv/gitwkspc/RobotArm/wam_dir/devel/include/wam_srvs/ForceTorqueToolResponse.h)
Linked: (/home/dhruv/gitwkspc/RobotArm/wam_dir/devel/.private/wam_srvs/include/wam_srvs/HapticSphereRequest.h, /home/dhruv/gitwkspc/RobotArm/wam_dir/devel/include/wam_srvs/HapticSphereRequest.h)
Linked: (/home/dhruv/gitwkspc/RobotArm/wam_dir/devel/.private/wam_srvs/include/wam_srvs/BHandGraspPosRequest.h, /home/dhruv/gitwkspc/RobotArm/wam_dir/devel/include/wam_srvs/BHandGraspPosRequest.h)
Linked: (/home/dhruv/gitwkspc/RobotArm/wam_dir/devel/.private/wam_srvs/include/wam_srvs/BHandGraspVelResponse.h, /home/dhruv/gitwkspc/RobotArm/wam_dir/devel/include/wam_srvs/BHandGraspVelResponse.h)
Linked: (/home/dhruv/gitwkspc/RobotArm/wam_dir/devel/.private/wam_srvs/include/wam_srvs/BHandSpreadVelRequest.h, /home/dhruv/gitwkspc/RobotArm/wam_dir/devel/include/wam_srvs/BHandSpreadVelRequest.h)
Linked: (/home/dhruv/gitwkspc/RobotArm/wam_dir/devel/.private/wam_srvs/include/wam_srvs/JV_PID.h, /home/dhruv/gitwkspc/RobotArm/wam_dir/devel/include/wam_srvs/JV_PID.h)
Linked: (/home/dhruv/gitwkspc/RobotArm/wam_dir/devel/.private/wam_srvs/include/wam_srvs/ForceTorqueRequest.h, /home/dhruv/gitwkspc/RobotArm/wam_dir/devel/include/wam_srvs/ForceTorqueRequest.h)
Linked: (/home/dhruv/gitwkspc/RobotArm/wam_dir/devel/.private/wam_srvs/include/wam_srvs/ForceTorqueTool.h, /home/dhruv/gitwkspc/RobotArm/wam_dir/devel/include/wam_srvs/ForceTorqueTool.h)
Linked: (/home/dhruv/gitwkspc/RobotArm/wam_dir/devel/.private/wam_srvs/include/wam_srvs/ForceTorqueBaseRequest.h, /home/dhruv/gitwkspc/RobotArm/wam_dir/devel/include/wam_srvs/ForceTorqueBaseRequest.h)
Linked: (/home/dhruv/gitwkspc/RobotArm/wam_dir/devel/.private/wam_srvs/include/wam_srvs/OrtnMoveResponse.h, /home/dhruv/gitwkspc/RobotArm/wam_dir/devel/include/wam_srvs/OrtnMoveResponse.h)
Linked: (/home/dhruv/gitwkspc/RobotArm/wam_dir/devel/.private/wam_srvs/include/wam_srvs/OrtnMove.h, /home/dhruv/gitwkspc/RobotArm/wam_dir/devel/include/wam_srvs/OrtnMove.h)
Linked: (/home/dhruv/gitwkspc/RobotArm/wam_dir/devel/.private/wam_srvs/include/wam_srvs/TeachResponse.h, /home/dhruv/gitwkspc/RobotArm/wam_dir/devel/include/wam_srvs/TeachResponse.h)
Linked: (/home/dhruv/gitwkspc/RobotArm/wam_dir/devel/.private/wam_srvs/include/wam_srvs/HapticSphere.h, /home/dhruv/gitwkspc/RobotArm/wam_dir/devel/include/wam_srvs/HapticSphere.h)
Linked: (/home/dhruv/gitwkspc/RobotArm/wam_dir/devel/.private/wam_srvs/include/wam_srvs/OrtnGains.h, /home/dhruv/gitwkspc/RobotArm/wam_dir/devel/include/wam_srvs/OrtnGains.h)
Linked: (/home/dhruv/gitwkspc/RobotArm/wam_dir/devel/.private/wam_srvs/include/wam_srvs/BHandSpreadPosResponse.h, /home/dhruv/gitwkspc/RobotArm/wam_dir/devel/include/wam_srvs/BHandSpreadPosResponse.h)
Linked: (/home/dhruv/gitwkspc/RobotArm/wam_dir/devel/.private/wam_srvs/include/wam_srvs/FollowPathResponse.h, /home/dhruv/gitwkspc/RobotArm/wam_dir/devel/include/wam_srvs/FollowPathResponse.h)
Linked: (/home/dhruv/gitwkspc/RobotArm/wam_dir/devel/.private/wam_srvs/include/wam_srvs/HoldGainsResponse.h, /home/dhruv/gitwkspc/RobotArm/wam_dir/devel/include/wam_srvs/HoldGainsResponse.h)
Linked: (/home/dhruv/gitwkspc/RobotArm/wam_dir/devel/.private/wam_srvs/include/wam_srvs/HoldGainsRequest.h, /home/dhruv/gitwkspc/RobotArm/wam_dir/devel/include/wam_srvs/HoldGainsRequest.h)
Linked: (/home/dhruv/gitwkspc/RobotArm/wam_dir/devel/.private/wam_srvs/include/wam_srvs/JointMove.h, /home/dhruv/gitwkspc/RobotArm/wam_dir/devel/include/wam_srvs/JointMove.h)
Linked: (/home/dhruv/gitwkspc/RobotArm/wam_dir/devel/.private/wam_srvs/include/wam_srvs/JointMoveResponse.h, /home/dhruv/gitwkspc/RobotArm/wam_dir/devel/include/wam_srvs/JointMoveResponse.h)
Linked: (/home/dhruv/gitwkspc/RobotArm/wam_dir/devel/.private/wam_srvs/include/wam_srvs/BHandFingerPosRequest.h, /home/dhruv/gitwkspc/RobotArm/wam_dir/devel/include/wam_srvs/BHandFingerPosRequest.h)
Linked: (/home/dhruv/gitwkspc/RobotArm/wam_dir/devel/.private/wam_srvs/include/wam_srvs/TP_PIDRequest.h, /home/dhruv/gitwkspc/RobotArm/wam_dir/devel/include/wam_srvs/TP_PIDRequest.h)
