[35m[1mScanning dependencies of target _wam_srvs_generate_messages_check_deps_PoseMove[0m
[  0%] Built target _wam_srvs_generate_messages_check_deps_PoseMove
[35m[1mScanning dependencies of target _wam_srvs_generate_messages_check_deps_Hold[0m
[  0%] Built target _wam_srvs_generate_messages_check_deps_Hold
[35m[1mScanning dependencies of target _wam_srvs_generate_messages_check_deps_GravityComp[0m
[  0%] Built target _wam_srvs_generate_messages_check_deps_GravityComp
[35m[1mScanning dependencies of target _wam_srvs_generate_messages_check_deps_OrtnMove[0m
[  0%] Built target _wam_srvs_generate_messages_check_deps_OrtnMove
[35m[1mScanning dependencies of target _wam_srvs_generate_messages_check_deps_BHandGraspVel[0m
[  0%] Built target _wam_srvs_generate_messages_check_deps_BHandGraspVel
[35m[1mScanning dependencies of target _wam_srvs_generate_messages_check_deps_CartPosMove[0m
[  0%] Built target _wam_srvs_generate_messages_check_deps_CartPosMove
[35m[1mScanning dependencies of target _wam_srvs_generate_messages_check_deps_BHandPinchPos[0m
[  0%] Built target _wam_srvs_generate_messages_check_deps_BHandPinchPos
[35m[1mScanning dependencies of target _wam_srvs_generate_messages_check_deps_ForceTorqueBase[0m
[  0%] Built target _wam_srvs_generate_messages_check_deps_ForceTorqueBase
[35m[1mScanning dependencies of target _wam_srvs_generate_messages_check_deps_BHandFingerPos[0m
[  0%] Built target _wam_srvs_generate_messages_check_deps_BHandFingerPos
[35m[1mScanning dependencies of target _wam_srvs_generate_messages_check_deps_ForceTorqueTool[0m
[  0%] Built target _wam_srvs_generate_messages_check_deps_ForceTorqueTool
[35m[1mScanning dependencies of target _wam_srvs_generate_messages_check_deps_TP_PID[0m
[  0%] Built target _wam_srvs_generate_messages_check_deps_TP_PID
[35m[1mScanning dependencies of target _wam_srvs_generate_messages_check_deps_BHandFingerVel[0m
[  0%] Built target _wam_srvs_generate_messages_check_deps_BHandFingerVel
[35m[1mScanning dependencies of target _wam_srvs_generate_messages_check_deps_JointMoveBlock[0m
[  0%] Built target _wam_srvs_generate_messages_check_deps_JointMoveBlock
[35m[1mScanning dependencies of target _wam_srvs_generate_messages_check_deps_JointMove[0m
[  0%] Built target _wam_srvs_generate_messages_check_deps_JointMove
[35m[1mScanning dependencies of target _wam_srvs_generate_messages_check_deps_ForceTorqueToolTime[0m
[  0%] Built target _wam_srvs_generate_messages_check_deps_ForceTorqueToolTime
[35m[1mScanning dependencies of target _wam_srvs_generate_messages_check_deps_JV_PID[0m
[  0%] Built target _wam_srvs_generate_messages_check_deps_JV_PID
[35m[1mScanning dependencies of target _wam_srvs_generate_messages_check_deps_CartVel[0m
[  0%] Built target _wam_srvs_generate_messages_check_deps_CartVel
[35m[1mScanning dependencies of target _wam_srvs_generate_messages_check_deps_OrtnGains[0m
[  0%] Built target _wam_srvs_generate_messages_check_deps_OrtnGains
[35m[1mScanning dependencies of target _wam_srvs_generate_messages_check_deps_OrtnSplitMove[0m
[  0%] Built target _wam_srvs_generate_messages_check_deps_OrtnSplitMove
[35m[1mScanning dependencies of target _wam_srvs_generate_messages_check_deps_Teach[0m
[  0%] Built target _wam_srvs_generate_messages_check_deps_Teach
[35m[1mScanning dependencies of target geometry_msgs_generate_messages_lisp[0m
[  0%] Built target geometry_msgs_generate_messages_lisp
[35m[1mScanning dependencies of target _wam_srvs_generate_messages_check_deps_Link[0m
[  0%] Built target _wam_srvs_generate_messages_check_deps_Link
[35m[1mScanning dependencies of target _wam_srvs_generate_messages_check_deps_BHandGraspPos[0m
[  0%] Built target _wam_srvs_generate_messages_check_deps_BHandGraspPos
[35m[1mScanning dependencies of target _wam_srvs_generate_messages_check_deps_HapticSphere[0m
[  0%] Built target _wam_srvs_generate_messages_check_deps_HapticSphere
[35m[1mScanning dependencies of target _wam_srvs_generate_messages_check_deps_HoldGains[0m
[  0%] Built target _wam_srvs_generate_messages_check_deps_HoldGains
[35m[1mScanning dependencies of target _wam_srvs_generate_messages_check_deps_ForceTorque[0m
[  0%] Built target _wam_srvs_generate_messages_check_deps_ForceTorque
[35m[1mScanning dependencies of target _wam_srvs_generate_messages_check_deps_BHandSpreadPos[0m
[35m[1mScanning dependencies of target _wam_srvs_generate_messages_check_deps_Connect[0m
[  0%] Built target _wam_srvs_generate_messages_check_deps_BHandSpreadPos
[35m[1mScanning dependencies of target _wam_srvs_generate_messages_check_deps_JP_PID[0m
[  0%] Built target _wam_srvs_generate_messages_check_deps_Connect
[35m[1mScanning dependencies of target _wam_srvs_generate_messages_check_deps_FollowPath[0m
[  0%] Built target _wam_srvs_generate_messages_check_deps_JP_PID
[  0%] Built target _wam_srvs_generate_messages_check_deps_FollowPath
[35m[1mScanning dependencies of target _wam_srvs_generate_messages_check_deps_BHandSpreadVel[0m
[  0%] Built target _wam_srvs_generate_messages_check_deps_BHandSpreadVel
[35m[1mScanning dependencies of target _wam_srvs_generate_messages_check_deps_Play[0m
[35m[1mScanning dependencies of target geometry_msgs_generate_messages_cpp[0m
[  0%] Built target geometry_msgs_generate_messages_cpp
[  0%] Built target _wam_srvs_generate_messages_check_deps_Play
[35m[1mScanning dependencies of target geometry_msgs_generate_messages_py[0m
[  0%] Built target geometry_msgs_generate_messages_py
[35m[1mScanning dependencies of target geometry_msgs_generate_messages_nodejs[0m
[35m[1mScanning dependencies of target geometry_msgs_generate_messages_eus[0m
[35m[1mScanning dependencies of target wam_srvs_generate_messages_lisp[0m
[  0%] Built target geometry_msgs_generate_messages_nodejs
[  0%] Built target geometry_msgs_generate_messages_eus
[  0%] [34m[1mGenerating Lisp code from wam_srvs/Link.srv[0m
[  1%] [34m[1mGenerating Lisp code from wam_srvs/HapticSphere.srv[0m
[  1%] [34m[1mGenerating Lisp code from wam_srvs/OrtnSplitMove.srv[0m
[  3%] [34m[1mGenerating Lisp code from wam_srvs/BHandGraspPos.srv[0m
[  3%] [34m[1mGenerating Lisp code from wam_srvs/Play.srv[0m
[  3%] [34m[1mGenerating Lisp code from wam_srvs/BHandSpreadPos.srv[0m
[  4%] [34m[1mGenerating Lisp code from wam_srvs/ForceTorqueToolTime.srv[0m
[  4%] [34m[1mGenerating Lisp code from wam_srvs/GravityComp.srv[0m
[  5%] [34m[1mGenerating Lisp code from wam_srvs/Connect.srv[0m
[35m[1mScanning dependencies of target wam_srvs_generate_messages_cpp[0m
[  6%] [34m[1mGenerating Lisp code from wam_srvs/JV_PID.srv[0m
[  7%] [34m[1mGenerating C++ code from wam_srvs/Link.srv[0m
[  7%] [34m[1mGenerating C++ code from wam_srvs/HapticSphere.srv[0m
[  7%] [34m[1mGenerating Lisp code from wam_srvs/BHandPinchPos.srv[0m
[  8%] [34m[1mGenerating Lisp code from wam_srvs/JP_PID.srv[0m
[  8%] [34m[1mGenerating Lisp code from wam_srvs/CartVel.srv[0m
[  9%] [34m[1mGenerating Lisp code from wam_srvs/Hold.srv[0m
[  9%] [34m[1mGenerating Lisp code from wam_srvs/BHandGraspVel.srv[0m
[35m[1mScanning dependencies of target wam_srvs_generate_messages_py[0m
[ 10%] [34m[1mGenerating C++ code from wam_srvs/OrtnSplitMove.srv[0m
[ 11%] [34m[1mGenerating Python code from SRV wam_srvs/Link[0m
[ 12%] [34m[1mGenerating Lisp code from wam_srvs/BHandSpreadVel.srv[0m
[ 13%] [34m[1mGenerating Lisp code from wam_srvs/OrtnGains.srv[0m
[ 14%] [34m[1mGenerating Python code from SRV wam_srvs/HapticSphere[0m
[ 14%] [34m[1mGenerating Lisp code from wam_srvs/JointMove.srv[0m
[ 15%] [34m[1mGenerating Lisp code from wam_srvs/ForceTorque.srv[0m
[ 15%] [34m[1mGenerating Python code from SRV wam_srvs/OrtnSplitMove[0m
[ 15%] [34m[1mGenerating Lisp code from wam_srvs/TP_PID.srv[0m
[ 15%] [34m[1mGenerating C++ code from wam_srvs/BHandGraspPos.srv[0m
[ 17%] [34m[1mGenerating Lisp code from wam_srvs/FollowPath.srv[0m
[ 18%] [34m[1mGenerating Python code from SRV wam_srvs/BHandGraspPos[0m
[ 19%] [34m[1mGenerating Lisp code from wam_srvs/PoseMove.srv[0m
[ 19%] [34m[1mGenerating Lisp code from wam_srvs/BHandFingerVel.srv[0m
[ 20%] [34m[1mGenerating Lisp code from wam_srvs/Teach.srv[0m
[ 20%] [34m[1mGenerating Python code from SRV wam_srvs/Play[0m
[ 21%] [34m[1mGenerating Python code from SRV wam_srvs/BHandSpreadPos[0m
[ 21%] [34m[1mGenerating Lisp code from wam_srvs/CartPosMove.srv[0m
[ 22%] [34m[1mGenerating C++ code from wam_srvs/Play.srv[0m
[ 23%] [34m[1mGenerating Lisp code from wam_srvs/JointMoveBlock.srv[0m
[ 24%] [34m[1mGenerating Lisp code from wam_srvs/HoldGains.srv[0m
[ 25%] [34m[1mGenerating Python code from SRV wam_srvs/ForceTorqueToolTime[0m
[ 25%] [34m[1mGenerating Python code from SRV wam_srvs/GravityComp[0m
[ 25%] [34m[1mGenerating Lisp code from wam_srvs/OrtnMove.srv[0m
[ 26%] [34m[1mGenerating Lisp code from wam_srvs/ForceTorqueTool.srv[0m
[ 26%] [34m[1mGenerating Lisp code from wam_srvs/BHandFingerPos.srv[0m
[ 27%] [34m[1mGenerating Lisp code from wam_srvs/ForceTorqueBase.srv[0m
[ 28%] [34m[1mGenerating Python code from SRV wam_srvs/Connect[0m
[ 28%] [34m[1mGenerating Python code from SRV wam_srvs/JV_PID[0m
[ 28%] Built target wam_srvs_generate_messages_lisp
[35m[1mScanning dependencies of target wam_srvs_generate_messages_nodejs[0m
[ 29%] [34m[1mGenerating Javascript code from wam_srvs/Link.srv[0m
[ 30%] [34m[1mGenerating C++ code from wam_srvs/BHandSpreadPos.srv[0m
[ 30%] [34m[1mGenerating Javascript code from wam_srvs/HapticSphere.srv[0m
[ 31%] [34m[1mGenerating Javascript code from wam_srvs/OrtnSplitMove.srv[0m
[ 32%] [34m[1mGenerating Python code from SRV wam_srvs/BHandPinchPos[0m
[ 34%] [34m[1mGenerating Python code from SRV wam_srvs/JP_PID[0m
[ 34%] [34m[1mGenerating Javascript code from wam_srvs/BHandGraspPos.srv[0m
[ 35%] [34m[1mGenerating Javascript code from wam_srvs/Play.srv[0m
[ 35%] [34m[1mGenerating Python code from SRV wam_srvs/CartVel[0m
[ 35%] [34m[1mGenerating C++ code from wam_srvs/ForceTorqueToolTime.srv[0m
[ 36%] [34m[1mGenerating Javascript code from wam_srvs/BHandSpreadPos.srv[0m
[ 37%] [34m[1mGenerating C++ code from wam_srvs/GravityComp.srv[0m
[ 37%] [34m[1mGenerating Javascript code from wam_srvs/ForceTorqueToolTime.srv[0m
[ 38%] [34m[1mGenerating Python code from SRV wam_srvs/Hold[0m
[ 39%] [34m[1mGenerating Javascript code from wam_srvs/GravityComp.srv[0m
[ 39%] [34m[1mGenerating Javascript code from wam_srvs/Connect.srv[0m
[ 40%] [34m[1mGenerating Javascript code from wam_srvs/JV_PID.srv[0m
[ 40%] [34m[1mGenerating Python code from SRV wam_srvs/BHandGraspVel[0m
[ 41%] [34m[1mGenerating Javascript code from wam_srvs/BHandPinchPos.srv[0m
[ 41%] [34m[1mGenerating C++ code from wam_srvs/Connect.srv[0m
[ 41%] [34m[1mGenerating Javascript code from wam_srvs/JP_PID.srv[0m
[ 42%] [34m[1mGenerating Python code from SRV wam_srvs/BHandSpreadVel[0m
[ 43%] [34m[1mGenerating C++ code from wam_srvs/JV_PID.srv[0m
[ 44%] [34m[1mGenerating Javascript code from wam_srvs/CartVel.srv[0m
[ 44%] [34m[1mGenerating Javascript code from wam_srvs/Hold.srv[0m
[ 45%] [34m[1mGenerating Python code from SRV wam_srvs/OrtnGains[0m
[ 46%] [34m[1mGenerating Javascript code from wam_srvs/BHandGraspVel.srv[0m
[ 47%] [34m[1mGenerating Javascript code from wam_srvs/BHandSpreadVel.srv[0m
[ 47%] [34m[1mGenerating Python code from SRV wam_srvs/JointMove[0m
[35m[1mScanning dependencies of target wam_srvs_generate_messages_eus[0m
[ 47%] [34m[1mGenerating Javascript code from wam_srvs/OrtnGains.srv[0m
[ 47%] [34m[1mGenerating EusLisp code from wam_srvs/Link.srv[0m
[ 48%] [34m[1mGenerating Javascript code from wam_srvs/JointMove.srv[0m
[ 50%] [34m[1mGenerating C++ code from wam_srvs/BHandPinchPos.srv[0m
[ 51%] [34m[1mGenerating EusLisp code from wam_srvs/HapticSphere.srv[0m
[ 51%] [34m[1mGenerating Javascript code from wam_srvs/ForceTorque.srv[0m
[ 52%] [34m[1mGenerating Python code from SRV wam_srvs/ForceTorque[0m
[ 53%] [34m[1mGenerating Javascript code from wam_srvs/TP_PID.srv[0m
[ 53%] [34m[1mGenerating EusLisp code from wam_srvs/OrtnSplitMove.srv[0m
[ 54%] [34m[1mGenerating Javascript code from wam_srvs/FollowPath.srv[0m
[ 54%] [34m[1mGenerating Python code from SRV wam_srvs/TP_PID[0m
[ 55%] [34m[1mGenerating EusLisp code from wam_srvs/BHandGraspPos.srv[0m
[ 55%] [34m[1mGenerating Javascript code from wam_srvs/PoseMove.srv[0m
[ 56%] [34m[1mGenerating Javascript code from wam_srvs/BHandFingerVel.srv[0m
[ 56%] [34m[1mGenerating EusLisp code from wam_srvs/Play.srv[0m
[ 57%] [34m[1mGenerating Python code from SRV wam_srvs/FollowPath[0m
[ 57%] [34m[1mGenerating C++ code from wam_srvs/JP_PID.srv[0m
[ 57%] [34m[1mGenerating Javascript code from wam_srvs/Teach.srv[0m
[ 58%] [34m[1mGenerating EusLisp code from wam_srvs/BHandSpreadPos.srv[0m
[ 59%] [34m[1mGenerating Javascript code from wam_srvs/CartPosMove.srv[0m
[ 60%] [34m[1mGenerating Python code from SRV wam_srvs/PoseMove[0m
[ 60%] [34m[1mGenerating Javascript code from wam_srvs/JointMoveBlock.srv[0m
[ 61%] [34m[1mGenerating EusLisp code from wam_srvs/ForceTorqueToolTime.srv[0m
[ 62%] [34m[1mGenerating Javascript code from wam_srvs/HoldGains.srv[0m
[ 62%] [34m[1mGenerating Python code from SRV wam_srvs/BHandFingerVel[0m
[ 63%] [34m[1mGenerating EusLisp code from wam_srvs/GravityComp.srv[0m
[ 63%] [34m[1mGenerating Javascript code from wam_srvs/OrtnMove.srv[0m
[ 63%] [34m[1mGenerating Javascript code from wam_srvs/ForceTorqueTool.srv[0m
[ 64%] [34m[1mGenerating C++ code from wam_srvs/CartVel.srv[0m
[ 65%] [34m[1mGenerating EusLisp code from wam_srvs/Connect.srv[0m
[ 67%] [34m[1mGenerating Javascript code from wam_srvs/BHandFingerPos.srv[0m
[ 68%] [34m[1mGenerating Python code from SRV wam_srvs/Teach[0m
[ 68%] [34m[1mGenerating Javascript code from wam_srvs/ForceTorqueBase.srv[0m
[ 68%] [34m[1mGenerating EusLisp code from wam_srvs/JV_PID.srv[0m
[ 68%] Built target wam_srvs_generate_messages_nodejs
[ 68%] [34m[1mGenerating Python code from SRV wam_srvs/CartPosMove[0m
[ 69%] [34m[1mGenerating Python code from SRV wam_srvs/JointMoveBlock[0m
[ 70%] [34m[1mGenerating EusLisp code from wam_srvs/BHandPinchPos.srv[0m
[ 71%] [34m[1mGenerating EusLisp code from wam_srvs/JP_PID.srv[0m
[ 71%] [34m[1mGenerating C++ code from wam_srvs/Hold.srv[0m
[ 72%] [34m[1mGenerating C++ code from wam_srvs/BHandGraspVel.srv[0m
[ 73%] [34m[1mGenerating Python code from SRV wam_srvs/HoldGains[0m
[ 73%] [34m[1mGenerating EusLisp code from wam_srvs/CartVel.srv[0m
[ 74%] [34m[1mGenerating EusLisp code from wam_srvs/Hold.srv[0m
[ 74%] [34m[1mGenerating Python code from SRV wam_srvs/OrtnMove[0m
[ 74%] [34m[1mGenerating EusLisp code from wam_srvs/BHandGraspVel.srv[0m
[ 75%] [34m[1mGenerating Python code from SRV wam_srvs/ForceTorqueTool[0m
[ 76%] [34m[1mGenerating EusLisp code from wam_srvs/BHandSpreadVel.srv[0m
[ 76%] [34m[1mGenerating C++ code from wam_srvs/OrtnGains.srv[0m
[ 77%] [34m[1mGenerating C++ code from wam_srvs/BHandSpreadVel.srv[0m
[ 78%] [34m[1mGenerating EusLisp code from wam_srvs/OrtnGains.srv[0m
[ 78%] [34m[1mGenerating Python code from SRV wam_srvs/BHandFingerPos[0m
[ 78%] [34m[1mGenerating EusLisp code from wam_srvs/JointMove.srv[0m
[ 79%] [34m[1mGenerating Python code from SRV wam_srvs/ForceTorqueBase[0m
[ 80%] [34m[1mGenerating EusLisp code from wam_srvs/ForceTorque.srv[0m
[ 81%] [34m[1mGenerating C++ code from wam_srvs/JointMove.srv[0m
[ 81%] [34m[1mGenerating C++ code from wam_srvs/ForceTorque.srv[0m
[ 81%] [34m[1mGenerating EusLisp code from wam_srvs/TP_PID.srv[0m
[ 82%] [34m[1mGenerating Python srv __init__.py for wam_srvs[0m
[ 84%] [34m[1mGenerating EusLisp code from wam_srvs/FollowPath.srv[0m
[ 85%] [34m[1mGenerating EusLisp code from wam_srvs/PoseMove.srv[0m
[ 85%] Built target wam_srvs_generate_messages_py
[ 85%] [34m[1mGenerating EusLisp code from wam_srvs/BHandFingerVel.srv[0m
[ 86%] [34m[1mGenerating C++ code from wam_srvs/TP_PID.srv[0m
[ 87%] [34m[1mGenerating EusLisp code from wam_srvs/Teach.srv[0m
[ 88%] [34m[1mGenerating C++ code from wam_srvs/FollowPath.srv[0m
[ 88%] [34m[1mGenerating C++ code from wam_srvs/PoseMove.srv[0m
[ 88%] [34m[1mGenerating EusLisp code from wam_srvs/CartPosMove.srv[0m
[ 89%] [34m[1mGenerating EusLisp code from wam_srvs/JointMoveBlock.srv[0m
[ 90%] [34m[1mGenerating EusLisp code from wam_srvs/HoldGains.srv[0m
[ 91%] [34m[1mGenerating C++ code from wam_srvs/BHandFingerVel.srv[0m
[ 91%] [34m[1mGenerating EusLisp code from wam_srvs/OrtnMove.srv[0m
[ 91%] [34m[1mGenerating C++ code from wam_srvs/Teach.srv[0m
[ 92%] [34m[1mGenerating C++ code from wam_srvs/CartPosMove.srv[0m
[ 93%] [34m[1mGenerating EusLisp code from wam_srvs/ForceTorqueTool.srv[0m
[ 93%] [34m[1mGenerating EusLisp code from wam_srvs/BHandFingerPos.srv[0m
[ 94%] [34m[1mGenerating EusLisp code from wam_srvs/ForceTorqueBase.srv[0m
[ 95%] [34m[1mGenerating C++ code from wam_srvs/JointMoveBlock.srv[0m
[ 95%] [34m[1mGenerating C++ code from wam_srvs/HoldGains.srv[0m
[ 96%] [34m[1mGenerating EusLisp manifest code for wam_srvs[0m
[ 97%] [34m[1mGenerating C++ code from wam_srvs/OrtnMove.srv[0m
[ 97%] [34m[1mGenerating C++ code from wam_srvs/ForceTorqueTool.srv[0m
[ 98%] [34m[1mGenerating C++ code from wam_srvs/BHandFingerPos.srv[0m
[100%] [34m[1mGenerating C++ code from wam_srvs/ForceTorqueBase.srv[0m
[100%] Built target wam_srvs_generate_messages_cpp
[100%] Built target wam_srvs_generate_messages_eus
[35m[1mScanning dependencies of target wam_srvs_generate_messages[0m
[100%] Built target wam_srvs_generate_messages
