[  0%] Built target _wam_srvs_generate_messages_check_deps_PoseMove
[  0%] Built target _wam_srvs_generate_messages_check_deps_Hold
[  0%] Built target _wam_srvs_generate_messages_check_deps_GravityComp
[  0%] Built target _wam_srvs_generate_messages_check_deps_OrtnMove
[  0%] Built target _wam_srvs_generate_messages_check_deps_BHandGraspVel
[  0%] Built target _wam_srvs_generate_messages_check_deps_CartPosMove
[  0%] Built target _wam_srvs_generate_messages_check_deps_BHandPinchPos
[  0%] Built target _wam_srvs_generate_messages_check_deps_ForceTorqueBase
[  0%] Built target _wam_srvs_generate_messages_check_deps_BHandFingerPos
[  0%] Built target _wam_srvs_generate_messages_check_deps_ForceTorqueTool
[  0%] Built target _wam_srvs_generate_messages_check_deps_TP_PID
[  0%] Built target _wam_srvs_generate_messages_check_deps_BHandFingerVel
[  0%] Built target _wam_srvs_generate_messages_check_deps_JointMoveBlock
[  0%] Built target _wam_srvs_generate_messages_check_deps_JointMove
[  0%] Built target _wam_srvs_generate_messages_check_deps_ForceTorqueToolTime
[  0%] Built target _wam_srvs_generate_messages_check_deps_JV_PID
[  0%] Built target _wam_srvs_generate_messages_check_deps_CartVel
[  0%] Built target _wam_srvs_generate_messages_check_deps_OrtnSplitMove
[  0%] Built target _wam_srvs_generate_messages_check_deps_OrtnGains
[  0%] Built target geometry_msgs_generate_messages_lisp
[  0%] Built target _wam_srvs_generate_messages_check_deps_Teach
[  0%] Built target _wam_srvs_generate_messages_check_deps_Link
[  0%] Built target _wam_srvs_generate_messages_check_deps_BHandGraspPos
[  0%] Built target _wam_srvs_generate_messages_check_deps_HapticSphere
[  0%] Built target _wam_srvs_generate_messages_check_deps_HoldGains
[  0%] Built target _wam_srvs_generate_messages_check_deps_ForceTorque
[  0%] Built target _wam_srvs_generate_messages_check_deps_BHandSpreadPos
[  0%] Built target _wam_srvs_generate_messages_check_deps_Connect
[  0%] Built target _wam_srvs_generate_messages_check_deps_JP_PID
[  0%] Built target _wam_srvs_generate_messages_check_deps_FollowPath
[  0%] Built target _wam_srvs_generate_messages_check_deps_BHandSpreadVel
[  0%] Built target geometry_msgs_generate_messages_cpp
[  0%] Built target geometry_msgs_generate_messages_py
[  0%] Built target geometry_msgs_generate_messages_nodejs
[  0%] Built target _wam_srvs_generate_messages_check_deps_Play
[  0%] Built target geometry_msgs_generate_messages_eus
[ 20%] Built target wam_srvs_generate_messages_cpp
[ 39%] Built target wam_srvs_generate_messages_lisp
[ 78%] Built target wam_srvs_generate_messages_py
[ 79%] Built target wam_srvs_generate_messages_nodejs
[100%] Built target wam_srvs_generate_messages_eus
[100%] Built target wam_srvs_generate_messages
