Symlinking /home/dhruv/gitwkspc/RobotArm/wam_dir/devel/share/wam_srvs/cmake/wam_srvs-msg-paths.cmake
Symlinking /home/dhruv/gitwkspc/RobotArm/wam_dir/devel/share/wam_srvs/cmake/wam_srvs-msg-extras.cmake
Symlinking /home/dhruv/gitwkspc/RobotArm/wam_dir/devel/share/wam_srvs/cmake/wam_srvsConfig.cmake
Symlinking /home/dhruv/gitwkspc/RobotArm/wam_dir/devel/share/wam_srvs/cmake/wam_srvsConfig-version.cmake
Symlinking /home/dhruv/gitwkspc/RobotArm/wam_dir/devel/share/common-lisp/ros/wam_srvs/srv/_package_ForceTorque.lisp
Symlinking /home/dhruv/gitwkspc/RobotArm/wam_dir/devel/share/common-lisp/ros/wam_srvs/srv/HoldGains.lisp
Symlinking /home/dhruv/gitwkspc/RobotArm/wam_dir/devel/share/common-lisp/ros/wam_srvs/srv/_package_OrtnMove.lisp
Symlinking /home/dhruv/gitwkspc/RobotArm/wam_dir/devel/share/common-lisp/ros/wam_srvs/srv/_package_Play.lisp
Symlinking /home/dhruv/gitwkspc/RobotArm/wam_dir/devel/share/common-lisp/ros/wam_srvs/srv/Link.lisp
Symlinking /home/dhruv/gitwkspc/RobotArm/wam_dir/devel/share/common-lisp/ros/wam_srvs/srv/_package_JointMove.lisp
Symlinking /home/dhruv/gitwkspc/RobotArm/wam_dir/devel/share/common-lisp/ros/wam_srvs/srv/_package_BHandFingerVel.lisp
Symlinking /home/dhruv/gitwkspc/RobotArm/wam_dir/devel/share/common-lisp/ros/wam_srvs/srv/_package_BHandFingerPos.lisp
Symlinking /home/dhruv/gitwkspc/RobotArm/wam_dir/devel/share/common-lisp/ros/wam_srvs/srv/BHandGraspPos.lisp
Symlinking /home/dhruv/gitwkspc/RobotArm/wam_dir/devel/share/common-lisp/ros/wam_srvs/srv/BHandSpreadVel.lisp
Symlinking /home/dhruv/gitwkspc/RobotArm/wam_dir/devel/share/common-lisp/ros/wam_srvs/srv/CartVel.lisp
Symlinking /home/dhruv/gitwkspc/RobotArm/wam_dir/devel/share/common-lisp/ros/wam_srvs/srv/_package_JointMoveBlock.lisp
Symlinking /home/dhruv/gitwkspc/RobotArm/wam_dir/devel/share/common-lisp/ros/wam_srvs/srv/JP_PID.lisp
Symlinking /home/dhruv/gitwkspc/RobotArm/wam_dir/devel/share/common-lisp/ros/wam_srvs/srv/ForceTorqueBase.lisp
Symlinking /home/dhruv/gitwkspc/RobotArm/wam_dir/devel/share/common-lisp/ros/wam_srvs/srv/_package_BHandGraspPos.lisp
Symlinking /home/dhruv/gitwkspc/RobotArm/wam_dir/devel/share/common-lisp/ros/wam_srvs/srv/GravityComp.lisp
Symlinking /home/dhruv/gitwkspc/RobotArm/wam_dir/devel/share/common-lisp/ros/wam_srvs/srv/_package_Hold.lisp
Symlinking /home/dhruv/gitwkspc/RobotArm/wam_dir/devel/share/common-lisp/ros/wam_srvs/srv/_package_HoldGains.lisp
Symlinking /home/dhruv/gitwkspc/RobotArm/wam_dir/devel/share/common-lisp/ros/wam_srvs/srv/Teach.lisp
Symlinking /home/dhruv/gitwkspc/RobotArm/wam_dir/devel/share/common-lisp/ros/wam_srvs/srv/_package_PoseMove.lisp
Symlinking /home/dhruv/gitwkspc/RobotArm/wam_dir/devel/share/common-lisp/ros/wam_srvs/srv/ForceTorqueToolTime.lisp
Symlinking /home/dhruv/gitwkspc/RobotArm/wam_dir/devel/share/common-lisp/ros/wam_srvs/srv/ForceTorque.lisp
Symlinking /home/dhruv/gitwkspc/RobotArm/wam_dir/devel/share/common-lisp/ros/wam_srvs/srv/_package_BHandGraspVel.lisp
Symlinking /home/dhruv/gitwkspc/RobotArm/wam_dir/devel/share/common-lisp/ros/wam_srvs/srv/_package_Link.lisp
Symlinking /home/dhruv/gitwkspc/RobotArm/wam_dir/devel/share/common-lisp/ros/wam_srvs/srv/wam_srvs-srv.asd
Symlinking /home/dhruv/gitwkspc/RobotArm/wam_dir/devel/share/common-lisp/ros/wam_srvs/srv/BHandFingerVel.lisp
Symlinking /home/dhruv/gitwkspc/RobotArm/wam_dir/devel/share/common-lisp/ros/wam_srvs/srv/_package_ForceTorqueBase.lisp
Symlinking /home/dhruv/gitwkspc/RobotArm/wam_dir/devel/share/common-lisp/ros/wam_srvs/srv/OrtnGains.lisp
Symlinking /home/dhruv/gitwkspc/RobotArm/wam_dir/devel/share/common-lisp/ros/wam_srvs/srv/PoseMove.lisp
Symlinking /home/dhruv/gitwkspc/RobotArm/wam_dir/devel/share/common-lisp/ros/wam_srvs/srv/_package_Teach.lisp
Symlinking /home/dhruv/gitwkspc/RobotArm/wam_dir/devel/share/common-lisp/ros/wam_srvs/srv/OrtnSplitMove.lisp
Symlinking /home/dhruv/gitwkspc/RobotArm/wam_dir/devel/share/common-lisp/ros/wam_srvs/srv/_package_HapticSphere.lisp
Symlinking /home/dhruv/gitwkspc/RobotArm/wam_dir/devel/share/common-lisp/ros/wam_srvs/srv/_package_OrtnSplitMove.lisp
Symlinking /home/dhruv/gitwkspc/RobotArm/wam_dir/devel/share/common-lisp/ros/wam_srvs/srv/_package_BHandSpreadVel.lisp
Symlinking /home/dhruv/gitwkspc/RobotArm/wam_dir/devel/share/common-lisp/ros/wam_srvs/srv/Hold.lisp
Symlinking /home/dhruv/gitwkspc/RobotArm/wam_dir/devel/share/common-lisp/ros/wam_srvs/srv/BHandGraspVel.lisp
Symlinking /home/dhruv/gitwkspc/RobotArm/wam_dir/devel/share/common-lisp/ros/wam_srvs/srv/_package_JV_PID.lisp
Symlinking /home/dhruv/gitwkspc/RobotArm/wam_dir/devel/share/common-lisp/ros/wam_srvs/srv/JV_PID.lisp
Symlinking /home/dhruv/gitwkspc/RobotArm/wam_dir/devel/share/common-lisp/ros/wam_srvs/srv/_package_BHandSpreadPos.lisp
Symlinking /home/dhruv/gitwkspc/RobotArm/wam_dir/devel/share/common-lisp/ros/wam_srvs/srv/JointMove.lisp
Symlinking /home/dhruv/gitwkspc/RobotArm/wam_dir/devel/share/common-lisp/ros/wam_srvs/srv/_package_OrtnGains.lisp
Symlinking /home/dhruv/gitwkspc/RobotArm/wam_dir/devel/share/common-lisp/ros/wam_srvs/srv/_package_FollowPath.lisp
Symlinking /home/dhruv/gitwkspc/RobotArm/wam_dir/devel/share/common-lisp/ros/wam_srvs/srv/_package_CartPosMove.lisp
Symlinking /home/dhruv/gitwkspc/RobotArm/wam_dir/devel/share/common-lisp/ros/wam_srvs/srv/BHandSpreadPos.lisp
Symlinking /home/dhruv/gitwkspc/RobotArm/wam_dir/devel/share/common-lisp/ros/wam_srvs/srv/JointMoveBlock.lisp
Symlinking /home/dhruv/gitwkspc/RobotArm/wam_dir/devel/share/common-lisp/ros/wam_srvs/srv/_package_ForceTorqueTool.lisp
Symlinking /home/dhruv/gitwkspc/RobotArm/wam_dir/devel/share/common-lisp/ros/wam_srvs/srv/CartPosMove.lisp
Symlinking /home/dhruv/gitwkspc/RobotArm/wam_dir/devel/share/common-lisp/ros/wam_srvs/srv/_package_BHandPinchPos.lisp
Symlinking /home/dhruv/gitwkspc/RobotArm/wam_dir/devel/share/common-lisp/ros/wam_srvs/srv/OrtnMove.lisp
Symlinking /home/dhruv/gitwkspc/RobotArm/wam_dir/devel/share/common-lisp/ros/wam_srvs/srv/HapticSphere.lisp
Symlinking /home/dhruv/gitwkspc/RobotArm/wam_dir/devel/share/common-lisp/ros/wam_srvs/srv/Connect.lisp
Symlinking /home/dhruv/gitwkspc/RobotArm/wam_dir/devel/share/common-lisp/ros/wam_srvs/srv/_package_CartVel.lisp
Symlinking /home/dhruv/gitwkspc/RobotArm/wam_dir/devel/share/common-lisp/ros/wam_srvs/srv/_package_JP_PID.lisp
Symlinking /home/dhruv/gitwkspc/RobotArm/wam_dir/devel/share/common-lisp/ros/wam_srvs/srv/_package_Connect.lisp
Symlinking /home/dhruv/gitwkspc/RobotArm/wam_dir/devel/share/common-lisp/ros/wam_srvs/srv/TP_PID.lisp
Symlinking /home/dhruv/gitwkspc/RobotArm/wam_dir/devel/share/common-lisp/ros/wam_srvs/srv/_package.lisp
Symlinking /home/dhruv/gitwkspc/RobotArm/wam_dir/devel/share/common-lisp/ros/wam_srvs/srv/_package_GravityComp.lisp
Symlinking /home/dhruv/gitwkspc/RobotArm/wam_dir/devel/share/common-lisp/ros/wam_srvs/srv/ForceTorqueTool.lisp
Symlinking /home/dhruv/gitwkspc/RobotArm/wam_dir/devel/share/common-lisp/ros/wam_srvs/srv/Play.lisp
Symlinking /home/dhruv/gitwkspc/RobotArm/wam_dir/devel/share/common-lisp/ros/wam_srvs/srv/BHandPinchPos.lisp
Symlinking /home/dhruv/gitwkspc/RobotArm/wam_dir/devel/share/common-lisp/ros/wam_srvs/srv/_package_TP_PID.lisp
Symlinking /home/dhruv/gitwkspc/RobotArm/wam_dir/devel/share/common-lisp/ros/wam_srvs/srv/FollowPath.lisp
Symlinking /home/dhruv/gitwkspc/RobotArm/wam_dir/devel/share/common-lisp/ros/wam_srvs/srv/_package_ForceTorqueToolTime.lisp
Symlinking /home/dhruv/gitwkspc/RobotArm/wam_dir/devel/share/common-lisp/ros/wam_srvs/srv/BHandFingerPos.lisp
Symlinking /home/dhruv/gitwkspc/RobotArm/wam_dir/devel/share/gennodejs/ros/wam_srvs/_index.js
Symlinking /home/dhruv/gitwkspc/RobotArm/wam_dir/devel/share/gennodejs/ros/wam_srvs/srv/JointMoveBlock.js
Symlinking /home/dhruv/gitwkspc/RobotArm/wam_dir/devel/share/gennodejs/ros/wam_srvs/srv/BHandSpreadVel.js
Symlinking /home/dhruv/gitwkspc/RobotArm/wam_dir/devel/share/gennodejs/ros/wam_srvs/srv/JV_PID.js
Symlinking /home/dhruv/gitwkspc/RobotArm/wam_dir/devel/share/gennodejs/ros/wam_srvs/srv/CartVel.js
Symlinking /home/dhruv/gitwkspc/RobotArm/wam_dir/devel/share/gennodejs/ros/wam_srvs/srv/BHandPinchPos.js
Symlinking /home/dhruv/gitwkspc/RobotArm/wam_dir/devel/share/gennodejs/ros/wam_srvs/srv/OrtnSplitMove.js
Symlinking /home/dhruv/gitwkspc/RobotArm/wam_dir/devel/share/gennodejs/ros/wam_srvs/srv/JointMove.js
Symlinking /home/dhruv/gitwkspc/RobotArm/wam_dir/devel/share/gennodejs/ros/wam_srvs/srv/ForceTorqueBase.js
Symlinking /home/dhruv/gitwkspc/RobotArm/wam_dir/devel/share/gennodejs/ros/wam_srvs/srv/BHandSpreadPos.js
Symlinking /home/dhruv/gitwkspc/RobotArm/wam_dir/devel/share/gennodejs/ros/wam_srvs/srv/BHandGraspPos.js
Symlinking /home/dhruv/gitwkspc/RobotArm/wam_dir/devel/share/gennodejs/ros/wam_srvs/srv/BHandFingerVel.js
Symlinking /home/dhruv/gitwkspc/RobotArm/wam_dir/devel/share/gennodejs/ros/wam_srvs/srv/CartPosMove.js
Symlinking /home/dhruv/gitwkspc/RobotArm/wam_dir/devel/share/gennodejs/ros/wam_srvs/srv/Connect.js
Symlinking /home/dhruv/gitwkspc/RobotArm/wam_dir/devel/share/gennodejs/ros/wam_srvs/srv/TP_PID.js
Symlinking /home/dhruv/gitwkspc/RobotArm/wam_dir/devel/share/gennodejs/ros/wam_srvs/srv/HapticSphere.js
Symlinking /home/dhruv/gitwkspc/RobotArm/wam_dir/devel/share/gennodejs/ros/wam_srvs/srv/BHandFingerPos.js
Symlinking /home/dhruv/gitwkspc/RobotArm/wam_dir/devel/share/gennodejs/ros/wam_srvs/srv/GravityComp.js
Symlinking /home/dhruv/gitwkspc/RobotArm/wam_dir/devel/share/gennodejs/ros/wam_srvs/srv/Hold.js
Symlinking /home/dhruv/gitwkspc/RobotArm/wam_dir/devel/share/gennodejs/ros/wam_srvs/srv/Link.js
Symlinking /home/dhruv/gitwkspc/RobotArm/wam_dir/devel/share/gennodejs/ros/wam_srvs/srv/OrtnMove.js
Symlinking /home/dhruv/gitwkspc/RobotArm/wam_dir/devel/share/gennodejs/ros/wam_srvs/srv/_index.js
Symlinking /home/dhruv/gitwkspc/RobotArm/wam_dir/devel/share/gennodejs/ros/wam_srvs/srv/PoseMove.js
Symlinking /home/dhruv/gitwkspc/RobotArm/wam_dir/devel/share/gennodejs/ros/wam_srvs/srv/ForceTorqueTool.js
Symlinking /home/dhruv/gitwkspc/RobotArm/wam_dir/devel/share/gennodejs/ros/wam_srvs/srv/OrtnGains.js
Symlinking /home/dhruv/gitwkspc/RobotArm/wam_dir/devel/share/gennodejs/ros/wam_srvs/srv/BHandGraspVel.js
Symlinking /home/dhruv/gitwkspc/RobotArm/wam_dir/devel/share/gennodejs/ros/wam_srvs/srv/ForceTorque.js
Symlinking /home/dhruv/gitwkspc/RobotArm/wam_dir/devel/share/gennodejs/ros/wam_srvs/srv/ForceTorqueToolTime.js
Symlinking /home/dhruv/gitwkspc/RobotArm/wam_dir/devel/share/gennodejs/ros/wam_srvs/srv/FollowPath.js
Symlinking /home/dhruv/gitwkspc/RobotArm/wam_dir/devel/share/gennodejs/ros/wam_srvs/srv/HoldGains.js
Symlinking /home/dhruv/gitwkspc/RobotArm/wam_dir/devel/share/gennodejs/ros/wam_srvs/srv/JP_PID.js
Symlinking /home/dhruv/gitwkspc/RobotArm/wam_dir/devel/share/gennodejs/ros/wam_srvs/srv/Teach.js
Symlinking /home/dhruv/gitwkspc/RobotArm/wam_dir/devel/share/gennodejs/ros/wam_srvs/srv/Play.js
Symlinking /home/dhruv/gitwkspc/RobotArm/wam_dir/devel/share/roseus/ros/wam_srvs/manifest.l
Symlinking /home/dhruv/gitwkspc/RobotArm/wam_dir/devel/share/roseus/ros/wam_srvs/srv/HoldGains.l
Symlinking /home/dhruv/gitwkspc/RobotArm/wam_dir/devel/share/roseus/ros/wam_srvs/srv/BHandFingerVel.l
Symlinking /home/dhruv/gitwkspc/RobotArm/wam_dir/devel/share/roseus/ros/wam_srvs/srv/OrtnMove.l
Symlinking /home/dhruv/gitwkspc/RobotArm/wam_dir/devel/share/roseus/ros/wam_srvs/srv/BHandSpreadVel.l
Symlinking /home/dhruv/gitwkspc/RobotArm/wam_dir/devel/share/roseus/ros/wam_srvs/srv/JP_PID.l
Symlinking /home/dhruv/gitwkspc/RobotArm/wam_dir/devel/share/roseus/ros/wam_srvs/srv/HapticSphere.l
Symlinking /home/dhruv/gitwkspc/RobotArm/wam_dir/devel/share/roseus/ros/wam_srvs/srv/JointMove.l
Symlinking /home/dhruv/gitwkspc/RobotArm/wam_dir/devel/share/roseus/ros/wam_srvs/srv/OrtnSplitMove.l
Symlinking /home/dhruv/gitwkspc/RobotArm/wam_dir/devel/share/roseus/ros/wam_srvs/srv/BHandPinchPos.l
Symlinking /home/dhruv/gitwkspc/RobotArm/wam_dir/devel/share/roseus/ros/wam_srvs/srv/FollowPath.l
Symlinking /home/dhruv/gitwkspc/RobotArm/wam_dir/devel/share/roseus/ros/wam_srvs/srv/ForceTorqueTool.l
Symlinking /home/dhruv/gitwkspc/RobotArm/wam_dir/devel/share/roseus/ros/wam_srvs/srv/TP_PID.l
Symlinking /home/dhruv/gitwkspc/RobotArm/wam_dir/devel/share/roseus/ros/wam_srvs/srv/BHandSpreadPos.l
Symlinking /home/dhruv/gitwkspc/RobotArm/wam_dir/devel/share/roseus/ros/wam_srvs/srv/BHandGraspPos.l
Symlinking /home/dhruv/gitwkspc/RobotArm/wam_dir/devel/share/roseus/ros/wam_srvs/srv/PoseMove.l
Symlinking /home/dhruv/gitwkspc/RobotArm/wam_dir/devel/share/roseus/ros/wam_srvs/srv/Connect.l
Symlinking /home/dhruv/gitwkspc/RobotArm/wam_dir/devel/share/roseus/ros/wam_srvs/srv/Play.l
Symlinking /home/dhruv/gitwkspc/RobotArm/wam_dir/devel/share/roseus/ros/wam_srvs/srv/ForceTorqueToolTime.l
Symlinking /home/dhruv/gitwkspc/RobotArm/wam_dir/devel/share/roseus/ros/wam_srvs/srv/BHandGraspVel.l
Symlinking /home/dhruv/gitwkspc/RobotArm/wam_dir/devel/share/roseus/ros/wam_srvs/srv/OrtnGains.l
Symlinking /home/dhruv/gitwkspc/RobotArm/wam_dir/devel/share/roseus/ros/wam_srvs/srv/Hold.l
Symlinking /home/dhruv/gitwkspc/RobotArm/wam_dir/devel/share/roseus/ros/wam_srvs/srv/JV_PID.l
Symlinking /home/dhruv/gitwkspc/RobotArm/wam_dir/devel/share/roseus/ros/wam_srvs/srv/CartVel.l
Symlinking /home/dhruv/gitwkspc/RobotArm/wam_dir/devel/share/roseus/ros/wam_srvs/srv/Link.l
Symlinking /home/dhruv/gitwkspc/RobotArm/wam_dir/devel/share/roseus/ros/wam_srvs/srv/ForceTorqueBase.l
Symlinking /home/dhruv/gitwkspc/RobotArm/wam_dir/devel/share/roseus/ros/wam_srvs/srv/ForceTorque.l
Symlinking /home/dhruv/gitwkspc/RobotArm/wam_dir/devel/share/roseus/ros/wam_srvs/srv/JointMoveBlock.l
Symlinking /home/dhruv/gitwkspc/RobotArm/wam_dir/devel/share/roseus/ros/wam_srvs/srv/Teach.l
Symlinking /home/dhruv/gitwkspc/RobotArm/wam_dir/devel/share/roseus/ros/wam_srvs/srv/GravityComp.l
Symlinking /home/dhruv/gitwkspc/RobotArm/wam_dir/devel/share/roseus/ros/wam_srvs/srv/BHandFingerPos.l
Symlinking /home/dhruv/gitwkspc/RobotArm/wam_dir/devel/share/roseus/ros/wam_srvs/srv/CartPosMove.l
Symlinking /home/dhruv/gitwkspc/RobotArm/wam_dir/devel/lib/pkgconfig/wam_srvs.pc
Symlinking /home/dhruv/gitwkspc/RobotArm/wam_dir/devel/lib/python2.7/dist-packages/wam_srvs/__init__.py
Symlinking /home/dhruv/gitwkspc/RobotArm/wam_dir/devel/lib/python2.7/dist-packages/wam_srvs/srv/_ForceTorqueTool.py
Symlinking /home/dhruv/gitwkspc/RobotArm/wam_dir/devel/lib/python2.7/dist-packages/wam_srvs/srv/_CartVel.py
Symlinking /home/dhruv/gitwkspc/RobotArm/wam_dir/devel/lib/python2.7/dist-packages/wam_srvs/srv/_ForceTorque.py
Symlinking /home/dhruv/gitwkspc/RobotArm/wam_dir/devel/lib/python2.7/dist-packages/wam_srvs/srv/_PoseMove.py
Symlinking /home/dhruv/gitwkspc/RobotArm/wam_dir/devel/lib/python2.7/dist-packages/wam_srvs/srv/_BHandFingerPos.py
Symlinking /home/dhruv/gitwkspc/RobotArm/wam_dir/devel/lib/python2.7/dist-packages/wam_srvs/srv/_ForceTorqueToolTime.py
Symlinking /home/dhruv/gitwkspc/RobotArm/wam_dir/devel/lib/python2.7/dist-packages/wam_srvs/srv/_Play.py
Symlinking /home/dhruv/gitwkspc/RobotArm/wam_dir/devel/lib/python2.7/dist-packages/wam_srvs/srv/_HapticSphere.py
Symlinking /home/dhruv/gitwkspc/RobotArm/wam_dir/devel/lib/python2.7/dist-packages/wam_srvs/srv/_CartPosMove.py
Symlinking /home/dhruv/gitwkspc/RobotArm/wam_dir/devel/lib/python2.7/dist-packages/wam_srvs/srv/_OrtnGains.py
Symlinking /home/dhruv/gitwkspc/RobotArm/wam_dir/devel/lib/python2.7/dist-packages/wam_srvs/srv/_BHandSpreadVel.py
Symlinking /home/dhruv/gitwkspc/RobotArm/wam_dir/devel/lib/python2.7/dist-packages/wam_srvs/srv/_FollowPath.py
Symlinking /home/dhruv/gitwkspc/RobotArm/wam_dir/devel/lib/python2.7/dist-packages/wam_srvs/srv/_OrtnMove.py
Symlinking /home/dhruv/gitwkspc/RobotArm/wam_dir/devel/lib/python2.7/dist-packages/wam_srvs/srv/_HoldGains.py
Symlinking /home/dhruv/gitwkspc/RobotArm/wam_dir/devel/lib/python2.7/dist-packages/wam_srvs/srv/_JV_PID.py
Symlinking /home/dhruv/gitwkspc/RobotArm/wam_dir/devel/lib/python2.7/dist-packages/wam_srvs/srv/_Hold.py
Symlinking /home/dhruv/gitwkspc/RobotArm/wam_dir/devel/lib/python2.7/dist-packages/wam_srvs/srv/_JointMove.py
Symlinking /home/dhruv/gitwkspc/RobotArm/wam_dir/devel/lib/python2.7/dist-packages/wam_srvs/srv/_BHandFingerVel.py
Symlinking /home/dhruv/gitwkspc/RobotArm/wam_dir/devel/lib/python2.7/dist-packages/wam_srvs/srv/_BHandPinchPos.py
Symlinking /home/dhruv/gitwkspc/RobotArm/wam_dir/devel/lib/python2.7/dist-packages/wam_srvs/srv/_TP_PID.py
Symlinking /home/dhruv/gitwkspc/RobotArm/wam_dir/devel/lib/python2.7/dist-packages/wam_srvs/srv/_BHandSpreadPos.py
Symlinking /home/dhruv/gitwkspc/RobotArm/wam_dir/devel/lib/python2.7/dist-packages/wam_srvs/srv/_GravityComp.py
Symlinking /home/dhruv/gitwkspc/RobotArm/wam_dir/devel/lib/python2.7/dist-packages/wam_srvs/srv/_Teach.py
Symlinking /home/dhruv/gitwkspc/RobotArm/wam_dir/devel/lib/python2.7/dist-packages/wam_srvs/srv/_BHandGraspPos.py
Symlinking /home/dhruv/gitwkspc/RobotArm/wam_dir/devel/lib/python2.7/dist-packages/wam_srvs/srv/_JointMoveBlock.py
Symlinking /home/dhruv/gitwkspc/RobotArm/wam_dir/devel/lib/python2.7/dist-packages/wam_srvs/srv/_JP_PID.py
Symlinking /home/dhruv/gitwkspc/RobotArm/wam_dir/devel/lib/python2.7/dist-packages/wam_srvs/srv/_OrtnSplitMove.py
Symlinking /home/dhruv/gitwkspc/RobotArm/wam_dir/devel/lib/python2.7/dist-packages/wam_srvs/srv/_Link.py
Symlinking /home/dhruv/gitwkspc/RobotArm/wam_dir/devel/lib/python2.7/dist-packages/wam_srvs/srv/_ForceTorqueBase.py
Symlinking /home/dhruv/gitwkspc/RobotArm/wam_dir/devel/lib/python2.7/dist-packages/wam_srvs/srv/_BHandGraspVel.py
Symlinking /home/dhruv/gitwkspc/RobotArm/wam_dir/devel/lib/python2.7/dist-packages/wam_srvs/srv/_Connect.py
Symlinking /home/dhruv/gitwkspc/RobotArm/wam_dir/devel/lib/python2.7/dist-packages/wam_srvs/srv/__init__.py
Symlinking /home/dhruv/gitwkspc/RobotArm/wam_dir/devel/include/wam_srvs/PoseMoveResponse.h
Symlinking /home/dhruv/gitwkspc/RobotArm/wam_dir/devel/include/wam_srvs/CartVelResponse.h
Symlinking /home/dhruv/gitwkspc/RobotArm/wam_dir/devel/include/wam_srvs/JP_PIDResponse.h
Symlinking /home/dhruv/gitwkspc/RobotArm/wam_dir/devel/include/wam_srvs/TeachRequest.h
Symlinking /home/dhruv/gitwkspc/RobotArm/wam_dir/devel/include/wam_srvs/HapticSphereResponse.h
Symlinking /home/dhruv/gitwkspc/RobotArm/wam_dir/devel/include/wam_srvs/BHandSpreadVelResponse.h
Symlinking /home/dhruv/gitwkspc/RobotArm/wam_dir/devel/include/wam_srvs/CartPosMove.h
Symlinking /home/dhruv/gitwkspc/RobotArm/wam_dir/devel/include/wam_srvs/ForceTorqueToolTime.h
Symlinking /home/dhruv/gitwkspc/RobotArm/wam_dir/devel/include/wam_srvs/OrtnGainsResponse.h
Symlinking /home/dhruv/gitwkspc/RobotArm/wam_dir/devel/include/wam_srvs/PoseMoveRequest.h
Symlinking /home/dhruv/gitwkspc/RobotArm/wam_dir/devel/include/wam_srvs/BHandFingerVel.h
Symlinking /home/dhruv/gitwkspc/RobotArm/wam_dir/devel/include/wam_srvs/Connect.h
Symlinking /home/dhruv/gitwkspc/RobotArm/wam_dir/devel/include/wam_srvs/ForceTorqueBaseResponse.h
Symlinking /home/dhruv/gitwkspc/RobotArm/wam_dir/devel/include/wam_srvs/PlayRequest.h
Symlinking /home/dhruv/gitwkspc/RobotArm/wam_dir/devel/include/wam_srvs/CartPosMoveResponse.h
Symlinking /home/dhruv/gitwkspc/RobotArm/wam_dir/devel/include/wam_srvs/BHandGraspVelRequest.h
Symlinking /home/dhruv/gitwkspc/RobotArm/wam_dir/devel/include/wam_srvs/PoseMove.h
Symlinking /home/dhruv/gitwkspc/RobotArm/wam_dir/devel/include/wam_srvs/OrtnSplitMoveRequest.h
Symlinking /home/dhruv/gitwkspc/RobotArm/wam_dir/devel/include/wam_srvs/BHandPinchPosRequest.h
Symlinking /home/dhruv/gitwkspc/RobotArm/wam_dir/devel/include/wam_srvs/Teach.h
Symlinking /home/dhruv/gitwkspc/RobotArm/wam_dir/devel/include/wam_srvs/JV_PIDResponse.h
Symlinking /home/dhruv/gitwkspc/RobotArm/wam_dir/devel/include/wam_srvs/JP_PIDRequest.h
Symlinking /home/dhruv/gitwkspc/RobotArm/wam_dir/devel/include/wam_srvs/ConnectRequest.h
Symlinking /home/dhruv/gitwkspc/RobotArm/wam_dir/devel/include/wam_srvs/BHandSpreadPos.h
Symlinking /home/dhruv/gitwkspc/RobotArm/wam_dir/devel/include/wam_srvs/BHandFingerPos.h
Symlinking /home/dhruv/gitwkspc/RobotArm/wam_dir/devel/include/wam_srvs/BHandPinchPosResponse.h
Symlinking /home/dhruv/gitwkspc/RobotArm/wam_dir/devel/include/wam_srvs/BHandGraspVel.h
Symlinking /home/dhruv/gitwkspc/RobotArm/wam_dir/devel/include/wam_srvs/HoldResponse.h
Symlinking /home/dhruv/gitwkspc/RobotArm/wam_dir/devel/include/wam_srvs/ForceTorqueToolRequest.h
Symlinking /home/dhruv/gitwkspc/RobotArm/wam_dir/devel/include/wam_srvs/ConnectResponse.h
Symlinking /home/dhruv/gitwkspc/RobotArm/wam_dir/devel/include/wam_srvs/OrtnSplitMoveResponse.h
Symlinking /home/dhruv/gitwkspc/RobotArm/wam_dir/devel/include/wam_srvs/BHandSpreadVel.h
Symlinking /home/dhruv/gitwkspc/RobotArm/wam_dir/devel/include/wam_srvs/ForceTorqueBase.h
Symlinking /home/dhruv/gitwkspc/RobotArm/wam_dir/devel/include/wam_srvs/BHandFingerVelRequest.h
Symlinking /home/dhruv/gitwkspc/RobotArm/wam_dir/devel/include/wam_srvs/CartVelRequest.h
Symlinking /home/dhruv/gitwkspc/RobotArm/wam_dir/devel/include/wam_srvs/ForceTorque.h
Symlinking /home/dhruv/gitwkspc/RobotArm/wam_dir/devel/include/wam_srvs/TP_PID.h
Symlinking /home/dhruv/gitwkspc/RobotArm/wam_dir/devel/include/wam_srvs/OrtnGainsRequest.h
Symlinking /home/dhruv/gitwkspc/RobotArm/wam_dir/devel/include/wam_srvs/JointMoveRequest.h
Symlinking /home/dhruv/gitwkspc/RobotArm/wam_dir/devel/include/wam_srvs/BHandFingerPosResponse.h
Symlinking /home/dhruv/gitwkspc/RobotArm/wam_dir/devel/include/wam_srvs/GravityCompResponse.h
Symlinking /home/dhruv/gitwkspc/RobotArm/wam_dir/devel/include/wam_srvs/BHandSpreadPosRequest.h
Symlinking /home/dhruv/gitwkspc/RobotArm/wam_dir/devel/include/wam_srvs/ForceTorqueToolTimeRequest.h
Symlinking /home/dhruv/gitwkspc/RobotArm/wam_dir/devel/include/wam_srvs/JointMoveBlock.h
Symlinking /home/dhruv/gitwkspc/RobotArm/wam_dir/devel/include/wam_srvs/CartPosMoveRequest.h
Symlinking /home/dhruv/gitwkspc/RobotArm/wam_dir/devel/include/wam_srvs/OrtnMoveRequest.h
Symlinking /home/dhruv/gitwkspc/RobotArm/wam_dir/devel/include/wam_srvs/HoldRequest.h
Symlinking /home/dhruv/gitwkspc/RobotArm/wam_dir/devel/include/wam_srvs/CartVel.h
Symlinking /home/dhruv/gitwkspc/RobotArm/wam_dir/devel/include/wam_srvs/JointMoveBlockRequest.h
Symlinking /home/dhruv/gitwkspc/RobotArm/wam_dir/devel/include/wam_srvs/Link.h
Symlinking /home/dhruv/gitwkspc/RobotArm/wam_dir/devel/include/wam_srvs/GravityCompRequest.h
Symlinking /home/dhruv/gitwkspc/RobotArm/wam_dir/devel/include/wam_srvs/JP_PID.h
Symlinking /home/dhruv/gitwkspc/RobotArm/wam_dir/devel/include/wam_srvs/PlayResponse.h
Symlinking /home/dhruv/gitwkspc/RobotArm/wam_dir/devel/include/wam_srvs/BHandGraspPos.h
Symlinking /home/dhruv/gitwkspc/RobotArm/wam_dir/devel/include/wam_srvs/BHandPinchPos.h
Symlinking /home/dhruv/gitwkspc/RobotArm/wam_dir/devel/include/wam_srvs/JointMoveBlockResponse.h
Symlinking /home/dhruv/gitwkspc/RobotArm/wam_dir/devel/include/wam_srvs/JV_PIDRequest.h
Symlinking /home/dhruv/gitwkspc/RobotArm/wam_dir/devel/include/wam_srvs/ForceTorqueToolTimeResponse.h
Symlinking /home/dhruv/gitwkspc/RobotArm/wam_dir/devel/include/wam_srvs/ForceTorqueResponse.h
Symlinking /home/dhruv/gitwkspc/RobotArm/wam_dir/devel/include/wam_srvs/BHandFingerVelResponse.h
Symlinking /home/dhruv/gitwkspc/RobotArm/wam_dir/devel/include/wam_srvs/GravityComp.h
Symlinking /home/dhruv/gitwkspc/RobotArm/wam_dir/devel/include/wam_srvs/LinkResponse.h
Symlinking /home/dhruv/gitwkspc/RobotArm/wam_dir/devel/include/wam_srvs/BHandGraspPosResponse.h
Symlinking /home/dhruv/gitwkspc/RobotArm/wam_dir/devel/include/wam_srvs/Play.h
Symlinking /home/dhruv/gitwkspc/RobotArm/wam_dir/devel/include/wam_srvs/OrtnSplitMove.h
Symlinking /home/dhruv/gitwkspc/RobotArm/wam_dir/devel/include/wam_srvs/FollowPath.h
Symlinking /home/dhruv/gitwkspc/RobotArm/wam_dir/devel/include/wam_srvs/TP_PIDResponse.h
Symlinking /home/dhruv/gitwkspc/RobotArm/wam_dir/devel/include/wam_srvs/Hold.h
Symlinking /home/dhruv/gitwkspc/RobotArm/wam_dir/devel/include/wam_srvs/FollowPathRequest.h
Symlinking /home/dhruv/gitwkspc/RobotArm/wam_dir/devel/include/wam_srvs/HoldGains.h
Symlinking /home/dhruv/gitwkspc/RobotArm/wam_dir/devel/include/wam_srvs/LinkRequest.h
Symlinking /home/dhruv/gitwkspc/RobotArm/wam_dir/devel/include/wam_srvs/ForceTorqueToolResponse.h
Symlinking /home/dhruv/gitwkspc/RobotArm/wam_dir/devel/include/wam_srvs/HapticSphereRequest.h
Symlinking /home/dhruv/gitwkspc/RobotArm/wam_dir/devel/include/wam_srvs/BHandGraspPosRequest.h
Symlinking /home/dhruv/gitwkspc/RobotArm/wam_dir/devel/include/wam_srvs/BHandGraspVelResponse.h
Symlinking /home/dhruv/gitwkspc/RobotArm/wam_dir/devel/include/wam_srvs/BHandSpreadVelRequest.h
Symlinking /home/dhruv/gitwkspc/RobotArm/wam_dir/devel/include/wam_srvs/JV_PID.h
Symlinking /home/dhruv/gitwkspc/RobotArm/wam_dir/devel/include/wam_srvs/ForceTorqueRequest.h
Symlinking /home/dhruv/gitwkspc/RobotArm/wam_dir/devel/include/wam_srvs/ForceTorqueTool.h
Symlinking /home/dhruv/gitwkspc/RobotArm/wam_dir/devel/include/wam_srvs/ForceTorqueBaseRequest.h
Symlinking /home/dhruv/gitwkspc/RobotArm/wam_dir/devel/include/wam_srvs/OrtnMoveResponse.h
Symlinking /home/dhruv/gitwkspc/RobotArm/wam_dir/devel/include/wam_srvs/OrtnMove.h
Symlinking /home/dhruv/gitwkspc/RobotArm/wam_dir/devel/include/wam_srvs/TeachResponse.h
Symlinking /home/dhruv/gitwkspc/RobotArm/wam_dir/devel/include/wam_srvs/HapticSphere.h
Symlinking /home/dhruv/gitwkspc/RobotArm/wam_dir/devel/include/wam_srvs/OrtnGains.h
Symlinking /home/dhruv/gitwkspc/RobotArm/wam_dir/devel/include/wam_srvs/BHandSpreadPosResponse.h
Symlinking /home/dhruv/gitwkspc/RobotArm/wam_dir/devel/include/wam_srvs/FollowPathResponse.h
Symlinking /home/dhruv/gitwkspc/RobotArm/wam_dir/devel/include/wam_srvs/HoldGainsResponse.h
Symlinking /home/dhruv/gitwkspc/RobotArm/wam_dir/devel/include/wam_srvs/HoldGainsRequest.h
Symlinking /home/dhruv/gitwkspc/RobotArm/wam_dir/devel/include/wam_srvs/JointMove.h
Symlinking /home/dhruv/gitwkspc/RobotArm/wam_dir/devel/include/wam_srvs/JointMoveResponse.h
Symlinking /home/dhruv/gitwkspc/RobotArm/wam_dir/devel/include/wam_srvs/BHandFingerPosRequest.h
Symlinking /home/dhruv/gitwkspc/RobotArm/wam_dir/devel/include/wam_srvs/TP_PIDRequest.h
