Determining if the pthread_create exist failed with the following output:
Change Dir: /home/dhruv/RobotArm/WAMwkspc/build/cpp_common/CMakeFiles/CMakeTmp

Run Build Command:"/usr/bin/make" "cmTC_0c558/fast"
/usr/bin/make -f CMakeFiles/cmTC_0c558.dir/build.make CMakeFiles/cmTC_0c558.dir/build
make[1]: Entering directory '/home/dhruv/RobotArm/WAMwkspc/build/cpp_common/CMakeFiles/CMakeTmp'
Building C object CMakeFiles/cmTC_0c558.dir/CheckSymbolExists.c.o
/usr/bin/cc     -o CMakeFiles/cmTC_0c558.dir/CheckSymbolExists.c.o   -c /home/dhruv/RobotArm/WAMwkspc/build/cpp_common/CMakeFiles/CMakeTmp/CheckSymbolExists.c
Linking C executable cmTC_0c558
/usr/bin/cmake -E cmake_link_script CMakeFiles/cmTC_0c558.dir/link.txt --verbose=1
/usr/bin/cc       CMakeFiles/cmTC_0c558.dir/CheckSymbolExists.c.o  -o cmTC_0c558 -rdynamic 
CMakeFiles/cmTC_0c558.dir/CheckSymbolExists.c.o: In function `main':
CheckSymbolExists.c:(.text+0x16): undefined reference to `pthread_create'
collect2: error: ld returned 1 exit status
CMakeFiles/cmTC_0c558.dir/build.make:97: recipe for target 'cmTC_0c558' failed
make[1]: *** [cmTC_0c558] Error 1
make[1]: Leaving directory '/home/dhruv/RobotArm/WAMwkspc/build/cpp_common/CMakeFiles/CMakeTmp'
Makefile:126: recipe for target 'cmTC_0c558/fast' failed
make: *** [cmTC_0c558/fast] Error 2

File /home/dhruv/RobotArm/WAMwkspc/build/cpp_common/CMakeFiles/CMakeTmp/CheckSymbolExists.c:
/* */
#include <pthread.h>

int main(int argc, char** argv)
{
  (void)argv;
#ifndef pthread_create
  return ((int*)(&pthread_create))[argc];
#else
  (void)argc;
  return 0;
#endif
}

Determining if the function pthread_create exists in the pthreads failed with the following output:
Change Dir: /home/dhruv/RobotArm/WAMwkspc/build/cpp_common/CMakeFiles/CMakeTmp

Run Build Command:"/usr/bin/make" "cmTC_6c12f/fast"
/usr/bin/make -f CMakeFiles/cmTC_6c12f.dir/build.make CMakeFiles/cmTC_6c12f.dir/build
make[1]: Entering directory '/home/dhruv/RobotArm/WAMwkspc/build/cpp_common/CMakeFiles/CMakeTmp'
Building C object CMakeFiles/cmTC_6c12f.dir/CheckFunctionExists.c.o
/usr/bin/cc    -DCHECK_FUNCTION_EXISTS=pthread_create   -o CMakeFiles/cmTC_6c12f.dir/CheckFunctionExists.c.o   -c /usr/share/cmake-3.5/Modules/CheckFunctionExists.c
Linking C executable cmTC_6c12f
/usr/bin/cmake -E cmake_link_script CMakeFiles/cmTC_6c12f.dir/link.txt --verbose=1
/usr/bin/cc   -DCHECK_FUNCTION_EXISTS=pthread_create    CMakeFiles/cmTC_6c12f.dir/CheckFunctionExists.c.o  -o cmTC_6c12f -rdynamic -lpthreads 
/usr/bin/ld: cannot find -lpthreads
collect2: error: ld returned 1 exit status
CMakeFiles/cmTC_6c12f.dir/build.make:97: recipe for target 'cmTC_6c12f' failed
make[1]: *** [cmTC_6c12f] Error 1
make[1]: Leaving directory '/home/dhruv/RobotArm/WAMwkspc/build/cpp_common/CMakeFiles/CMakeTmp'
Makefile:126: recipe for target 'cmTC_6c12f/fast' failed
make: *** [cmTC_6c12f/fast] Error 2


Performing C++ SOURCE FILE Test HAVE_CXXABI_H failed with the following output:
Change Dir: /home/dhruv/RobotArm/WAMwkspc/build/cpp_common/CMakeFiles/CMakeTmp

Run Build Command:"/usr/bin/make" "cmTC_9cbdf/fast"
/usr/bin/make -f CMakeFiles/cmTC_9cbdf.dir/build.make CMakeFiles/cmTC_9cbdf.dir/build
make[1]: Entering directory '/home/dhruv/RobotArm/WAMwkspc/build/cpp_common/CMakeFiles/CMakeTmp'
Building CXX object CMakeFiles/cmTC_9cbdf.dir/src.cxx.o
/usr/bin/c++     -DHAVE_CXXABI_H   -o CMakeFiles/cmTC_9cbdf.dir/src.cxx.o -c /home/dhruv/RobotArm/WAMwkspc/build/cpp_common/CMakeFiles/CMakeTmp/src.cxx
/home/dhruv/RobotArm/WAMwkspc/build/cpp_common/CMakeFiles/CMakeTmp/src.cxx:2:8: error: expected constructor, destructor, or type conversion before ‘(’ token
 intmain(intargc,char**argv){}
        ^
CMakeFiles/cmTC_9cbdf.dir/build.make:65: recipe for target 'CMakeFiles/cmTC_9cbdf.dir/src.cxx.o' failed
make[1]: *** [CMakeFiles/cmTC_9cbdf.dir/src.cxx.o] Error 1
make[1]: Leaving directory '/home/dhruv/RobotArm/WAMwkspc/build/cpp_common/CMakeFiles/CMakeTmp'
Makefile:126: recipe for target 'cmTC_9cbdf/fast' failed
make: *** [cmTC_9cbdf/fast] Error 2

Source file was:
#include<cxxabi.h>
intmain(intargc,char**argv){}
