Determining if the pthread_create exist failed with the following output:
Change Dir: /home/dhruv/gitwkspc/RobotArm/wam_dir/build/wam_srvs/CMakeFiles/CMakeTmp

Run Build Command:"/usr/bin/make" "cmTC_40207/fast"
/usr/bin/make -f CMakeFiles/cmTC_40207.dir/build.make CMakeFiles/cmTC_40207.dir/build
make[1]: Entering directory '/home/dhruv/gitwkspc/RobotArm/wam_dir/build/wam_srvs/CMakeFiles/CMakeTmp'
Building C object CMakeFiles/cmTC_40207.dir/CheckSymbolExists.c.o
/usr/bin/cc    -o CMakeFiles/cmTC_40207.dir/CheckSymbolExists.c.o   -c /home/dhruv/gitwkspc/RobotArm/wam_dir/build/wam_srvs/CMakeFiles/CMakeTmp/CheckSymbolExists.c
Linking C executable cmTC_40207
/usr/bin/cmake -E cmake_link_script CMakeFiles/cmTC_40207.dir/link.txt --verbose=1
/usr/bin/cc      -rdynamic CMakeFiles/cmTC_40207.dir/CheckSymbolExists.c.o  -o cmTC_40207 
CMakeFiles/cmTC_40207.dir/CheckSymbolExists.c.o: In function `main':
CheckSymbolExists.c:(.text+0x1b): undefined reference to `pthread_create'
collect2: error: ld returned 1 exit status
CMakeFiles/cmTC_40207.dir/build.make:97: recipe for target 'cmTC_40207' failed
make[1]: *** [cmTC_40207] Error 1
make[1]: Leaving directory '/home/dhruv/gitwkspc/RobotArm/wam_dir/build/wam_srvs/CMakeFiles/CMakeTmp'
Makefile:126: recipe for target 'cmTC_40207/fast' failed
make: *** [cmTC_40207/fast] Error 2

File /home/dhruv/gitwkspc/RobotArm/wam_dir/build/wam_srvs/CMakeFiles/CMakeTmp/CheckSymbolExists.c:
/* */
#include <pthread.h>

int main(int argc, char** argv)
{
  (void)argv;
#ifndef pthread_create
  return ((int*)(&pthread_create))[argc];
#else
  (void)argc;
  return 0;
#endif
}

Determining if the function pthread_create exists in the pthreads failed with the following output:
Change Dir: /home/dhruv/gitwkspc/RobotArm/wam_dir/build/wam_srvs/CMakeFiles/CMakeTmp

Run Build Command:"/usr/bin/make" "cmTC_5bf0e/fast"
/usr/bin/make -f CMakeFiles/cmTC_5bf0e.dir/build.make CMakeFiles/cmTC_5bf0e.dir/build
make[1]: Entering directory '/home/dhruv/gitwkspc/RobotArm/wam_dir/build/wam_srvs/CMakeFiles/CMakeTmp'
Building C object CMakeFiles/cmTC_5bf0e.dir/CheckFunctionExists.c.o
/usr/bin/cc   -DCHECK_FUNCTION_EXISTS=pthread_create   -o CMakeFiles/cmTC_5bf0e.dir/CheckFunctionExists.c.o   -c /usr/share/cmake-3.10/Modules/CheckFunctionExists.c
Linking C executable cmTC_5bf0e
/usr/bin/cmake -E cmake_link_script CMakeFiles/cmTC_5bf0e.dir/link.txt --verbose=1
/usr/bin/cc  -DCHECK_FUNCTION_EXISTS=pthread_create    -rdynamic CMakeFiles/cmTC_5bf0e.dir/CheckFunctionExists.c.o  -o cmTC_5bf0e -lpthreads 
/usr/bin/ld: cannot find -lpthreads
collect2: error: ld returned 1 exit status
CMakeFiles/cmTC_5bf0e.dir/build.make:97: recipe for target 'cmTC_5bf0e' failed
make[1]: *** [cmTC_5bf0e] Error 1
make[1]: Leaving directory '/home/dhruv/gitwkspc/RobotArm/wam_dir/build/wam_srvs/CMakeFiles/CMakeTmp'
Makefile:126: recipe for target 'cmTC_5bf0e/fast' failed
make: *** [cmTC_5bf0e/fast] Error 2


