Determining if the pthread_create exist failed with the following output:
Change Dir: /home/dhruv/RobotArm/WAMwkspc/build/message_generation/CMakeFiles/CMakeTmp

Run Build Command:"/usr/bin/make" "cmTC_db947/fast"
/usr/bin/make -f CMakeFiles/cmTC_db947.dir/build.make CMakeFiles/cmTC_db947.dir/build
make[1]: Entering directory '/home/dhruv/RobotArm/WAMwkspc/build/message_generation/CMakeFiles/CMakeTmp'
Building C object CMakeFiles/cmTC_db947.dir/CheckSymbolExists.c.o
/usr/bin/cc     -o CMakeFiles/cmTC_db947.dir/CheckSymbolExists.c.o   -c /home/dhruv/RobotArm/WAMwkspc/build/message_generation/CMakeFiles/CMakeTmp/CheckSymbolExists.c
Linking C executable cmTC_db947
/usr/bin/cmake -E cmake_link_script CMakeFiles/cmTC_db947.dir/link.txt --verbose=1
/usr/bin/cc       CMakeFiles/cmTC_db947.dir/CheckSymbolExists.c.o  -o cmTC_db947 -rdynamic 
CMakeFiles/cmTC_db947.dir/CheckSymbolExists.c.o: In function `main':
CheckSymbolExists.c:(.text+0x16): undefined reference to `pthread_create'
collect2: error: ld returned 1 exit status
CMakeFiles/cmTC_db947.dir/build.make:97: recipe for target 'cmTC_db947' failed
make[1]: *** [cmTC_db947] Error 1
make[1]: Leaving directory '/home/dhruv/RobotArm/WAMwkspc/build/message_generation/CMakeFiles/CMakeTmp'
Makefile:126: recipe for target 'cmTC_db947/fast' failed
make: *** [cmTC_db947/fast] Error 2

File /home/dhruv/RobotArm/WAMwkspc/build/message_generation/CMakeFiles/CMakeTmp/CheckSymbolExists.c:
/* */
#include <pthread.h>

int main(int argc, char** argv)
{
  (void)argv;
#ifndef pthread_create
  return ((int*)(&pthread_create))[argc];
#else
  (void)argc;
  return 0;
#endif
}

Determining if the function pthread_create exists in the pthreads failed with the following output:
Change Dir: /home/dhruv/RobotArm/WAMwkspc/build/message_generation/CMakeFiles/CMakeTmp

Run Build Command:"/usr/bin/make" "cmTC_d917e/fast"
/usr/bin/make -f CMakeFiles/cmTC_d917e.dir/build.make CMakeFiles/cmTC_d917e.dir/build
make[1]: Entering directory '/home/dhruv/RobotArm/WAMwkspc/build/message_generation/CMakeFiles/CMakeTmp'
Building C object CMakeFiles/cmTC_d917e.dir/CheckFunctionExists.c.o
/usr/bin/cc    -DCHECK_FUNCTION_EXISTS=pthread_create   -o CMakeFiles/cmTC_d917e.dir/CheckFunctionExists.c.o   -c /usr/share/cmake-3.5/Modules/CheckFunctionExists.c
Linking C executable cmTC_d917e
/usr/bin/cmake -E cmake_link_script CMakeFiles/cmTC_d917e.dir/link.txt --verbose=1
/usr/bin/cc   -DCHECK_FUNCTION_EXISTS=pthread_create    CMakeFiles/cmTC_d917e.dir/CheckFunctionExists.c.o  -o cmTC_d917e -rdynamic -lpthreads 
/usr/bin/ld: cannot find -lpthreads
collect2: error: ld returned 1 exit status
CMakeFiles/cmTC_d917e.dir/build.make:97: recipe for target 'cmTC_d917e' failed
make[1]: *** [cmTC_d917e] Error 1
make[1]: Leaving directory '/home/dhruv/RobotArm/WAMwkspc/build/message_generation/CMakeFiles/CMakeTmp'
Makefile:126: recipe for target 'cmTC_d917e/fast' failed
make: *** [cmTC_d917e/fast] Error 2


