Determining if the pthread_create exist failed with the following output:
Change Dir: /home/dhruv/RobotArm/WAMwkspc/build/gencpp/CMakeFiles/CMakeTmp

Run Build Command:"/usr/bin/make" "cmTC_6ba44/fast"
/usr/bin/make -f CMakeFiles/cmTC_6ba44.dir/build.make CMakeFiles/cmTC_6ba44.dir/build
make[1]: Entering directory '/home/dhruv/RobotArm/WAMwkspc/build/gencpp/CMakeFiles/CMakeTmp'
Building C object CMakeFiles/cmTC_6ba44.dir/CheckSymbolExists.c.o
/usr/bin/cc     -o CMakeFiles/cmTC_6ba44.dir/CheckSymbolExists.c.o   -c /home/dhruv/RobotArm/WAMwkspc/build/gencpp/CMakeFiles/CMakeTmp/CheckSymbolExists.c
Linking C executable cmTC_6ba44
/usr/bin/cmake -E cmake_link_script CMakeFiles/cmTC_6ba44.dir/link.txt --verbose=1
/usr/bin/cc       CMakeFiles/cmTC_6ba44.dir/CheckSymbolExists.c.o  -o cmTC_6ba44 -rdynamic 
CMakeFiles/cmTC_6ba44.dir/CheckSymbolExists.c.o: In function `main':
CheckSymbolExists.c:(.text+0x16): undefined reference to `pthread_create'
collect2: error: ld returned 1 exit status
CMakeFiles/cmTC_6ba44.dir/build.make:97: recipe for target 'cmTC_6ba44' failed
make[1]: *** [cmTC_6ba44] Error 1
make[1]: Leaving directory '/home/dhruv/RobotArm/WAMwkspc/build/gencpp/CMakeFiles/CMakeTmp'
Makefile:126: recipe for target 'cmTC_6ba44/fast' failed
make: *** [cmTC_6ba44/fast] Error 2

File /home/dhruv/RobotArm/WAMwkspc/build/gencpp/CMakeFiles/CMakeTmp/CheckSymbolExists.c:
/* */
#include <pthread.h>

int main(int argc, char** argv)
{
  (void)argv;
#ifndef pthread_create
  return ((int*)(&pthread_create))[argc];
#else
  (void)argc;
  return 0;
#endif
}

Determining if the function pthread_create exists in the pthreads failed with the following output:
Change Dir: /home/dhruv/RobotArm/WAMwkspc/build/gencpp/CMakeFiles/CMakeTmp

Run Build Command:"/usr/bin/make" "cmTC_81d9a/fast"
/usr/bin/make -f CMakeFiles/cmTC_81d9a.dir/build.make CMakeFiles/cmTC_81d9a.dir/build
make[1]: Entering directory '/home/dhruv/RobotArm/WAMwkspc/build/gencpp/CMakeFiles/CMakeTmp'
Building C object CMakeFiles/cmTC_81d9a.dir/CheckFunctionExists.c.o
/usr/bin/cc    -DCHECK_FUNCTION_EXISTS=pthread_create   -o CMakeFiles/cmTC_81d9a.dir/CheckFunctionExists.c.o   -c /usr/share/cmake-3.5/Modules/CheckFunctionExists.c
Linking C executable cmTC_81d9a
/usr/bin/cmake -E cmake_link_script CMakeFiles/cmTC_81d9a.dir/link.txt --verbose=1
/usr/bin/cc   -DCHECK_FUNCTION_EXISTS=pthread_create    CMakeFiles/cmTC_81d9a.dir/CheckFunctionExists.c.o  -o cmTC_81d9a -rdynamic -lpthreads 
/usr/bin/ld: cannot find -lpthreads
collect2: error: ld returned 1 exit status
CMakeFiles/cmTC_81d9a.dir/build.make:97: recipe for target 'cmTC_81d9a' failed
make[1]: *** [cmTC_81d9a] Error 1
make[1]: Leaving directory '/home/dhruv/RobotArm/WAMwkspc/build/gencpp/CMakeFiles/CMakeTmp'
Makefile:126: recipe for target 'cmTC_81d9a/fast' failed
make: *** [cmTC_81d9a/fast] Error 2


