[35m[1mScanning dependencies of target _std_msgs_generate_messages_check_deps_Float32MultiArray[0m
[  0%] Built target _std_msgs_generate_messages_check_deps_Float32MultiArray
[35m[1mScanning dependencies of target _std_msgs_generate_messages_check_deps_UInt64MultiArray[0m
[  0%] Built target _std_msgs_generate_messages_check_deps_UInt64MultiArray
[35m[1mScanning dependencies of target _std_msgs_generate_messages_check_deps_Byte[0m
[  0%] Built target _std_msgs_generate_messages_check_deps_Byte
[35m[1mScanning dependencies of target _std_msgs_generate_messages_check_deps_UInt16[0m
[  0%] Built target _std_msgs_generate_messages_check_deps_UInt16
[35m[1mScanning dependencies of target _std_msgs_generate_messages_check_deps_Int32[0m
[  0%] Built target _std_msgs_generate_messages_check_deps_Int32
[35m[1mScanning dependencies of target _std_msgs_generate_messages_check_deps_Int64[0m
[  0%] Built target _std_msgs_generate_messages_check_deps_Int64
[35m[1mScanning dependencies of target _std_msgs_generate_messages_check_deps_Int8[0m
[  0%] Built target _std_msgs_generate_messages_check_deps_Int8
[35m[1mScanning dependencies of target _std_msgs_generate_messages_check_deps_UInt8[0m
[  0%] Built target _std_msgs_generate_messages_check_deps_UInt8
[35m[1mScanning dependencies of target _std_msgs_generate_messages_check_deps_Int16[0m
[  0%] Built target _std_msgs_generate_messages_check_deps_Int16
[35m[1mScanning dependencies of target _std_msgs_generate_messages_check_deps_UInt8MultiArray[0m
[  0%] Built target _std_msgs_generate_messages_check_deps_UInt8MultiArray
[35m[1mScanning dependencies of target _std_msgs_generate_messages_check_deps_UInt32[0m
[35m[1mScanning dependencies of target _std_msgs_generate_messages_check_deps_Empty[0m
[  0%] Built target _std_msgs_generate_messages_check_deps_UInt32
[  0%] Built target _std_msgs_generate_messages_check_deps_Empty
[35m[1mScanning dependencies of target _std_msgs_generate_messages_check_deps_ColorRGBA[0m
[35m[1mScanning dependencies of target _std_msgs_generate_messages_check_deps_MultiArrayLayout[0m
[  0%] Built target _std_msgs_generate_messages_check_deps_MultiArrayLayout
[  0%] Built target _std_msgs_generate_messages_check_deps_ColorRGBA
[35m[1mScanning dependencies of target _std_msgs_generate_messages_check_deps_Time[0m
[35m[1mScanning dependencies of target _std_msgs_generate_messages_check_deps_Int16MultiArray[0m
[  0%] Built target _std_msgs_generate_messages_check_deps_Time
[  0%] Built target _std_msgs_generate_messages_check_deps_Int16MultiArray
[35m[1mScanning dependencies of target _std_msgs_generate_messages_check_deps_Header[0m
[35m[1mScanning dependencies of target _std_msgs_generate_messages_check_deps_Bool[0m
[  0%] Built target _std_msgs_generate_messages_check_deps_Header
[  0%] Built target _std_msgs_generate_messages_check_deps_Bool
[35m[1mScanning dependencies of target _std_msgs_generate_messages_check_deps_UInt16MultiArray[0m
[35m[1mScanning dependencies of target _std_msgs_generate_messages_check_deps_Int64MultiArray[0m
[  0%] Built target _std_msgs_generate_messages_check_deps_UInt16MultiArray
[  0%] Built target _std_msgs_generate_messages_check_deps_Int64MultiArray
[35m[1mScanning dependencies of target _std_msgs_generate_messages_check_deps_Float64[0m
[35m[1mScanning dependencies of target _std_msgs_generate_messages_check_deps_UInt32MultiArray[0m
[  0%] Built target _std_msgs_generate_messages_check_deps_Float64
[35m[1mScanning dependencies of target _std_msgs_generate_messages_check_deps_ByteMultiArray[0m
[  0%] Built target _std_msgs_generate_messages_check_deps_UInt32MultiArray
[  0%] Built target _std_msgs_generate_messages_check_deps_ByteMultiArray
[35m[1mScanning dependencies of target _std_msgs_generate_messages_check_deps_MultiArrayDimension[0m
[35m[1mScanning dependencies of target _std_msgs_generate_messages_check_deps_Int8MultiArray[0m
[  0%] Built target _std_msgs_generate_messages_check_deps_Int8MultiArray
[  0%] Built target _std_msgs_generate_messages_check_deps_MultiArrayDimension
[35m[1mScanning dependencies of target _std_msgs_generate_messages_check_deps_Float32[0m
[35m[1mScanning dependencies of target _std_msgs_generate_messages_check_deps_Char[0m
[  0%] Built target _std_msgs_generate_messages_check_deps_Float32
[35m[1mScanning dependencies of target _std_msgs_generate_messages_check_deps_Float64MultiArray[0m
[  0%] Built target _std_msgs_generate_messages_check_deps_Char
[35m[1mScanning dependencies of target _std_msgs_generate_messages_check_deps_Int32MultiArray[0m
[35m[1mScanning dependencies of target _std_msgs_generate_messages_check_deps_UInt64[0m
[  0%] Built target _std_msgs_generate_messages_check_deps_Float64MultiArray
[  0%] Built target _std_msgs_generate_messages_check_deps_Int32MultiArray
[35m[1mScanning dependencies of target _std_msgs_generate_messages_check_deps_String[0m
[35m[1mScanning dependencies of target _std_msgs_generate_messages_check_deps_Duration[0m
[  0%] Built target _std_msgs_generate_messages_check_deps_UInt64
[  0%] Built target _std_msgs_generate_messages_check_deps_String
[  0%] Built target _std_msgs_generate_messages_check_deps_Duration
[35m[1mScanning dependencies of target std_msgs_generate_messages_py[0m
[35m[1mScanning dependencies of target std_msgs_generate_messages_nodejs[0m
[35m[1mScanning dependencies of target std_msgs_generate_messages_eus[0m
[  1%] [34m[1mGenerating Python from MSG std_msgs/Float64[0m
[  3%] [34m[1mGenerating EusLisp code from std_msgs/Float64.msg[0m
[  3%] [34m[1mGenerating Javascript code from std_msgs/Float64.msg[0m
[  3%] [34m[1mGenerating Javascript code from std_msgs/UInt16MultiArray.msg[0m
[  4%] [34m[1mGenerating EusLisp code from std_msgs/UInt16MultiArray.msg[0m
[  5%] [34m[1mGenerating Python from MSG std_msgs/UInt16MultiArray[0m
[  6%] [34m[1mGenerating Javascript code from std_msgs/Empty.msg[0m
[  6%] [34m[1mGenerating Javascript code from std_msgs/UInt8MultiArray.msg[0m
[  6%] [34m[1mGenerating EusLisp code from std_msgs/Empty.msg[0m
[  7%] [34m[1mGenerating Javascript code from std_msgs/Int16.msg[0m
[  7%] [34m[1mGenerating Python from MSG std_msgs/Empty[0m
[  7%] [34m[1mGenerating Javascript code from std_msgs/Int32.msg[0m
[  8%] [34m[1mGenerating EusLisp code from std_msgs/UInt8MultiArray.msg[0m
[  9%] [34m[1mGenerating Javascript code from std_msgs/Float32MultiArray.msg[0m
[ 10%] [34m[1mGenerating Python from MSG std_msgs/UInt8MultiArray[0m
[ 11%] [34m[1mGenerating Javascript code from std_msgs/Int16MultiArray.msg[0m
[ 11%] [34m[1mGenerating EusLisp code from std_msgs/Int16.msg[0m
[ 11%] [34m[1mGenerating Javascript code from std_msgs/Float32.msg[0m
[ 12%] [34m[1mGenerating EusLisp code from std_msgs/Int32.msg[0m
[ 12%] [34m[1mGenerating Python from MSG std_msgs/Int16[0m
[ 13%] [34m[1mGenerating Javascript code from std_msgs/UInt8.msg[0m
[ 13%] [34m[1mGenerating EusLisp code from std_msgs/Float32MultiArray.msg[0m
[ 13%] [34m[1mGenerating Javascript code from std_msgs/ColorRGBA.msg[0m
[ 14%] [34m[1mGenerating Python from MSG std_msgs/Int32[0m
[ 15%] [34m[1mGenerating Javascript code from std_msgs/Int64.msg[0m
[ 17%] [34m[1mGenerating EusLisp code from std_msgs/Int16MultiArray.msg[0m
[ 17%] [34m[1mGenerating Javascript code from std_msgs/Header.msg[0m
[ 17%] [34m[1mGenerating Python from MSG std_msgs/Float32MultiArray[0m
[ 18%] [34m[1mGenerating EusLisp code from std_msgs/Float32.msg[0m
[ 19%] [34m[1mGenerating Javascript code from std_msgs/Int8.msg[0m
[ 20%] [34m[1mGenerating Javascript code from std_msgs/UInt64MultiArray.msg[0m
[ 20%] [34m[1mGenerating EusLisp code from std_msgs/UInt8.msg[0m
[ 20%] [34m[1mGenerating Javascript code from std_msgs/UInt32.msg[0m
[ 21%] [34m[1mGenerating Python from MSG std_msgs/Int16MultiArray[0m
[ 22%] [34m[1mGenerating EusLisp code from std_msgs/ColorRGBA.msg[0m
[ 23%] [34m[1mGenerating Javascript code from std_msgs/Time.msg[0m
[ 23%] [34m[1mGenerating Javascript code from std_msgs/MultiArrayLayout.msg[0m
[ 24%] [34m[1mGenerating Python from MSG std_msgs/Float32[0m
[ 24%] [34m[1mGenerating EusLisp code from std_msgs/Int64.msg[0m
[ 25%] [34m[1mGenerating Javascript code from std_msgs/UInt32MultiArray.msg[0m
[ 26%] [34m[1mGenerating EusLisp code from std_msgs/Header.msg[0m
[ 26%] [34m[1mGenerating Python from MSG std_msgs/UInt8[0m
[ 26%] [34m[1mGenerating Javascript code from std_msgs/MultiArrayDimension.msg[0m
[ 27%] [34m[1mGenerating Javascript code from std_msgs/Int8MultiArray.msg[0m
[ 27%] [34m[1mGenerating EusLisp code from std_msgs/Int8.msg[0m
[ 28%] [34m[1mGenerating Javascript code from std_msgs/String.msg[0m
[ 29%] [34m[1mGenerating Python from MSG std_msgs/ColorRGBA[0m
[ 29%] [34m[1mGenerating Javascript code from std_msgs/Char.msg[0m
[ 30%] [34m[1mGenerating EusLisp code from std_msgs/UInt64MultiArray.msg[0m
[ 31%] [34m[1mGenerating Javascript code from std_msgs/Int64MultiArray.msg[0m
[ 31%] [34m[1mGenerating Python from MSG std_msgs/Int64[0m
[ 32%] [34m[1mGenerating EusLisp code from std_msgs/UInt32.msg[0m
[ 32%] [34m[1mGenerating Javascript code from std_msgs/Byte.msg[0m
[ 34%] [34m[1mGenerating Javascript code from std_msgs/UInt16.msg[0m
[ 35%] [34m[1mGenerating Python from MSG std_msgs/Header[0m
[ 35%] [34m[1mGenerating EusLisp code from std_msgs/Time.msg[0m
[ 36%] [34m[1mGenerating Javascript code from std_msgs/Float64MultiArray.msg[0m
[ 36%] [34m[1mGenerating Javascript code from std_msgs/ByteMultiArray.msg[0m
[ 37%] [34m[1mGenerating EusLisp code from std_msgs/MultiArrayLayout.msg[0m
[ 38%] [34m[1mGenerating Python from MSG std_msgs/Int8[0m
[ 39%] [34m[1mGenerating Javascript code from std_msgs/Bool.msg[0m
[ 39%] [34m[1mGenerating Javascript code from std_msgs/Int32MultiArray.msg[0m
[ 39%] [34m[1mGenerating EusLisp code from std_msgs/UInt32MultiArray.msg[0m
[ 39%] [34m[1mGenerating Python from MSG std_msgs/UInt64MultiArray[0m
[ 40%] [34m[1mGenerating Javascript code from std_msgs/UInt64.msg[0m
[ 41%] [34m[1mGenerating EusLisp code from std_msgs/MultiArrayDimension.msg[0m
[ 41%] [34m[1mGenerating Javascript code from std_msgs/Duration.msg[0m
[ 42%] [34m[1mGenerating Python from MSG std_msgs/UInt32[0m
[ 42%] Built target std_msgs_generate_messages_nodejs
[35m[1mScanning dependencies of target std_msgs_generate_messages_lisp[0m
[ 42%] [34m[1mGenerating EusLisp code from std_msgs/Int8MultiArray.msg[0m
[ 43%] [34m[1mGenerating Lisp code from std_msgs/Float64.msg[0m
[ 44%] [34m[1mGenerating Lisp code from std_msgs/UInt16MultiArray.msg[0m
[ 44%] [34m[1mGenerating Python from MSG std_msgs/Time[0m
[ 45%] [34m[1mGenerating EusLisp code from std_msgs/String.msg[0m
[ 45%] [34m[1mGenerating Lisp code from std_msgs/Empty.msg[0m
[ 46%] [34m[1mGenerating Lisp code from std_msgs/UInt8MultiArray.msg[0m
[ 47%] [34m[1mGenerating EusLisp code from std_msgs/Char.msg[0m
[ 48%] [34m[1mGenerating Python from MSG std_msgs/MultiArrayLayout[0m
[ 48%] [34m[1mGenerating Lisp code from std_msgs/Int16.msg[0m
[ 48%] [34m[1mGenerating EusLisp code from std_msgs/Int64MultiArray.msg[0m
[ 50%] [34m[1mGenerating Lisp code from std_msgs/Int32.msg[0m
[ 50%] [34m[1mGenerating Python from MSG std_msgs/UInt32MultiArray[0m
[ 50%] [34m[1mGenerating Lisp code from std_msgs/Float32MultiArray.msg[0m
[ 51%] [34m[1mGenerating EusLisp code from std_msgs/Byte.msg[0m
[ 52%] [34m[1mGenerating Lisp code from std_msgs/Int16MultiArray.msg[0m
[ 53%] [34m[1mGenerating Python from MSG std_msgs/MultiArrayDimension[0m
[ 54%] [34m[1mGenerating Lisp code from std_msgs/Float32.msg[0m
[ 54%] [34m[1mGenerating EusLisp code from std_msgs/UInt16.msg[0m
[ 54%] [34m[1mGenerating Lisp code from std_msgs/UInt8.msg[0m
[ 55%] [34m[1mGenerating Python from MSG std_msgs/Int8MultiArray[0m
[ 56%] [34m[1mGenerating EusLisp code from std_msgs/Float64MultiArray.msg[0m
[ 57%] [34m[1mGenerating Lisp code from std_msgs/ColorRGBA.msg[0m
[ 58%] [34m[1mGenerating EusLisp code from std_msgs/ByteMultiArray.msg[0m
[ 58%] [34m[1mGenerating Python from MSG std_msgs/String[0m
[ 58%] [34m[1mGenerating Lisp code from std_msgs/Int64.msg[0m
[ 59%] [34m[1mGenerating Lisp code from std_msgs/Header.msg[0m
[ 59%] [34m[1mGenerating EusLisp code from std_msgs/Bool.msg[0m
[ 60%] [34m[1mGenerating Lisp code from std_msgs/Int8.msg[0m
[ 61%] [34m[1mGenerating Python from MSG std_msgs/Char[0m
[ 62%] [34m[1mGenerating EusLisp code from std_msgs/Int32MultiArray.msg[0m
[ 62%] [34m[1mGenerating Lisp code from std_msgs/UInt64MultiArray.msg[0m
[ 63%] [34m[1mGenerating Lisp code from std_msgs/UInt32.msg[0m
[ 63%] [34m[1mGenerating Python from MSG std_msgs/Int64MultiArray[0m
[ 63%] [34m[1mGenerating EusLisp code from std_msgs/UInt64.msg[0m
[ 63%] [34m[1mGenerating Lisp code from std_msgs/Time.msg[0m
[ 64%] [34m[1mGenerating Lisp code from std_msgs/MultiArrayLayout.msg[0m
[ 65%] [34m[1mGenerating EusLisp code from std_msgs/Duration.msg[0m
[ 67%] [34m[1mGenerating Python from MSG std_msgs/Byte[0m
[ 67%] [34m[1mGenerating Lisp code from std_msgs/UInt32MultiArray.msg[0m
[ 68%] [34m[1mGenerating Lisp code from std_msgs/MultiArrayDimension.msg[0m
[ 68%] [34m[1mGenerating EusLisp manifest code for std_msgs[0m
[ 68%] [34m[1mGenerating Python from MSG std_msgs/UInt16[0m
[ 69%] [34m[1mGenerating Lisp code from std_msgs/Int8MultiArray.msg[0m
[ 69%] [34m[1mGenerating Lisp code from std_msgs/String.msg[0m
[ 70%] [34m[1mGenerating Python from MSG std_msgs/Float64MultiArray[0m
[ 71%] [34m[1mGenerating Lisp code from std_msgs/Char.msg[0m
[ 71%] [34m[1mGenerating Lisp code from std_msgs/Int64MultiArray.msg[0m
[ 72%] [34m[1mGenerating Python from MSG std_msgs/ByteMultiArray[0m
[ 73%] [34m[1mGenerating Lisp code from std_msgs/Byte.msg[0m
[ 73%] [34m[1mGenerating Lisp code from std_msgs/UInt16.msg[0m
[ 73%] [34m[1mGenerating Python from MSG std_msgs/Bool[0m
[ 74%] [34m[1mGenerating Lisp code from std_msgs/Float64MultiArray.msg[0m
[ 75%] [34m[1mGenerating Lisp code from std_msgs/ByteMultiArray.msg[0m
[ 76%] [34m[1mGenerating Python from MSG std_msgs/Int32MultiArray[0m
[ 76%] [34m[1mGenerating Lisp code from std_msgs/Bool.msg[0m
[ 77%] [34m[1mGenerating Lisp code from std_msgs/Int32MultiArray.msg[0m
[ 77%] [34m[1mGenerating Python from MSG std_msgs/UInt64[0m
[ 77%] [34m[1mGenerating Lisp code from std_msgs/UInt64.msg[0m
[ 78%] [34m[1mGenerating Lisp code from std_msgs/Duration.msg[0m
[ 79%] [34m[1mGenerating Python from MSG std_msgs/Duration[0m
[ 79%] Built target std_msgs_generate_messages_eus
[35m[1mScanning dependencies of target std_msgs_generate_messages_cpp[0m
[ 79%] Built target std_msgs_generate_messages_lisp
[ 79%] [34m[1mGenerating C++ code from std_msgs/Float64.msg[0m
[ 80%] [34m[1mGenerating C++ code from std_msgs/UInt16MultiArray.msg[0m
Traceback (most recent call last):
  File "/home/dhruv/RobotArm/WAMwkspc/src/gencpp/scripts/gen_cpp.py", line 41, in <module>
    import genmsg.template_tools
  File "/home/dhruv/RobotArm/WAMwkspc/src/genmsg/src/genmsg/template_tools.py", line 39, in <module>
    import em
ImportError: No module named em
CMakeFiles/std_msgs_generate_messages_cpp.dir/build.make:93: recipe for target '/home/dhruv/RobotArm/WAMwkspc/devel/.private/std_msgs/include/std_msgs/Float64.h' failed
make[2]: *** [/home/dhruv/RobotArm/WAMwkspc/devel/.private/std_msgs/include/std_msgs/Float64.h] Error 1
make[2]: *** Waiting for unfinished jobs....
Traceback (most recent call last):
  File "/home/dhruv/RobotArm/WAMwkspc/src/gencpp/scripts/gen_cpp.py", line 41, in <module>
    import genmsg.template_tools
  File "/home/dhruv/RobotArm/WAMwkspc/src/genmsg/src/genmsg/template_tools.py", line 39, in <module>
    import em
ImportError: No module named em
CMakeFiles/std_msgs_generate_messages_cpp.dir/build.make:101: recipe for target '/home/dhruv/RobotArm/WAMwkspc/devel/.private/std_msgs/include/std_msgs/UInt16MultiArray.h' failed
make[2]: *** [/home/dhruv/RobotArm/WAMwkspc/devel/.private/std_msgs/include/std_msgs/UInt16MultiArray.h] Error 1
CMakeFiles/Makefile2:1512: recipe for target 'CMakeFiles/std_msgs_generate_messages_cpp.dir/all' failed
make[1]: *** [CMakeFiles/std_msgs_generate_messages_cpp.dir/all] Error 2
make[1]: *** Waiting for unfinished jobs....
[ 81%] [34m[1mGenerating Python msg __init__.py for std_msgs[0m
[ 81%] Built target std_msgs_generate_messages_py
Makefile:138: recipe for target 'all' failed
make: *** [all] Error 2
