Determining if the pthread_create exist failed with the following output:
Change Dir: /home/dhruv/gitwkspc/RobotArm/wam_dir/build/wam_common/CMakeFiles/CMakeTmp

Run Build Command:"/usr/bin/make" "cmTC_b485d/fast"
/usr/bin/make -f CMakeFiles/cmTC_b485d.dir/build.make CMakeFiles/cmTC_b485d.dir/build
make[1]: Entering directory '/home/dhruv/gitwkspc/RobotArm/wam_dir/build/wam_common/CMakeFiles/CMakeTmp'
Building C object CMakeFiles/cmTC_b485d.dir/CheckSymbolExists.c.o
/usr/bin/cc    -o CMakeFiles/cmTC_b485d.dir/CheckSymbolExists.c.o   -c /home/dhruv/gitwkspc/RobotArm/wam_dir/build/wam_common/CMakeFiles/CMakeTmp/CheckSymbolExists.c
Linking C executable cmTC_b485d
/usr/bin/cmake -E cmake_link_script CMakeFiles/cmTC_b485d.dir/link.txt --verbose=1
/usr/bin/cc      -rdynamic CMakeFiles/cmTC_b485d.dir/CheckSymbolExists.c.o  -o cmTC_b485d 
CMakeFiles/cmTC_b485d.dir/CheckSymbolExists.c.o: In function `main':
CheckSymbolExists.c:(.text+0x1b): undefined reference to `pthread_create'
collect2: error: ld returned 1 exit status
CMakeFiles/cmTC_b485d.dir/build.make:97: recipe for target 'cmTC_b485d' failed
make[1]: *** [cmTC_b485d] Error 1
make[1]: Leaving directory '/home/dhruv/gitwkspc/RobotArm/wam_dir/build/wam_common/CMakeFiles/CMakeTmp'
Makefile:126: recipe for target 'cmTC_b485d/fast' failed
make: *** [cmTC_b485d/fast] Error 2

File /home/dhruv/gitwkspc/RobotArm/wam_dir/build/wam_common/CMakeFiles/CMakeTmp/CheckSymbolExists.c:
/* */
#include <pthread.h>

int main(int argc, char** argv)
{
  (void)argv;
#ifndef pthread_create
  return ((int*)(&pthread_create))[argc];
#else
  (void)argc;
  return 0;
#endif
}

Determining if the function pthread_create exists in the pthreads failed with the following output:
Change Dir: /home/dhruv/gitwkspc/RobotArm/wam_dir/build/wam_common/CMakeFiles/CMakeTmp

Run Build Command:"/usr/bin/make" "cmTC_2f934/fast"
/usr/bin/make -f CMakeFiles/cmTC_2f934.dir/build.make CMakeFiles/cmTC_2f934.dir/build
make[1]: Entering directory '/home/dhruv/gitwkspc/RobotArm/wam_dir/build/wam_common/CMakeFiles/CMakeTmp'
Building C object CMakeFiles/cmTC_2f934.dir/CheckFunctionExists.c.o
/usr/bin/cc   -DCHECK_FUNCTION_EXISTS=pthread_create   -o CMakeFiles/cmTC_2f934.dir/CheckFunctionExists.c.o   -c /usr/share/cmake-3.10/Modules/CheckFunctionExists.c
Linking C executable cmTC_2f934
/usr/bin/cmake -E cmake_link_script CMakeFiles/cmTC_2f934.dir/link.txt --verbose=1
/usr/bin/cc  -DCHECK_FUNCTION_EXISTS=pthread_create    -rdynamic CMakeFiles/cmTC_2f934.dir/CheckFunctionExists.c.o  -o cmTC_2f934 -lpthreads 
/usr/bin/ld: cannot find -lpthreads
collect2: error: ld returned 1 exit status
CMakeFiles/cmTC_2f934.dir/build.make:97: recipe for target 'cmTC_2f934' failed
make[1]: *** [cmTC_2f934] Error 1
make[1]: Leaving directory '/home/dhruv/gitwkspc/RobotArm/wam_dir/build/wam_common/CMakeFiles/CMakeTmp'
Makefile:126: recipe for target 'cmTC_2f934/fast' failed
make: *** [cmTC_2f934/fast] Error 2


