Symlinking /home/dhruv/RobotArm/WAMwkspc/devel/./local_setup.sh
Symlinking /home/dhruv/RobotArm/WAMwkspc/devel/./setup.zsh
Symlinking /home/dhruv/RobotArm/WAMwkspc/devel/./local_setup.bash
Symlinking /home/dhruv/RobotArm/WAMwkspc/devel/./_setup_util.py
Symlinking /home/dhruv/RobotArm/WAMwkspc/devel/./env.sh
Symlinking /home/dhruv/RobotArm/WAMwkspc/devel/./local_setup.zsh
Symlinking /home/dhruv/RobotArm/WAMwkspc/devel/./setup.sh
Symlinking /home/dhruv/RobotArm/WAMwkspc/devel/./cmake.lock
Symlinking /home/dhruv/RobotArm/WAMwkspc/devel/./setup.bash
Symlinking /home/dhruv/RobotArm/WAMwkspc/devel/lib/pkgconfig/catkin.pc
Symlinking /home/dhruv/RobotArm/WAMwkspc/devel/lib/python2.7/dist-packages/catkin/__init__.py
Symlinking /home/dhruv/RobotArm/WAMwkspc/devel/etc/catkin/profile.d/05.catkin_make_isolated.bash
Symlinking /home/dhruv/RobotArm/WAMwkspc/devel/etc/catkin/profile.d/05.catkin_make.bash
Symlinking /home/dhruv/RobotArm/WAMwkspc/devel/share/catkin/cmake/catkinConfig-version.cmake
Symlinking /home/dhruv/RobotArm/WAMwkspc/devel/share/catkin/cmake/catkinConfig.cmake
Symlinking /home/dhruv/RobotArm/WAMwkspc/devel/bin/catkin_make
Symlinking /home/dhruv/RobotArm/WAMwkspc/devel/bin/catkin_test_results
Symlinking /home/dhruv/RobotArm/WAMwkspc/devel/bin/catkin_topological_order
Symlinking /home/dhruv/RobotArm/WAMwkspc/devel/bin/catkin_make_isolated
Symlinking /home/dhruv/RobotArm/WAMwkspc/devel/bin/cmake.lock
Symlinking /home/dhruv/RobotArm/WAMwkspc/devel/bin/catkin_find
Symlinking /home/dhruv/RobotArm/WAMwkspc/devel/bin/catkin_init_workspace
