Determining if the pthread_create exist failed with the following output:
Change Dir: /home/dhruv/RobotArm/WAMwkspc/build/roslib/CMakeFiles/CMakeTmp

Run Build Command:"/usr/bin/make" "cmTC_1b9bc/fast"
/usr/bin/make -f CMakeFiles/cmTC_1b9bc.dir/build.make CMakeFiles/cmTC_1b9bc.dir/build
make[1]: Entering directory '/home/dhruv/RobotArm/WAMwkspc/build/roslib/CMakeFiles/CMakeTmp'
Building C object CMakeFiles/cmTC_1b9bc.dir/CheckSymbolExists.c.o
/usr/bin/cc     -o CMakeFiles/cmTC_1b9bc.dir/CheckSymbolExists.c.o   -c /home/dhruv/RobotArm/WAMwkspc/build/roslib/CMakeFiles/CMakeTmp/CheckSymbolExists.c
Linking C executable cmTC_1b9bc
/usr/bin/cmake -E cmake_link_script CMakeFiles/cmTC_1b9bc.dir/link.txt --verbose=1
/usr/bin/cc       CMakeFiles/cmTC_1b9bc.dir/CheckSymbolExists.c.o  -o cmTC_1b9bc -rdynamic 
CMakeFiles/cmTC_1b9bc.dir/CheckSymbolExists.c.o: In function `main':
CheckSymbolExists.c:(.text+0x16): undefined reference to `pthread_create'
collect2: error: ld returned 1 exit status
CMakeFiles/cmTC_1b9bc.dir/build.make:97: recipe for target 'cmTC_1b9bc' failed
make[1]: *** [cmTC_1b9bc] Error 1
make[1]: Leaving directory '/home/dhruv/RobotArm/WAMwkspc/build/roslib/CMakeFiles/CMakeTmp'
Makefile:126: recipe for target 'cmTC_1b9bc/fast' failed
make: *** [cmTC_1b9bc/fast] Error 2

File /home/dhruv/RobotArm/WAMwkspc/build/roslib/CMakeFiles/CMakeTmp/CheckSymbolExists.c:
/* */
#include <pthread.h>

int main(int argc, char** argv)
{
  (void)argv;
#ifndef pthread_create
  return ((int*)(&pthread_create))[argc];
#else
  (void)argc;
  return 0;
#endif
}

Determining if the function pthread_create exists in the pthreads failed with the following output:
Change Dir: /home/dhruv/RobotArm/WAMwkspc/build/roslib/CMakeFiles/CMakeTmp

Run Build Command:"/usr/bin/make" "cmTC_680be/fast"
/usr/bin/make -f CMakeFiles/cmTC_680be.dir/build.make CMakeFiles/cmTC_680be.dir/build
make[1]: Entering directory '/home/dhruv/RobotArm/WAMwkspc/build/roslib/CMakeFiles/CMakeTmp'
Building C object CMakeFiles/cmTC_680be.dir/CheckFunctionExists.c.o
/usr/bin/cc    -DCHECK_FUNCTION_EXISTS=pthread_create   -o CMakeFiles/cmTC_680be.dir/CheckFunctionExists.c.o   -c /usr/share/cmake-3.5/Modules/CheckFunctionExists.c
Linking C executable cmTC_680be
/usr/bin/cmake -E cmake_link_script CMakeFiles/cmTC_680be.dir/link.txt --verbose=1
/usr/bin/cc   -DCHECK_FUNCTION_EXISTS=pthread_create    CMakeFiles/cmTC_680be.dir/CheckFunctionExists.c.o  -o cmTC_680be -rdynamic -lpthreads 
/usr/bin/ld: cannot find -lpthreads
collect2: error: ld returned 1 exit status
CMakeFiles/cmTC_680be.dir/build.make:97: recipe for target 'cmTC_680be' failed
make[1]: *** [cmTC_680be] Error 1
make[1]: Leaving directory '/home/dhruv/RobotArm/WAMwkspc/build/roslib/CMakeFiles/CMakeTmp'
Makefile:126: recipe for target 'cmTC_680be/fast' failed
make: *** [cmTC_680be/fast] Error 2


